<?xml version="1.0" encoding="UTF-8"?>
<coverage generated="1670143300553" clover="3.2.0">
  <project timestamp="1670143300554" name="All files">
    <metrics statements="2751" coveredstatements="0" conditionals="7192" coveredconditionals="0" methods="4658" coveredmethods="0" elements="14601" coveredelements="0" complexity="0" loc="2751" ncloc="2751" packages="57" files="516" classes="516"/>
    <package name="root">
      <metrics statements="1" coveredstatements="0" conditionals="0" coveredconditionals="0" methods="1" coveredmethods="0"/>
      <file name="logo.png" path="/logo.png">
        <metrics statements="1" coveredstatements="0" conditionals="0" coveredconditionals="0" methods="1" coveredmethods="0"/>
        <line num="1" count="0" type="stmt"/>
      </file>
    </package>
    <package name="root.home.mohammadhosseiniparto.Desktop.web-client.client..nuxt.dist.client._nuxt">
      <metrics statements="166" coveredstatements="0" conditionals="2637" coveredconditionals="0" methods="1624" coveredmethods="0"/>
      <file name="1.504441b3.js" path="/home/mohammadhosseiniparto/Desktop/web-client/client/.nuxt/dist/client/_nuxt/1.504441b3.js">
        <metrics statements="1" coveredstatements="0" conditionals="0" coveredconditionals="0" methods="2" coveredmethods="0"/>
        <line num="1" count="0" type="stmt"/>
      </file>
      <file name="ContentList.b75af88b.js" path="/home/mohammadhosseiniparto/Desktop/web-client/client/.nuxt/dist/client/_nuxt/ContentList.b75af88b.js">
        <metrics statements="1" coveredstatements="0" conditionals="25" coveredconditionals="0" methods="8" coveredmethods="0"/>
        <line num="1" count="0" type="cond" truecount="0" falsecount="25"/>
      </file>
      <file name="ContentSlot.6c8f713e.js" path="/home/mohammadhosseiniparto/Desktop/web-client/client/.nuxt/dist/client/_nuxt/ContentSlot.6c8f713e.js">
        <metrics statements="1" coveredstatements="0" conditionals="26" coveredconditionals="0" methods="5" coveredmethods="0"/>
        <line num="1" count="0" type="cond" truecount="0" falsecount="26"/>
      </file>
      <file name="DocumentDrivenEmpty.86c50e72.js" path="/home/mohammadhosseiniparto/Desktop/web-client/client/.nuxt/dist/client/_nuxt/DocumentDrivenEmpty.86c50e72.js">
        <metrics statements="1" coveredstatements="0" conditionals="0" coveredconditionals="0" methods="1" coveredmethods="0"/>
        <line num="1" count="0" type="stmt"/>
      </file>
      <file name="DocumentDrivenNotFound.7c5260d4.js" path="/home/mohammadhosseiniparto/Desktop/web-client/client/.nuxt/dist/client/_nuxt/DocumentDrivenNotFound.7c5260d4.js">
        <metrics statements="1" coveredstatements="0" conditionals="0" coveredconditionals="0" methods="1" coveredmethods="0"/>
        <line num="1" count="0" type="stmt"/>
      </file>
      <file name="Lazy.c84c6388.js" path="/home/mohammadhosseiniparto/Desktop/web-client/client/.nuxt/dist/client/_nuxt/Lazy.c84c6388.js">
        <metrics statements="1" coveredstatements="0" conditionals="956" coveredconditionals="0" methods="288" coveredmethods="0"/>
        <line num="5" count="0" type="cond" truecount="0" falsecount="956"/>
      </file>
      <file name="Markdown.9f117f14.js" path="/home/mohammadhosseiniparto/Desktop/web-client/client/.nuxt/dist/client/_nuxt/Markdown.9f117f14.js">
        <metrics statements="1" coveredstatements="0" conditionals="2" coveredconditionals="0" methods="2" coveredmethods="0"/>
        <line num="1" count="0" type="cond" truecount="0" falsecount="2"/>
      </file>
      <file name="ProseA.c3282917.js" path="/home/mohammadhosseiniparto/Desktop/web-client/client/.nuxt/dist/client/_nuxt/ProseA.c3282917.js">
        <metrics statements="1" coveredstatements="0" conditionals="0" coveredconditionals="0" methods="3" coveredmethods="0"/>
        <line num="1" count="0" type="stmt"/>
      </file>
      <file name="ProseBlockquote.13698973.js" path="/home/mohammadhosseiniparto/Desktop/web-client/client/.nuxt/dist/client/_nuxt/ProseBlockquote.13698973.js">
        <metrics statements="1" coveredstatements="0" conditionals="0" coveredconditionals="0" methods="1" coveredmethods="0"/>
        <line num="1" count="0" type="stmt"/>
      </file>
      <file name="ProseCode.834407d3.js" path="/home/mohammadhosseiniparto/Desktop/web-client/client/.nuxt/dist/client/_nuxt/ProseCode.834407d3.js">
        <metrics statements="1" coveredstatements="0" conditionals="0" coveredconditionals="0" methods="2" coveredmethods="0"/>
        <line num="1" count="0" type="stmt"/>
      </file>
      <file name="ProseCodeInline.ef27fe7a.js" path="/home/mohammadhosseiniparto/Desktop/web-client/client/.nuxt/dist/client/_nuxt/ProseCodeInline.ef27fe7a.js">
        <metrics statements="1" coveredstatements="0" conditionals="0" coveredconditionals="0" methods="1" coveredmethods="0"/>
        <line num="1" count="0" type="stmt"/>
      </file>
      <file name="ProseEm.ce5e16ff.js" path="/home/mohammadhosseiniparto/Desktop/web-client/client/.nuxt/dist/client/_nuxt/ProseEm.ce5e16ff.js">
        <metrics statements="1" coveredstatements="0" conditionals="0" coveredconditionals="0" methods="1" coveredmethods="0"/>
        <line num="1" count="0" type="stmt"/>
      </file>
      <file name="ProseH1.db4c9801.js" path="/home/mohammadhosseiniparto/Desktop/web-client/client/.nuxt/dist/client/_nuxt/ProseH1.db4c9801.js">
        <metrics statements="1" coveredstatements="0" conditionals="8" coveredconditionals="0" methods="2" coveredmethods="0"/>
        <line num="1" count="0" type="cond" truecount="0" falsecount="8"/>
      </file>
      <file name="ProseH2.00b7998c.js" path="/home/mohammadhosseiniparto/Desktop/web-client/client/.nuxt/dist/client/_nuxt/ProseH2.00b7998c.js">
        <metrics statements="1" coveredstatements="0" conditionals="8" coveredconditionals="0" methods="2" coveredmethods="0"/>
        <line num="1" count="0" type="cond" truecount="0" falsecount="8"/>
      </file>
      <file name="ProseH3.810c3a87.js" path="/home/mohammadhosseiniparto/Desktop/web-client/client/.nuxt/dist/client/_nuxt/ProseH3.810c3a87.js">
        <metrics statements="1" coveredstatements="0" conditionals="8" coveredconditionals="0" methods="2" coveredmethods="0"/>
        <line num="1" count="0" type="cond" truecount="0" falsecount="8"/>
      </file>
      <file name="ProseH4.0a976c27.js" path="/home/mohammadhosseiniparto/Desktop/web-client/client/.nuxt/dist/client/_nuxt/ProseH4.0a976c27.js">
        <metrics statements="1" coveredstatements="0" conditionals="8" coveredconditionals="0" methods="2" coveredmethods="0"/>
        <line num="1" count="0" type="cond" truecount="0" falsecount="8"/>
      </file>
      <file name="ProseH5.ea2f5c5f.js" path="/home/mohammadhosseiniparto/Desktop/web-client/client/.nuxt/dist/client/_nuxt/ProseH5.ea2f5c5f.js">
        <metrics statements="1" coveredstatements="0" conditionals="8" coveredconditionals="0" methods="2" coveredmethods="0"/>
        <line num="1" count="0" type="cond" truecount="0" falsecount="8"/>
      </file>
      <file name="ProseH6.c08f8e40.js" path="/home/mohammadhosseiniparto/Desktop/web-client/client/.nuxt/dist/client/_nuxt/ProseH6.c08f8e40.js">
        <metrics statements="1" coveredstatements="0" conditionals="8" coveredconditionals="0" methods="2" coveredmethods="0"/>
        <line num="1" count="0" type="cond" truecount="0" falsecount="8"/>
      </file>
      <file name="ProseHr.0d3b4765.js" path="/home/mohammadhosseiniparto/Desktop/web-client/client/.nuxt/dist/client/_nuxt/ProseHr.0d3b4765.js">
        <metrics statements="1" coveredstatements="0" conditionals="0" coveredconditionals="0" methods="1" coveredmethods="0"/>
        <line num="1" count="0" type="stmt"/>
      </file>
      <file name="ProseImg.df490e78.js" path="/home/mohammadhosseiniparto/Desktop/web-client/client/.nuxt/dist/client/_nuxt/ProseImg.df490e78.js">
        <metrics statements="1" coveredstatements="0" conditionals="0" coveredconditionals="0" methods="2" coveredmethods="0"/>
        <line num="1" count="0" type="stmt"/>
      </file>
      <file name="ProseLi.a4b21944.js" path="/home/mohammadhosseiniparto/Desktop/web-client/client/.nuxt/dist/client/_nuxt/ProseLi.a4b21944.js">
        <metrics statements="1" coveredstatements="0" conditionals="0" coveredconditionals="0" methods="1" coveredmethods="0"/>
        <line num="1" count="0" type="stmt"/>
      </file>
      <file name="ProseOl.29d4ba42.js" path="/home/mohammadhosseiniparto/Desktop/web-client/client/.nuxt/dist/client/_nuxt/ProseOl.29d4ba42.js">
        <metrics statements="1" coveredstatements="0" conditionals="0" coveredconditionals="0" methods="1" coveredmethods="0"/>
        <line num="1" count="0" type="stmt"/>
      </file>
      <file name="ProseP.707125cd.js" path="/home/mohammadhosseiniparto/Desktop/web-client/client/.nuxt/dist/client/_nuxt/ProseP.707125cd.js">
        <metrics statements="1" coveredstatements="0" conditionals="0" coveredconditionals="0" methods="1" coveredmethods="0"/>
        <line num="1" count="0" type="stmt"/>
      </file>
      <file name="ProseStrong.a7f0cdac.js" path="/home/mohammadhosseiniparto/Desktop/web-client/client/.nuxt/dist/client/_nuxt/ProseStrong.a7f0cdac.js">
        <metrics statements="1" coveredstatements="0" conditionals="0" coveredconditionals="0" methods="1" coveredmethods="0"/>
        <line num="1" count="0" type="stmt"/>
      </file>
      <file name="ProseTable.4783c696.js" path="/home/mohammadhosseiniparto/Desktop/web-client/client/.nuxt/dist/client/_nuxt/ProseTable.4783c696.js">
        <metrics statements="1" coveredstatements="0" conditionals="0" coveredconditionals="0" methods="1" coveredmethods="0"/>
        <line num="1" count="0" type="stmt"/>
      </file>
      <file name="ProseTbody.d0081179.js" path="/home/mohammadhosseiniparto/Desktop/web-client/client/.nuxt/dist/client/_nuxt/ProseTbody.d0081179.js">
        <metrics statements="1" coveredstatements="0" conditionals="0" coveredconditionals="0" methods="1" coveredmethods="0"/>
        <line num="1" count="0" type="stmt"/>
      </file>
      <file name="ProseTd.3de48528.js" path="/home/mohammadhosseiniparto/Desktop/web-client/client/.nuxt/dist/client/_nuxt/ProseTd.3de48528.js">
        <metrics statements="1" coveredstatements="0" conditionals="0" coveredconditionals="0" methods="1" coveredmethods="0"/>
        <line num="1" count="0" type="stmt"/>
      </file>
      <file name="ProseTh.3c2f17ed.js" path="/home/mohammadhosseiniparto/Desktop/web-client/client/.nuxt/dist/client/_nuxt/ProseTh.3c2f17ed.js">
        <metrics statements="1" coveredstatements="0" conditionals="0" coveredconditionals="0" methods="1" coveredmethods="0"/>
        <line num="1" count="0" type="stmt"/>
      </file>
      <file name="ProseThead.5c7adf28.js" path="/home/mohammadhosseiniparto/Desktop/web-client/client/.nuxt/dist/client/_nuxt/ProseThead.5c7adf28.js">
        <metrics statements="1" coveredstatements="0" conditionals="0" coveredconditionals="0" methods="1" coveredmethods="0"/>
        <line num="1" count="0" type="stmt"/>
      </file>
      <file name="ProseTr.83d34146.js" path="/home/mohammadhosseiniparto/Desktop/web-client/client/.nuxt/dist/client/_nuxt/ProseTr.83d34146.js">
        <metrics statements="1" coveredstatements="0" conditionals="0" coveredconditionals="0" methods="1" coveredmethods="0"/>
        <line num="1" count="0" type="stmt"/>
      </file>
      <file name="ProseUl.e0377452.js" path="/home/mohammadhosseiniparto/Desktop/web-client/client/.nuxt/dist/client/_nuxt/ProseUl.e0377452.js">
        <metrics statements="1" coveredstatements="0" conditionals="0" coveredconditionals="0" methods="1" coveredmethods="0"/>
        <line num="1" count="0" type="stmt"/>
      </file>
      <file name="_board_.74855fa2.js" path="/home/mohammadhosseiniparto/Desktop/web-client/client/.nuxt/dist/client/_nuxt/_board_.74855fa2.js">
        <metrics statements="1" coveredstatements="0" conditionals="2" coveredconditionals="0" methods="4" coveredmethods="0"/>
        <line num="1" count="0" type="cond" truecount="0" falsecount="2"/>
      </file>
      <file name="_id_.4604762f.js" path="/home/mohammadhosseiniparto/Desktop/web-client/client/.nuxt/dist/client/_nuxt/_id_.4604762f.js">
        <metrics statements="1" coveredstatements="0" conditionals="0" coveredconditionals="0" methods="1" coveredmethods="0"/>
        <line num="1" count="0" type="stmt"/>
      </file>
      <file name="_industry_.99a4d620.js" path="/home/mohammadhosseiniparto/Desktop/web-client/client/.nuxt/dist/client/_nuxt/_industry_.99a4d620.js">
        <metrics statements="1" coveredstatements="0" conditionals="2" coveredconditionals="0" methods="5" coveredmethods="0"/>
        <line num="1" count="0" type="cond" truecount="0" falsecount="2"/>
      </file>
      <file name="_messageId_.5217e2f1.js" path="/home/mohammadhosseiniparto/Desktop/web-client/client/.nuxt/dist/client/_nuxt/_messageId_.5217e2f1.js">
        <metrics statements="1" coveredstatements="0" conditionals="12" coveredconditionals="0" methods="6" coveredmethods="0"/>
        <line num="1" count="0" type="cond" truecount="0" falsecount="12"/>
      </file>
      <file name="_name_.8c4b5641.js" path="/home/mohammadhosseiniparto/Desktop/web-client/client/.nuxt/dist/client/_nuxt/_name_.8c4b5641.js">
        <metrics statements="1" coveredstatements="0" conditionals="10" coveredconditionals="0" methods="11" coveredmethods="0"/>
        <line num="1" count="0" type="cond" truecount="0" falsecount="10"/>
      </file>
      <file name="_slug_.08db9e54.js" path="/home/mohammadhosseiniparto/Desktop/web-client/client/.nuxt/dist/client/_nuxt/_slug_.08db9e54.js">
        <metrics statements="1" coveredstatements="0" conditionals="0" coveredconditionals="0" methods="1" coveredmethods="0"/>
        <line num="1" count="0" type="stmt"/>
      </file>
      <file name="_test_.e9d4eb98.js" path="/home/mohammadhosseiniparto/Desktop/web-client/client/.nuxt/dist/client/_nuxt/_test_.e9d4eb98.js">
        <metrics statements="1" coveredstatements="0" conditionals="2" coveredconditionals="0" methods="8" coveredmethods="0"/>
        <line num="1" count="0" type="cond" truecount="0" falsecount="2"/>
      </file>
      <file name="accountType.f8bd0779.js" path="/home/mohammadhosseiniparto/Desktop/web-client/client/.nuxt/dist/client/_nuxt/accountType.f8bd0779.js">
        <metrics statements="0" coveredstatements="0" conditionals="0" coveredconditionals="0" methods="0" coveredmethods="0"/>
      </file>
      <file name="accountType.vue_vue_type_script_setup_true_lang.f357ab01.js" path="/home/mohammadhosseiniparto/Desktop/web-client/client/.nuxt/dist/client/_nuxt/accountType.vue_vue_type_script_setup_true_lang.f357ab01.js">
        <metrics statements="1" coveredstatements="0" conditionals="0" coveredconditionals="0" methods="6" coveredmethods="0"/>
        <line num="1" count="0" type="stmt"/>
      </file>
      <file name="autoComplete.5fe1c8e1.js" path="/home/mohammadhosseiniparto/Desktop/web-client/client/.nuxt/dist/client/_nuxt/autoComplete.5fe1c8e1.js">
        <metrics statements="1" coveredstatements="0" conditionals="15" coveredconditionals="0" methods="9" coveredmethods="0"/>
        <line num="1" count="0" type="cond" truecount="0" falsecount="15"/>
      </file>
      <file name="badge.8d67f054.js" path="/home/mohammadhosseiniparto/Desktop/web-client/client/.nuxt/dist/client/_nuxt/badge.8d67f054.js">
        <metrics statements="1" coveredstatements="0" conditionals="0" coveredconditionals="0" methods="1" coveredmethods="0"/>
        <line num="1" count="0" type="stmt"/>
      </file>
      <file name="boardSelector.1317a903.js" path="/home/mohammadhosseiniparto/Desktop/web-client/client/.nuxt/dist/client/_nuxt/boardSelector.1317a903.js">
        <metrics statements="1" coveredstatements="0" conditionals="10" coveredconditionals="0" methods="24" coveredmethods="0"/>
        <line num="1" count="0" type="cond" truecount="0" falsecount="10"/>
      </file>
      <file name="brokerage.c26423d7.js" path="/home/mohammadhosseiniparto/Desktop/web-client/client/.nuxt/dist/client/_nuxt/brokerage.c26423d7.js">
        <metrics statements="1" coveredstatements="0" conditionals="0" coveredconditionals="0" methods="1" coveredmethods="0"/>
        <line num="1" count="0" type="stmt"/>
      </file>
      <file name="btn.4e09c6dd.js" path="/home/mohammadhosseiniparto/Desktop/web-client/client/.nuxt/dist/client/_nuxt/btn.4e09c6dd.js">
        <metrics statements="1" coveredstatements="0" conditionals="14" coveredconditionals="0" methods="8" coveredmethods="0"/>
        <line num="1" count="0" type="cond" truecount="0" falsecount="14"/>
      </file>
      <file name="calculator.d93406d7.js" path="/home/mohammadhosseiniparto/Desktop/web-client/client/.nuxt/dist/client/_nuxt/calculator.d93406d7.js">
        <metrics statements="1" coveredstatements="0" conditionals="52" coveredconditionals="0" methods="32" coveredmethods="0"/>
        <line num="1" count="0" type="cond" truecount="0" falsecount="52"/>
      </file>
      <file name="card.d9003777.js" path="/home/mohammadhosseiniparto/Desktop/web-client/client/.nuxt/dist/client/_nuxt/card.d9003777.js">
        <metrics statements="0" coveredstatements="0" conditionals="0" coveredconditionals="0" methods="0" coveredmethods="0"/>
      </file>
      <file name="card.vue_vue_type_script_setup_true_lang.4d4d795e.js" path="/home/mohammadhosseiniparto/Desktop/web-client/client/.nuxt/dist/client/_nuxt/card.vue_vue_type_script_setup_true_lang.4d4d795e.js">
        <metrics statements="1" coveredstatements="0" conditionals="6" coveredconditionals="0" methods="2" coveredmethods="0"/>
        <line num="1" count="0" type="cond" truecount="0" falsecount="6"/>
      </file>
      <file name="cardView.2d9d1c1b.js" path="/home/mohammadhosseiniparto/Desktop/web-client/client/.nuxt/dist/client/_nuxt/cardView.2d9d1c1b.js">
        <metrics statements="1" coveredstatements="0" conditionals="10" coveredconditionals="0" methods="21" coveredmethods="0"/>
        <line num="1" count="0" type="cond" truecount="0" falsecount="10"/>
      </file>
      <file name="client-db.81cf234e.js" path="/home/mohammadhosseiniparto/Desktop/web-client/client/.nuxt/dist/client/_nuxt/client-db.81cf234e.js">
        <metrics statements="1" coveredstatements="0" conditionals="236" coveredconditionals="0" methods="147" coveredmethods="0"/>
        <line num="1" count="0" type="cond" truecount="0" falsecount="236"/>
      </file>
      <file name="clock.fc7633f7.js" path="/home/mohammadhosseiniparto/Desktop/web-client/client/.nuxt/dist/client/_nuxt/clock.fc7633f7.js">
        <metrics statements="1" coveredstatements="0" conditionals="0" coveredconditionals="0" methods="3" coveredmethods="0"/>
        <line num="1" count="0" type="stmt"/>
      </file>
      <file name="col.b88d2233.js" path="/home/mohammadhosseiniparto/Desktop/web-client/client/.nuxt/dist/client/_nuxt/col.b88d2233.js">
        <metrics statements="1" coveredstatements="0" conditionals="0" coveredconditionals="0" methods="1" coveredmethods="0"/>
        <line num="1" count="0" type="stmt"/>
      </file>
      <file name="contentSlider.48534715.js" path="/home/mohammadhosseiniparto/Desktop/web-client/client/.nuxt/dist/client/_nuxt/contentSlider.48534715.js">
        <metrics statements="0" coveredstatements="0" conditionals="0" coveredconditionals="0" methods="0" coveredmethods="0"/>
      </file>
      <file name="contentSlider.vue_vue_type_script_setup_true_lang.29f9caad.js" path="/home/mohammadhosseiniparto/Desktop/web-client/client/.nuxt/dist/client/_nuxt/contentSlider.vue_vue_type_script_setup_true_lang.29f9caad.js">
        <metrics statements="1" coveredstatements="0" conditionals="6" coveredconditionals="0" methods="14" coveredmethods="0"/>
        <line num="1" count="0" type="cond" truecount="0" falsecount="6"/>
      </file>
      <file name="contentViewer.38c1f749.js" path="/home/mohammadhosseiniparto/Desktop/web-client/client/.nuxt/dist/client/_nuxt/contentViewer.38c1f749.js">
        <metrics statements="1" coveredstatements="0" conditionals="0" coveredconditionals="0" methods="3" coveredmethods="0"/>
        <line num="1" count="0" type="stmt"/>
      </file>
      <file name="credits.dc5ba04e.js" path="/home/mohammadhosseiniparto/Desktop/web-client/client/.nuxt/dist/client/_nuxt/credits.dc5ba04e.js">
        <metrics statements="1" coveredstatements="0" conditionals="0" coveredconditionals="0" methods="1" coveredmethods="0"/>
        <line num="1" count="0" type="stmt"/>
      </file>
      <file name="currencyField.cd2b0396.js" path="/home/mohammadhosseiniparto/Desktop/web-client/client/.nuxt/dist/client/_nuxt/currencyField.cd2b0396.js">
        <metrics statements="1" coveredstatements="0" conditionals="0" coveredconditionals="0" methods="2" coveredmethods="0"/>
        <line num="1" count="0" type="stmt"/>
      </file>
      <file name="currencyInput.05388aa9.js" path="/home/mohammadhosseiniparto/Desktop/web-client/client/.nuxt/dist/client/_nuxt/currencyInput.05388aa9.js">
        <metrics statements="0" coveredstatements="0" conditionals="0" coveredconditionals="0" methods="0" coveredmethods="0"/>
      </file>
      <file name="currencyInput.vue_vue_type_script_setup_true_lang.3fc79cc4.js" path="/home/mohammadhosseiniparto/Desktop/web-client/client/.nuxt/dist/client/_nuxt/currencyInput.vue_vue_type_script_setup_true_lang.3fc79cc4.js">
        <metrics statements="1" coveredstatements="0" conditionals="18" coveredconditionals="0" methods="10" coveredmethods="0"/>
        <line num="1" count="0" type="cond" truecount="0" falsecount="18"/>
      </file>
      <file name="default.5fd43e31.js" path="/home/mohammadhosseiniparto/Desktop/web-client/client/.nuxt/dist/client/_nuxt/default.5fd43e31.js">
        <metrics statements="1" coveredstatements="0" conditionals="4" coveredconditionals="0" methods="7" coveredmethods="0"/>
        <line num="1" count="0" type="cond" truecount="0" falsecount="4"/>
      </file>
      <file name="default.d81428bd.js" path="/home/mohammadhosseiniparto/Desktop/web-client/client/.nuxt/dist/client/_nuxt/default.d81428bd.js">
        <metrics statements="1" coveredstatements="0" conditionals="0" coveredconditionals="0" methods="1" coveredmethods="0"/>
        <line num="1" count="0" type="stmt"/>
      </file>
      <file name="deposit-report.3d50cb63.js" path="/home/mohammadhosseiniparto/Desktop/web-client/client/.nuxt/dist/client/_nuxt/deposit-report.3d50cb63.js">
        <metrics statements="1" coveredstatements="0" conditionals="8" coveredconditionals="0" methods="10" coveredmethods="0"/>
        <line num="1" count="0" type="cond" truecount="0" falsecount="8"/>
      </file>
      <file name="deposit.aefd7296.js" path="/home/mohammadhosseiniparto/Desktop/web-client/client/.nuxt/dist/client/_nuxt/deposit.aefd7296.js">
        <metrics statements="1" coveredstatements="0" conditionals="2" coveredconditionals="0" methods="10" coveredmethods="0"/>
        <line num="1" count="0" type="cond" truecount="0" falsecount="2"/>
      </file>
      <file name="depth.b967226a.js" path="/home/mohammadhosseiniparto/Desktop/web-client/client/.nuxt/dist/client/_nuxt/depth.b967226a.js">
        <metrics statements="1" coveredstatements="0" conditionals="0" coveredconditionals="0" methods="1" coveredmethods="0"/>
        <line num="1" count="0" type="stmt"/>
      </file>
      <file name="dialog.0c577872.js" path="/home/mohammadhosseiniparto/Desktop/web-client/client/.nuxt/dist/client/_nuxt/dialog.0c577872.js">
        <metrics statements="1" coveredstatements="0" conditionals="4" coveredconditionals="0" methods="4" coveredmethods="0"/>
        <line num="1" count="0" type="cond" truecount="0" falsecount="4"/>
      </file>
      <file name="directorate.1a84045f.js" path="/home/mohammadhosseiniparto/Desktop/web-client/client/.nuxt/dist/client/_nuxt/directorate.1a84045f.js">
        <metrics statements="1" coveredstatements="0" conditionals="0" coveredconditionals="0" methods="1" coveredmethods="0"/>
        <line num="1" count="0" type="stmt"/>
      </file>
      <file name="doubleBarChart.38440d67.js" path="/home/mohammadhosseiniparto/Desktop/web-client/client/.nuxt/dist/client/_nuxt/doubleBarChart.38440d67.js">
        <metrics statements="1" coveredstatements="0" conditionals="0" coveredconditionals="0" methods="2" coveredmethods="0"/>
        <line num="1" count="0" type="stmt"/>
      </file>
      <file name="error-404.03453aee.js" path="/home/mohammadhosseiniparto/Desktop/web-client/client/.nuxt/dist/client/_nuxt/error-404.03453aee.js">
        <metrics statements="1" coveredstatements="0" conditionals="0" coveredconditionals="0" methods="5" coveredmethods="0"/>
        <line num="1" count="0" type="stmt"/>
      </file>
      <file name="error-500.f3f18c2d.js" path="/home/mohammadhosseiniparto/Desktop/web-client/client/.nuxt/dist/client/_nuxt/error-500.f3f18c2d.js">
        <metrics statements="1" coveredstatements="0" conditionals="0" coveredconditionals="0" methods="4" coveredmethods="0"/>
        <line num="1" count="0" type="stmt"/>
      </file>
      <file name="fiveDay.15166e53.js" path="/home/mohammadhosseiniparto/Desktop/web-client/client/.nuxt/dist/client/_nuxt/fiveDay.15166e53.js">
        <metrics statements="1" coveredstatements="0" conditionals="0" coveredconditionals="0" methods="1" coveredmethods="0"/>
        <line num="1" count="0" type="stmt"/>
      </file>
      <file name="headerHandler.a40ff07a.js" path="/home/mohammadhosseiniparto/Desktop/web-client/client/.nuxt/dist/client/_nuxt/headerHandler.a40ff07a.js">
        <metrics statements="1" coveredstatements="0" conditionals="25" coveredconditionals="0" methods="12" coveredmethods="0"/>
        <line num="1" count="0" type="cond" truecount="0" falsecount="25"/>
      </file>
      <file name="headerSelector.97027fb4.js" path="/home/mohammadhosseiniparto/Desktop/web-client/client/.nuxt/dist/client/_nuxt/headerSelector.97027fb4.js">
        <metrics statements="1" coveredstatements="0" conditionals="4" coveredconditionals="0" methods="18" coveredmethods="0"/>
        <line num="1" count="0" type="cond" truecount="0" falsecount="4"/>
      </file>
      <file name="holdersCombination.210d6ce0.js" path="/home/mohammadhosseiniparto/Desktop/web-client/client/.nuxt/dist/client/_nuxt/holdersCombination.210d6ce0.js">
        <metrics statements="1" coveredstatements="0" conditionals="0" coveredconditionals="0" methods="1" coveredmethods="0"/>
        <line num="1" count="0" type="stmt"/>
      </file>
      <file name="holdersCompition.94c31591.js" path="/home/mohammadhosseiniparto/Desktop/web-client/client/.nuxt/dist/client/_nuxt/holdersCompition.94c31591.js">
        <metrics statements="1" coveredstatements="0" conditionals="0" coveredconditionals="0" methods="1" coveredmethods="0"/>
        <line num="1" count="0" type="stmt"/>
      </file>
      <file name="icon.16ed0b56.js" path="/home/mohammadhosseiniparto/Desktop/web-client/client/.nuxt/dist/client/_nuxt/icon.16ed0b56.js">
        <metrics statements="1" coveredstatements="0" conditionals="14" coveredconditionals="0" methods="6" coveredmethods="0"/>
        <line num="1" count="0" type="cond" truecount="0" falsecount="14"/>
      </file>
      <file name="index.1940b7d1.js" path="/home/mohammadhosseiniparto/Desktop/web-client/client/.nuxt/dist/client/_nuxt/index.1940b7d1.js">
        <metrics statements="1" coveredstatements="0" conditionals="0" coveredconditionals="0" methods="1" coveredmethods="0"/>
        <line num="1" count="0" type="stmt"/>
      </file>
      <file name="index.2bde9993.js" path="/home/mohammadhosseiniparto/Desktop/web-client/client/.nuxt/dist/client/_nuxt/index.2bde9993.js">
        <metrics statements="1" coveredstatements="0" conditionals="30" coveredconditionals="0" methods="39" coveredmethods="0"/>
        <line num="1" count="0" type="cond" truecount="0" falsecount="30"/>
      </file>
      <file name="index.53299adf.js" path="/home/mohammadhosseiniparto/Desktop/web-client/client/.nuxt/dist/client/_nuxt/index.53299adf.js">
        <metrics statements="1" coveredstatements="0" conditionals="4" coveredconditionals="0" methods="3" coveredmethods="0"/>
        <line num="1" count="0" type="cond" truecount="0" falsecount="4"/>
      </file>
      <file name="index.62dfbb04.js" path="/home/mohammadhosseiniparto/Desktop/web-client/client/.nuxt/dist/client/_nuxt/index.62dfbb04.js">
        <metrics statements="1" coveredstatements="0" conditionals="22" coveredconditionals="0" methods="33" coveredmethods="0"/>
        <line num="1" count="0" type="cond" truecount="0" falsecount="22"/>
      </file>
      <file name="index.62f190d2.js" path="/home/mohammadhosseiniparto/Desktop/web-client/client/.nuxt/dist/client/_nuxt/index.62f190d2.js">
        <metrics statements="1" coveredstatements="0" conditionals="254" coveredconditionals="0" methods="108" coveredmethods="0"/>
        <line num="1" count="0" type="cond" truecount="0" falsecount="254"/>
      </file>
      <file name="index.79486c70.js" path="/home/mohammadhosseiniparto/Desktop/web-client/client/.nuxt/dist/client/_nuxt/index.79486c70.js">
        <metrics statements="1" coveredstatements="0" conditionals="2" coveredconditionals="0" methods="5" coveredmethods="0"/>
        <line num="1" count="0" type="cond" truecount="0" falsecount="2"/>
      </file>
      <file name="index.8f0bc193.js" path="/home/mohammadhosseiniparto/Desktop/web-client/client/.nuxt/dist/client/_nuxt/index.8f0bc193.js">
        <metrics statements="1" coveredstatements="0" conditionals="0" coveredconditionals="0" methods="1" coveredmethods="0"/>
        <line num="1" count="0" type="stmt"/>
      </file>
      <file name="index.96509dde.js" path="/home/mohammadhosseiniparto/Desktop/web-client/client/.nuxt/dist/client/_nuxt/index.96509dde.js">
        <metrics statements="1" coveredstatements="0" conditionals="12" coveredconditionals="0" methods="20" coveredmethods="0"/>
        <line num="1" count="0" type="cond" truecount="0" falsecount="12"/>
      </file>
      <file name="index.9e2dcf13.js" path="/home/mohammadhosseiniparto/Desktop/web-client/client/.nuxt/dist/client/_nuxt/index.9e2dcf13.js">
        <metrics statements="1" coveredstatements="0" conditionals="0" coveredconditionals="0" methods="2" coveredmethods="0"/>
        <line num="1" count="0" type="stmt"/>
      </file>
      <file name="index.a657d874.js" path="/home/mohammadhosseiniparto/Desktop/web-client/client/.nuxt/dist/client/_nuxt/index.a657d874.js">
        <metrics statements="1" coveredstatements="0" conditionals="0" coveredconditionals="0" methods="1" coveredmethods="0"/>
        <line num="1" count="0" type="stmt"/>
      </file>
      <file name="index.a9185984.js" path="/home/mohammadhosseiniparto/Desktop/web-client/client/.nuxt/dist/client/_nuxt/index.a9185984.js">
        <metrics statements="1" coveredstatements="0" conditionals="0" coveredconditionals="0" methods="11" coveredmethods="0"/>
        <line num="1" count="0" type="stmt"/>
      </file>
      <file name="index.b63e41d6.js" path="/home/mohammadhosseiniparto/Desktop/web-client/client/.nuxt/dist/client/_nuxt/index.b63e41d6.js">
        <metrics statements="1" coveredstatements="0" conditionals="8" coveredconditionals="0" methods="7" coveredmethods="0"/>
        <line num="1" count="0" type="cond" truecount="0" falsecount="8"/>
      </file>
      <file name="index.b7151231.js" path="/home/mohammadhosseiniparto/Desktop/web-client/client/.nuxt/dist/client/_nuxt/index.b7151231.js">
        <metrics statements="1" coveredstatements="0" conditionals="8" coveredconditionals="0" methods="7" coveredmethods="0"/>
        <line num="1" count="0" type="cond" truecount="0" falsecount="8"/>
      </file>
      <file name="index.c69b692c.js" path="/home/mohammadhosseiniparto/Desktop/web-client/client/.nuxt/dist/client/_nuxt/index.c69b692c.js">
        <metrics statements="1" coveredstatements="0" conditionals="0" coveredconditionals="0" methods="3" coveredmethods="0"/>
        <line num="1" count="0" type="stmt"/>
      </file>
      <file name="index.c7c8e9cd.js" path="/home/mohammadhosseiniparto/Desktop/web-client/client/.nuxt/dist/client/_nuxt/index.c7c8e9cd.js">
        <metrics statements="1" coveredstatements="0" conditionals="2" coveredconditionals="0" methods="4" coveredmethods="0"/>
        <line num="1" count="0" type="cond" truecount="0" falsecount="2"/>
      </file>
      <file name="index.d8686335.js" path="/home/mohammadhosseiniparto/Desktop/web-client/client/.nuxt/dist/client/_nuxt/index.d8686335.js">
        <metrics statements="1" coveredstatements="0" conditionals="20" coveredconditionals="0" methods="29" coveredmethods="0"/>
        <line num="1" count="0" type="cond" truecount="0" falsecount="20"/>
      </file>
      <file name="index.dea1bc64.js" path="/home/mohammadhosseiniparto/Desktop/web-client/client/.nuxt/dist/client/_nuxt/index.dea1bc64.js">
        <metrics statements="1" coveredstatements="0" conditionals="44" coveredconditionals="0" methods="25" coveredmethods="0"/>
        <line num="1" count="0" type="cond" truecount="0" falsecount="44"/>
      </file>
      <file name="index.e5b17962.js" path="/home/mohammadhosseiniparto/Desktop/web-client/client/.nuxt/dist/client/_nuxt/index.e5b17962.js">
        <metrics statements="1" coveredstatements="0" conditionals="0" coveredconditionals="0" methods="3" coveredmethods="0"/>
        <line num="1" count="0" type="stmt"/>
      </file>
      <file name="industrySearch.5a3a1e89.js" path="/home/mohammadhosseiniparto/Desktop/web-client/client/.nuxt/dist/client/_nuxt/industrySearch.5a3a1e89.js">
        <metrics statements="0" coveredstatements="0" conditionals="0" coveredconditionals="0" methods="0" coveredmethods="0"/>
      </file>
      <file name="industrySearch.vue_vue_type_script_setup_true_lang.2d49650d.js" path="/home/mohammadhosseiniparto/Desktop/web-client/client/.nuxt/dist/client/_nuxt/industrySearch.vue_vue_type_script_setup_true_lang.2d49650d.js">
        <metrics statements="1" coveredstatements="0" conditionals="10" coveredconditionals="0" methods="14" coveredmethods="0"/>
        <line num="1" count="0" type="cond" truecount="0" falsecount="10"/>
      </file>
      <file name="input.b5ef4e9b.js" path="/home/mohammadhosseiniparto/Desktop/web-client/client/.nuxt/dist/client/_nuxt/input.b5ef4e9b.js">
        <metrics statements="1" coveredstatements="0" conditionals="33" coveredconditionals="0" methods="24" coveredmethods="0"/>
        <line num="1" count="0" type="cond" truecount="0" falsecount="33"/>
      </file>
      <file name="input.cd2a8343.js" path="/home/mohammadhosseiniparto/Desktop/web-client/client/.nuxt/dist/client/_nuxt/input.cd2a8343.js">
        <metrics statements="0" coveredstatements="0" conditionals="0" coveredconditionals="0" methods="0" coveredmethods="0"/>
      </file>
      <file name="input.vue_vue_type_script_setup_true_lang.e01123a5.js" path="/home/mohammadhosseiniparto/Desktop/web-client/client/.nuxt/dist/client/_nuxt/input.vue_vue_type_script_setup_true_lang.e01123a5.js">
        <metrics statements="1" coveredstatements="0" conditionals="12" coveredconditionals="0" methods="6" coveredmethods="0"/>
        <line num="1" count="0" type="cond" truecount="0" falsecount="12"/>
      </file>
      <file name="instrumentCard.798e501e.js" path="/home/mohammadhosseiniparto/Desktop/web-client/client/.nuxt/dist/client/_nuxt/instrumentCard.798e501e.js">
        <metrics statements="1" coveredstatements="0" conditionals="11" coveredconditionals="0" methods="8" coveredmethods="0"/>
        <line num="1" count="0" type="cond" truecount="0" falsecount="11"/>
      </file>
      <file name="instrumentCardCompact.dc97c972.js" path="/home/mohammadhosseiniparto/Desktop/web-client/client/.nuxt/dist/client/_nuxt/instrumentCardCompact.dc97c972.js">
        <metrics statements="1" coveredstatements="0" conditionals="6" coveredconditionals="0" methods="8" coveredmethods="0"/>
        <line num="1" count="0" type="cond" truecount="0" falsecount="6"/>
      </file>
      <file name="instrumentFlag.90cfaa53.js" path="/home/mohammadhosseiniparto/Desktop/web-client/client/.nuxt/dist/client/_nuxt/instrumentFlag.90cfaa53.js">
        <metrics statements="1" coveredstatements="0" conditionals="0" coveredconditionals="0" methods="1" coveredmethods="0"/>
        <line num="1" count="0" type="stmt"/>
      </file>
      <file name="instrumentFlag.vue_vue_type_script_lang.d12585e1.js" path="/home/mohammadhosseiniparto/Desktop/web-client/client/.nuxt/dist/client/_nuxt/instrumentFlag.vue_vue_type_script_lang.d12585e1.js">
        <metrics statements="1" coveredstatements="0" conditionals="0" coveredconditionals="0" methods="1" coveredmethods="0"/>
        <line num="1" count="0" type="stmt"/>
      </file>
      <file name="instrumentNotifications.c1312bdc.js" path="/home/mohammadhosseiniparto/Desktop/web-client/client/.nuxt/dist/client/_nuxt/instrumentNotifications.c1312bdc.js">
        <metrics statements="1" coveredstatements="0" conditionals="32" coveredconditionals="0" methods="11" coveredmethods="0"/>
        <line num="1" count="0" type="cond" truecount="0" falsecount="32"/>
      </file>
      <file name="instrumentSearch.de39fcf7.js" path="/home/mohammadhosseiniparto/Desktop/web-client/client/.nuxt/dist/client/_nuxt/instrumentSearch.de39fcf7.js">
        <metrics statements="0" coveredstatements="0" conditionals="0" coveredconditionals="0" methods="0" coveredmethods="0"/>
      </file>
      <file name="instrumentSearch.vue_vue_type_script_setup_true_lang.8be4c386.js" path="/home/mohammadhosseiniparto/Desktop/web-client/client/.nuxt/dist/client/_nuxt/instrumentSearch.vue_vue_type_script_setup_true_lang.8be4c386.js">
        <metrics statements="1" coveredstatements="0" conditionals="20" coveredconditionals="0" methods="13" coveredmethods="0"/>
        <line num="1" count="0" type="cond" truecount="0" falsecount="20"/>
      </file>
      <file name="item.9952c284.js" path="/home/mohammadhosseiniparto/Desktop/web-client/client/.nuxt/dist/client/_nuxt/item.9952c284.js">
        <metrics statements="1" coveredstatements="0" conditionals="26" coveredconditionals="0" methods="11" coveredmethods="0"/>
        <line num="1" count="0" type="cond" truecount="0" falsecount="26"/>
      </file>
      <file name="item.9dbbe768.js" path="/home/mohammadhosseiniparto/Desktop/web-client/client/.nuxt/dist/client/_nuxt/item.9dbbe768.js">
        <metrics statements="1" coveredstatements="0" conditionals="2" coveredconditionals="0" methods="2" coveredmethods="0"/>
        <line num="1" count="0" type="cond" truecount="0" falsecount="2"/>
      </file>
      <file name="lastPrice.a91cff3d.js" path="/home/mohammadhosseiniparto/Desktop/web-client/client/.nuxt/dist/client/_nuxt/lastPrice.a91cff3d.js">
        <metrics statements="1" coveredstatements="0" conditionals="4" coveredconditionals="0" methods="2" coveredmethods="0"/>
        <line num="1" count="0" type="cond" truecount="0" falsecount="4"/>
      </file>
      <file name="legalRealCard.21e682a4.js" path="/home/mohammadhosseiniparto/Desktop/web-client/client/.nuxt/dist/client/_nuxt/legalRealCard.21e682a4.js">
        <metrics statements="1" coveredstatements="0" conditionals="2" coveredconditionals="0" methods="4" coveredmethods="0"/>
        <line num="1" count="0" type="cond" truecount="0" falsecount="2"/>
      </file>
      <file name="loading.0437e562.js" path="/home/mohammadhosseiniparto/Desktop/web-client/client/.nuxt/dist/client/_nuxt/loading.0437e562.js">
        <metrics statements="1" coveredstatements="0" conditionals="0" coveredconditionals="0" methods="4" coveredmethods="0"/>
        <line num="1" count="0" type="stmt"/>
      </file>
      <file name="login.2c81aef5.js" path="/home/mohammadhosseiniparto/Desktop/web-client/client/.nuxt/dist/client/_nuxt/login.2c81aef5.js">
        <metrics statements="2" coveredstatements="0" conditionals="144" coveredconditionals="0" methods="48" coveredmethods="0"/>
        <line num="1" count="0" type="cond" truecount="0" falsecount="16"/>
        <line num="2" count="0" type="cond" truecount="0" falsecount="128"/>
      </file>
      <file name="menu.1329a962.js" path="/home/mohammadhosseiniparto/Desktop/web-client/client/.nuxt/dist/client/_nuxt/menu.1329a962.js">
        <metrics statements="1" coveredstatements="0" conditionals="12" coveredconditionals="0" methods="6" coveredmethods="0"/>
        <line num="1" count="0" type="cond" truecount="0" falsecount="12"/>
      </file>
      <file name="messageCaht.cc5b870c.js" path="/home/mohammadhosseiniparto/Desktop/web-client/client/.nuxt/dist/client/_nuxt/messageCaht.cc5b870c.js">
        <metrics statements="1" coveredstatements="0" conditionals="6" coveredconditionals="0" methods="14" coveredmethods="0"/>
        <line num="1" count="0" type="cond" truecount="0" falsecount="6"/>
      </file>
      <file name="messageItem.7c4da6dd.js" path="/home/mohammadhosseiniparto/Desktop/web-client/client/.nuxt/dist/client/_nuxt/messageItem.7c4da6dd.js">
        <metrics statements="1" coveredstatements="0" conditionals="26" coveredconditionals="0" methods="9" coveredmethods="0"/>
        <line num="1" count="0" type="cond" truecount="0" falsecount="26"/>
      </file>
      <file name="messageList.8d324d45.js" path="/home/mohammadhosseiniparto/Desktop/web-client/client/.nuxt/dist/client/_nuxt/messageList.8d324d45.js">
        <metrics statements="1" coveredstatements="0" conditionals="0" coveredconditionals="0" methods="1" coveredmethods="0"/>
        <line num="1" count="0" type="stmt"/>
      </file>
      <file name="messageList.vue_vue_type_style_index_0_scoped_d2cbf2dd_lang.c919e1ca.js" path="/home/mohammadhosseiniparto/Desktop/web-client/client/.nuxt/dist/client/_nuxt/messageList.vue_vue_type_style_index_0_scoped_d2cbf2dd_lang.c919e1ca.js">
        <metrics statements="1" coveredstatements="0" conditionals="0" coveredconditionals="0" methods="1" coveredmethods="0"/>
        <line num="1" count="0" type="stmt"/>
      </file>
      <file name="myGroups.15e703b1.js" path="/home/mohammadhosseiniparto/Desktop/web-client/client/.nuxt/dist/client/_nuxt/myGroups.15e703b1.js">
        <metrics statements="1" coveredstatements="0" conditionals="0" coveredconditionals="0" methods="1" coveredmethods="0"/>
        <line num="1" count="0" type="stmt"/>
      </file>
      <file name="nav.b350db1c.js" path="/home/mohammadhosseiniparto/Desktop/web-client/client/.nuxt/dist/client/_nuxt/nav.b350db1c.js">
        <metrics statements="1" coveredstatements="0" conditionals="8" coveredconditionals="0" methods="2" coveredmethods="0"/>
        <line num="1" count="0" type="cond" truecount="0" falsecount="8"/>
      </file>
      <file name="numericField.f5a06793.js" path="/home/mohammadhosseiniparto/Desktop/web-client/client/.nuxt/dist/client/_nuxt/numericField.f5a06793.js">
        <metrics statements="1" coveredstatements="0" conditionals="0" coveredconditionals="0" methods="2" coveredmethods="0"/>
        <line num="1" count="0" type="stmt"/>
      </file>
      <file name="orderQueueCard.68c47f73.js" path="/home/mohammadhosseiniparto/Desktop/web-client/client/.nuxt/dist/client/_nuxt/orderQueueCard.68c47f73.js">
        <metrics statements="1" coveredstatements="0" conditionals="8" coveredconditionals="0" methods="16" coveredmethods="0"/>
        <line num="1" count="0" type="cond" truecount="0" falsecount="8"/>
      </file>
      <file name="orders.188972ec.js" path="/home/mohammadhosseiniparto/Desktop/web-client/client/.nuxt/dist/client/_nuxt/orders.188972ec.js">
        <metrics statements="1" coveredstatements="0" conditionals="30" coveredconditionals="0" methods="25" coveredmethods="0"/>
        <line num="1" count="0" type="cond" truecount="0" falsecount="30"/>
      </file>
      <file name="otp.f1d72b6e.js" path="/home/mohammadhosseiniparto/Desktop/web-client/client/.nuxt/dist/client/_nuxt/otp.f1d72b6e.js">
        <metrics statements="1" coveredstatements="0" conditionals="14" coveredconditionals="0" methods="14" coveredmethods="0"/>
        <line num="1" count="0" type="cond" truecount="0" falsecount="14"/>
      </file>
      <file name="panels.04623ccc.js" path="/home/mohammadhosseiniparto/Desktop/web-client/client/.nuxt/dist/client/_nuxt/panels.04623ccc.js">
        <metrics statements="1" coveredstatements="0" conditionals="4" coveredconditionals="0" methods="2" coveredmethods="0"/>
        <line num="1" count="0" type="cond" truecount="0" falsecount="4"/>
      </file>
      <file name="papers.f777609e.js" path="/home/mohammadhosseiniparto/Desktop/web-client/client/.nuxt/dist/client/_nuxt/papers.f777609e.js">
        <metrics statements="1" coveredstatements="0" conditionals="0" coveredconditionals="0" methods="1" coveredmethods="0"/>
        <line num="1" count="0" type="stmt"/>
      </file>
      <file name="percent.0e7289c5.js" path="/home/mohammadhosseiniparto/Desktop/web-client/client/.nuxt/dist/client/_nuxt/percent.0e7289c5.js">
        <metrics statements="1" coveredstatements="0" conditionals="20" coveredconditionals="0" methods="13" coveredmethods="0"/>
        <line num="1" count="0" type="cond" truecount="0" falsecount="20"/>
      </file>
      <file name="percentField.e0ff2aa2.js" path="/home/mohammadhosseiniparto/Desktop/web-client/client/.nuxt/dist/client/_nuxt/percentField.e0ff2aa2.js">
        <metrics statements="1" coveredstatements="0" conditionals="0" coveredconditionals="0" methods="1" coveredmethods="0"/>
        <line num="1" count="0" type="stmt"/>
      </file>
      <file name="portfilio.0efb0589.js" path="/home/mohammadhosseiniparto/Desktop/web-client/client/.nuxt/dist/client/_nuxt/portfilio.0efb0589.js">
        <metrics statements="1" coveredstatements="0" conditionals="2" coveredconditionals="0" methods="6" coveredmethods="0"/>
        <line num="1" count="0" type="cond" truecount="0" falsecount="2"/>
      </file>
      <file name="presentation.1b0ab840.js" path="/home/mohammadhosseiniparto/Desktop/web-client/client/.nuxt/dist/client/_nuxt/presentation.1b0ab840.js">
        <metrics statements="1" coveredstatements="0" conditionals="0" coveredconditionals="0" methods="1" coveredmethods="0"/>
        <line num="1" count="0" type="stmt"/>
      </file>
      <file name="privateDefault.3fc024f5.js" path="/home/mohammadhosseiniparto/Desktop/web-client/client/.nuxt/dist/client/_nuxt/privateDefault.3fc024f5.js">
        <metrics statements="1" coveredstatements="0" conditionals="46" coveredconditionals="0" methods="40" coveredmethods="0"/>
        <line num="1" count="0" type="cond" truecount="0" falsecount="46"/>
      </file>
      <file name="profilePicture.d895c65e.js" path="/home/mohammadhosseiniparto/Desktop/web-client/client/.nuxt/dist/client/_nuxt/profilePicture.d895c65e.js">
        <metrics statements="1" coveredstatements="0" conditionals="2" coveredconditionals="0" methods="2" coveredmethods="0"/>
        <line num="1" count="0" type="cond" truecount="0" falsecount="2"/>
      </file>
      <file name="profilePicture.vue_vue_type_script_lang.0209d21f.js" path="/home/mohammadhosseiniparto/Desktop/web-client/client/.nuxt/dist/client/_nuxt/profilePicture.vue_vue_type_script_lang.0209d21f.js">
        <metrics statements="1" coveredstatements="0" conditionals="2" coveredconditionals="0" methods="2" coveredmethods="0"/>
        <line num="1" count="0" type="cond" truecount="0" falsecount="2"/>
      </file>
      <file name="profilePictureEditor.c8de4c71.js" path="/home/mohammadhosseiniparto/Desktop/web-client/client/.nuxt/dist/client/_nuxt/profilePictureEditor.c8de4c71.js">
        <metrics statements="1" coveredstatements="0" conditionals="6" coveredconditionals="0" methods="7" coveredmethods="0"/>
        <line num="1" count="0" type="cond" truecount="0" falsecount="6"/>
      </file>
      <file name="profileViewer.3aa7e35f.js" path="/home/mohammadhosseiniparto/Desktop/web-client/client/.nuxt/dist/client/_nuxt/profileViewer.3aa7e35f.js">
        <metrics statements="1" coveredstatements="0" conditionals="0" coveredconditionals="0" methods="1" coveredmethods="0"/>
        <line num="1" count="0" type="stmt"/>
      </file>
      <file name="profileViewer.vue_vue_type_script_lang.9303b66d.js" path="/home/mohammadhosseiniparto/Desktop/web-client/client/.nuxt/dist/client/_nuxt/profileViewer.vue_vue_type_script_lang.9303b66d.js">
        <metrics statements="1" coveredstatements="0" conditionals="0" coveredconditionals="0" methods="1" coveredmethods="0"/>
        <line num="1" count="0" type="stmt"/>
      </file>
      <file name="radioButton.a0e394ea.js" path="/home/mohammadhosseiniparto/Desktop/web-client/client/.nuxt/dist/client/_nuxt/radioButton.a0e394ea.js">
        <metrics statements="1" coveredstatements="0" conditionals="4" coveredconditionals="0" methods="6" coveredmethods="0"/>
        <line num="1" count="0" type="cond" truecount="0" falsecount="4"/>
      </file>
      <file name="rangeSlider.d3248cd6.js" path="/home/mohammadhosseiniparto/Desktop/web-client/client/.nuxt/dist/client/_nuxt/rangeSlider.d3248cd6.js">
        <metrics statements="1" coveredstatements="0" conditionals="4" coveredconditionals="0" methods="9" coveredmethods="0"/>
        <line num="1" count="0" type="cond" truecount="0" falsecount="4"/>
      </file>
      <file name="realtime.bab07947.js" path="/home/mohammadhosseiniparto/Desktop/web-client/client/.nuxt/dist/client/_nuxt/realtime.bab07947.js">
        <metrics statements="1" coveredstatements="0" conditionals="0" coveredconditionals="0" methods="1" coveredmethods="0"/>
        <line num="1" count="0" type="stmt"/>
      </file>
      <file name="receiptRegister.ecaf39e6.js" path="/home/mohammadhosseiniparto/Desktop/web-client/client/.nuxt/dist/client/_nuxt/receiptRegister.ecaf39e6.js">
        <metrics statements="1" coveredstatements="0" conditionals="8" coveredconditionals="0" methods="10" coveredmethods="0"/>
        <line num="1" count="0" type="cond" truecount="0" falsecount="8"/>
      </file>
      <file name="refund.7a88aa7d.js" path="/home/mohammadhosseiniparto/Desktop/web-client/client/.nuxt/dist/client/_nuxt/refund.7a88aa7d.js">
        <metrics statements="1" coveredstatements="0" conditionals="0" coveredconditionals="0" methods="1" coveredmethods="0"/>
        <line num="1" count="0" type="stmt"/>
      </file>
      <file name="registration.2b4c9945.js" path="/home/mohammadhosseiniparto/Desktop/web-client/client/.nuxt/dist/client/_nuxt/registration.2b4c9945.js">
        <metrics statements="1" coveredstatements="0" conditionals="0" coveredconditionals="0" methods="1" coveredmethods="0"/>
        <line num="1" count="0" type="stmt"/>
      </file>
      <file name="report.3d724061.js" path="/home/mohammadhosseiniparto/Desktop/web-client/client/.nuxt/dist/client/_nuxt/report.3d724061.js">
        <metrics statements="1" coveredstatements="0" conditionals="0" coveredconditionals="0" methods="1" coveredmethods="0"/>
        <line num="1" count="0" type="stmt"/>
      </file>
      <file name="reset-password.90c02242.js" path="/home/mohammadhosseiniparto/Desktop/web-client/client/.nuxt/dist/client/_nuxt/reset-password.90c02242.js">
        <metrics statements="1" coveredstatements="0" conditionals="0" coveredconditionals="0" methods="1" coveredmethods="0"/>
        <line num="1" count="0" type="stmt"/>
      </file>
      <file name="rowHandler.b41f9581.js" path="/home/mohammadhosseiniparto/Desktop/web-client/client/.nuxt/dist/client/_nuxt/rowHandler.b41f9581.js">
        <metrics statements="1" coveredstatements="0" conditionals="0" coveredconditionals="0" methods="4" coveredmethods="0"/>
        <line num="1" count="0" type="stmt"/>
      </file>
      <file name="sameSector.2dc6b083.js" path="/home/mohammadhosseiniparto/Desktop/web-client/client/.nuxt/dist/client/_nuxt/sameSector.2dc6b083.js">
        <metrics statements="1" coveredstatements="0" conditionals="16" coveredconditionals="0" methods="11" coveredmethods="0"/>
        <line num="1" count="0" type="cond" truecount="0" falsecount="16"/>
      </file>
      <file name="search.64873cf4.js" path="/home/mohammadhosseiniparto/Desktop/web-client/client/.nuxt/dist/client/_nuxt/search.64873cf4.js">
        <metrics statements="1" coveredstatements="0" conditionals="2" coveredconditionals="0" methods="3" coveredmethods="0"/>
        <line num="1" count="0" type="cond" truecount="0" falsecount="2"/>
      </file>
      <file name="selectBox.afd15439.js" path="/home/mohammadhosseiniparto/Desktop/web-client/client/.nuxt/dist/client/_nuxt/selectBox.afd15439.js">
        <metrics statements="1" coveredstatements="0" conditionals="12" coveredconditionals="0" methods="17" coveredmethods="0"/>
        <line num="1" count="0" type="cond" truecount="0" falsecount="12"/>
      </file>
      <file name="selector.776b29e3.js" path="/home/mohammadhosseiniparto/Desktop/web-client/client/.nuxt/dist/client/_nuxt/selector.776b29e3.js">
        <metrics statements="1" coveredstatements="0" conditionals="23" coveredconditionals="0" methods="33" coveredmethods="0"/>
        <line num="1" count="0" type="cond" truecount="0" falsecount="23"/>
      </file>
      <file name="shortcutManager.f7543bf7.js" path="/home/mohammadhosseiniparto/Desktop/web-client/client/.nuxt/dist/client/_nuxt/shortcutManager.f7543bf7.js">
        <metrics statements="1" coveredstatements="0" conditionals="18" coveredconditionals="0" methods="5" coveredmethods="0"/>
        <line num="1" count="0" type="cond" truecount="0" falsecount="18"/>
      </file>
      <file name="showPercent.e42f5227.js" path="/home/mohammadhosseiniparto/Desktop/web-client/client/.nuxt/dist/client/_nuxt/showPercent.e42f5227.js">
        <metrics statements="1" coveredstatements="0" conditionals="4" coveredconditionals="0" methods="8" coveredmethods="0"/>
        <line num="1" count="0" type="cond" truecount="0" falsecount="4"/>
      </file>
      <file name="simpleCaptcha.5e84a212.js" path="/home/mohammadhosseiniparto/Desktop/web-client/client/.nuxt/dist/client/_nuxt/simpleCaptcha.5e84a212.js">
        <metrics statements="1" coveredstatements="0" conditionals="7" coveredconditionals="0" methods="6" coveredmethods="0"/>
        <line num="1" count="0" type="cond" truecount="0" falsecount="7"/>
      </file>
      <file name="singleBarChart.7b6fe41f.js" path="/home/mohammadhosseiniparto/Desktop/web-client/client/.nuxt/dist/client/_nuxt/singleBarChart.7b6fe41f.js">
        <metrics statements="1" coveredstatements="0" conditionals="0" coveredconditionals="0" methods="1" coveredmethods="0"/>
        <line num="1" count="0" type="stmt"/>
      </file>
      <file name="snacks.49da1a8d.js" path="/home/mohammadhosseiniparto/Desktop/web-client/client/.nuxt/dist/client/_nuxt/snacks.49da1a8d.js">
        <metrics statements="1" coveredstatements="0" conditionals="4" coveredconditionals="0" methods="8" coveredmethods="0"/>
        <line num="1" count="0" type="cond" truecount="0" falsecount="4"/>
      </file>
      <file name="switchBrokerage.5c3920bb.js" path="/home/mohammadhosseiniparto/Desktop/web-client/client/.nuxt/dist/client/_nuxt/switchBrokerage.5c3920bb.js">
        <metrics statements="1" coveredstatements="0" conditionals="0" coveredconditionals="0" methods="1" coveredmethods="0"/>
        <line num="1" count="0" type="stmt"/>
      </file>
      <file name="switchBrokerageReport.d3e12355.js" path="/home/mohammadhosseiniparto/Desktop/web-client/client/.nuxt/dist/client/_nuxt/switchBrokerageReport.d3e12355.js">
        <metrics statements="1" coveredstatements="0" conditionals="0" coveredconditionals="0" methods="1" coveredmethods="0"/>
        <line num="1" count="0" type="stmt"/>
      </file>
      <file name="tab.ee983bae.js" path="/home/mohammadhosseiniparto/Desktop/web-client/client/.nuxt/dist/client/_nuxt/tab.ee983bae.js">
        <metrics statements="1" coveredstatements="0" conditionals="5" coveredconditionals="0" methods="3" coveredmethods="0"/>
        <line num="1" count="0" type="cond" truecount="0" falsecount="5"/>
      </file>
      <file name="tabView.83fff9d2.js" path="/home/mohammadhosseiniparto/Desktop/web-client/client/.nuxt/dist/client/_nuxt/tabView.83fff9d2.js">
        <metrics statements="1" coveredstatements="0" conditionals="25" coveredconditionals="0" methods="27" coveredmethods="0"/>
        <line num="1" count="0" type="cond" truecount="0" falsecount="25"/>
      </file>
      <file name="tabs.e4c3100f.js" path="/home/mohammadhosseiniparto/Desktop/web-client/client/.nuxt/dist/client/_nuxt/tabs.e4c3100f.js">
        <metrics statements="1" coveredstatements="0" conditionals="0" coveredconditionals="0" methods="4" coveredmethods="0"/>
        <line num="1" count="0" type="stmt"/>
      </file>
      <file name="test.2c815e48.js" path="/home/mohammadhosseiniparto/Desktop/web-client/client/.nuxt/dist/client/_nuxt/test.2c815e48.js">
        <metrics statements="1" coveredstatements="0" conditionals="0" coveredconditionals="0" methods="1" coveredmethods="0"/>
        <line num="1" count="0" type="stmt"/>
      </file>
      <file name="threeDay.a2225b00.js" path="/home/mohammadhosseiniparto/Desktop/web-client/client/.nuxt/dist/client/_nuxt/threeDay.a2225b00.js">
        <metrics statements="1" coveredstatements="0" conditionals="0" coveredconditionals="0" methods="1" coveredmethods="0"/>
        <line num="1" count="0" type="stmt"/>
      </file>
      <file name="time.6294952f.js" path="/home/mohammadhosseiniparto/Desktop/web-client/client/.nuxt/dist/client/_nuxt/time.6294952f.js">
        <metrics statements="0" coveredstatements="0" conditionals="0" coveredconditionals="0" methods="0" coveredmethods="0"/>
      </file>
      <file name="toggle.ffaab6c9.js" path="/home/mohammadhosseiniparto/Desktop/web-client/client/.nuxt/dist/client/_nuxt/toggle.ffaab6c9.js">
        <metrics statements="0" coveredstatements="0" conditionals="0" coveredconditionals="0" methods="0" coveredmethods="0"/>
      </file>
      <file name="toggle.vue_vue_type_script_setup_true_lang.c3d9c7f2.js" path="/home/mohammadhosseiniparto/Desktop/web-client/client/.nuxt/dist/client/_nuxt/toggle.vue_vue_type_script_setup_true_lang.c3d9c7f2.js">
        <metrics statements="1" coveredstatements="0" conditionals="2" coveredconditionals="0" methods="5" coveredmethods="0"/>
        <line num="1" count="0" type="cond" truecount="0" falsecount="2"/>
      </file>
      <file name="tooltip.7ad5a7b8.js" path="/home/mohammadhosseiniparto/Desktop/web-client/client/.nuxt/dist/client/_nuxt/tooltip.7ad5a7b8.js">
        <metrics statements="1" coveredstatements="0" conditionals="36" coveredconditionals="0" methods="7" coveredmethods="0"/>
        <line num="1" count="0" type="cond" truecount="0" falsecount="36"/>
      </file>
      <file name="trades.4f93036b.js" path="/home/mohammadhosseiniparto/Desktop/web-client/client/.nuxt/dist/client/_nuxt/trades.4f93036b.js">
        <metrics statements="1" coveredstatements="0" conditionals="0" coveredconditionals="0" methods="1" coveredmethods="0"/>
        <line num="1" count="0" type="stmt"/>
      </file>
      <file name="tradesHistory.cefc2af0.js" path="/home/mohammadhosseiniparto/Desktop/web-client/client/.nuxt/dist/client/_nuxt/tradesHistory.cefc2af0.js">
        <metrics statements="1" coveredstatements="0" conditionals="14" coveredconditionals="0" methods="16" coveredmethods="0"/>
        <line num="1" count="0" type="cond" truecount="0" falsecount="14"/>
      </file>
      <file name="type.46d1c4fd.js" path="/home/mohammadhosseiniparto/Desktop/web-client/client/.nuxt/dist/client/_nuxt/type.46d1c4fd.js">
        <metrics statements="1" coveredstatements="0" conditionals="0" coveredconditionals="0" methods="1" coveredmethods="0"/>
        <line num="1" count="0" type="stmt"/>
      </file>
      <file name="type.50d8ae13.js" path="/home/mohammadhosseiniparto/Desktop/web-client/client/.nuxt/dist/client/_nuxt/type.50d8ae13.js">
        <metrics statements="1" coveredstatements="0" conditionals="0" coveredconditionals="0" methods="1" coveredmethods="0"/>
        <line num="1" count="0" type="stmt"/>
      </file>
      <file name="type1.938e0814.js" path="/home/mohammadhosseiniparto/Desktop/web-client/client/.nuxt/dist/client/_nuxt/type1.938e0814.js">
        <metrics statements="1" coveredstatements="0" conditionals="0" coveredconditionals="0" methods="1" coveredmethods="0"/>
        <line num="1" count="0" type="stmt"/>
      </file>
      <file name="types.87ed89b9.js" path="/home/mohammadhosseiniparto/Desktop/web-client/client/.nuxt/dist/client/_nuxt/types.87ed89b9.js">
        <metrics statements="1" coveredstatements="0" conditionals="11" coveredconditionals="0" methods="4" coveredmethods="0"/>
        <line num="1" count="0" type="cond" truecount="0" falsecount="11"/>
      </file>
      <file name="useAutoComplete.5bd7f482.js" path="/home/mohammadhosseiniparto/Desktop/web-client/client/.nuxt/dist/client/_nuxt/useAutoComplete.5bd7f482.js">
        <metrics statements="1" coveredstatements="0" conditionals="4" coveredconditionals="0" methods="8" coveredmethods="0"/>
        <line num="1" count="0" type="cond" truecount="0" falsecount="4"/>
      </file>
      <file name="userLog.fa3501f9.js" path="/home/mohammadhosseiniparto/Desktop/web-client/client/.nuxt/dist/client/_nuxt/userLog.fa3501f9.js">
        <metrics statements="1" coveredstatements="0" conditionals="0" coveredconditionals="0" methods="7" coveredmethods="0"/>
        <line num="1" count="0" type="stmt"/>
      </file>
      <file name="virtualKeyboard.ed205cdf.js" path="/home/mohammadhosseiniparto/Desktop/web-client/client/.nuxt/dist/client/_nuxt/virtualKeyboard.ed205cdf.js">
        <metrics statements="1" coveredstatements="0" conditionals="16" coveredconditionals="0" methods="20" coveredmethods="0"/>
        <line num="1" count="0" type="cond" truecount="0" falsecount="16"/>
      </file>
      <file name="web-socket.61b8c77b.js" path="/home/mohammadhosseiniparto/Desktop/web-client/client/.nuxt/dist/client/_nuxt/web-socket.61b8c77b.js">
        <metrics statements="1" coveredstatements="0" conditionals="15" coveredconditionals="0" methods="8" coveredmethods="0"/>
        <line num="1" count="0" type="cond" truecount="0" falsecount="15"/>
      </file>
      <file name="welcome.2cc62c21.js" path="/home/mohammadhosseiniparto/Desktop/web-client/client/.nuxt/dist/client/_nuxt/welcome.2cc62c21.js">
        <metrics statements="1" coveredstatements="0" conditionals="0" coveredconditionals="0" methods="8" coveredmethods="0"/>
        <line num="1" count="0" type="stmt"/>
      </file>
    </package>
    <package name="root.home.mohammadhosseiniparto.Desktop.web-client.client..output.public._nuxt">
      <metrics statements="166" coveredstatements="0" conditionals="2637" coveredconditionals="0" methods="1624" coveredmethods="0"/>
      <file name="1.504441b3.js" path="/home/mohammadhosseiniparto/Desktop/web-client/client/.output/public/_nuxt/1.504441b3.js">
        <metrics statements="1" coveredstatements="0" conditionals="0" coveredconditionals="0" methods="2" coveredmethods="0"/>
        <line num="1" count="0" type="stmt"/>
      </file>
      <file name="ContentList.b75af88b.js" path="/home/mohammadhosseiniparto/Desktop/web-client/client/.output/public/_nuxt/ContentList.b75af88b.js">
        <metrics statements="1" coveredstatements="0" conditionals="25" coveredconditionals="0" methods="8" coveredmethods="0"/>
        <line num="1" count="0" type="cond" truecount="0" falsecount="25"/>
      </file>
      <file name="ContentSlot.6c8f713e.js" path="/home/mohammadhosseiniparto/Desktop/web-client/client/.output/public/_nuxt/ContentSlot.6c8f713e.js">
        <metrics statements="1" coveredstatements="0" conditionals="26" coveredconditionals="0" methods="5" coveredmethods="0"/>
        <line num="1" count="0" type="cond" truecount="0" falsecount="26"/>
      </file>
      <file name="DocumentDrivenEmpty.86c50e72.js" path="/home/mohammadhosseiniparto/Desktop/web-client/client/.output/public/_nuxt/DocumentDrivenEmpty.86c50e72.js">
        <metrics statements="1" coveredstatements="0" conditionals="0" coveredconditionals="0" methods="1" coveredmethods="0"/>
        <line num="1" count="0" type="stmt"/>
      </file>
      <file name="DocumentDrivenNotFound.7c5260d4.js" path="/home/mohammadhosseiniparto/Desktop/web-client/client/.output/public/_nuxt/DocumentDrivenNotFound.7c5260d4.js">
        <metrics statements="1" coveredstatements="0" conditionals="0" coveredconditionals="0" methods="1" coveredmethods="0"/>
        <line num="1" count="0" type="stmt"/>
      </file>
      <file name="Lazy.c84c6388.js" path="/home/mohammadhosseiniparto/Desktop/web-client/client/.output/public/_nuxt/Lazy.c84c6388.js">
        <metrics statements="1" coveredstatements="0" conditionals="956" coveredconditionals="0" methods="288" coveredmethods="0"/>
        <line num="5" count="0" type="cond" truecount="0" falsecount="956"/>
      </file>
      <file name="Markdown.9f117f14.js" path="/home/mohammadhosseiniparto/Desktop/web-client/client/.output/public/_nuxt/Markdown.9f117f14.js">
        <metrics statements="1" coveredstatements="0" conditionals="2" coveredconditionals="0" methods="2" coveredmethods="0"/>
        <line num="1" count="0" type="cond" truecount="0" falsecount="2"/>
      </file>
      <file name="ProseA.c3282917.js" path="/home/mohammadhosseiniparto/Desktop/web-client/client/.output/public/_nuxt/ProseA.c3282917.js">
        <metrics statements="1" coveredstatements="0" conditionals="0" coveredconditionals="0" methods="3" coveredmethods="0"/>
        <line num="1" count="0" type="stmt"/>
      </file>
      <file name="ProseBlockquote.13698973.js" path="/home/mohammadhosseiniparto/Desktop/web-client/client/.output/public/_nuxt/ProseBlockquote.13698973.js">
        <metrics statements="1" coveredstatements="0" conditionals="0" coveredconditionals="0" methods="1" coveredmethods="0"/>
        <line num="1" count="0" type="stmt"/>
      </file>
      <file name="ProseCode.834407d3.js" path="/home/mohammadhosseiniparto/Desktop/web-client/client/.output/public/_nuxt/ProseCode.834407d3.js">
        <metrics statements="1" coveredstatements="0" conditionals="0" coveredconditionals="0" methods="2" coveredmethods="0"/>
        <line num="1" count="0" type="stmt"/>
      </file>
      <file name="ProseCodeInline.ef27fe7a.js" path="/home/mohammadhosseiniparto/Desktop/web-client/client/.output/public/_nuxt/ProseCodeInline.ef27fe7a.js">
        <metrics statements="1" coveredstatements="0" conditionals="0" coveredconditionals="0" methods="1" coveredmethods="0"/>
        <line num="1" count="0" type="stmt"/>
      </file>
      <file name="ProseEm.ce5e16ff.js" path="/home/mohammadhosseiniparto/Desktop/web-client/client/.output/public/_nuxt/ProseEm.ce5e16ff.js">
        <metrics statements="1" coveredstatements="0" conditionals="0" coveredconditionals="0" methods="1" coveredmethods="0"/>
        <line num="1" count="0" type="stmt"/>
      </file>
      <file name="ProseH1.db4c9801.js" path="/home/mohammadhosseiniparto/Desktop/web-client/client/.output/public/_nuxt/ProseH1.db4c9801.js">
        <metrics statements="1" coveredstatements="0" conditionals="8" coveredconditionals="0" methods="2" coveredmethods="0"/>
        <line num="1" count="0" type="cond" truecount="0" falsecount="8"/>
      </file>
      <file name="ProseH2.00b7998c.js" path="/home/mohammadhosseiniparto/Desktop/web-client/client/.output/public/_nuxt/ProseH2.00b7998c.js">
        <metrics statements="1" coveredstatements="0" conditionals="8" coveredconditionals="0" methods="2" coveredmethods="0"/>
        <line num="1" count="0" type="cond" truecount="0" falsecount="8"/>
      </file>
      <file name="ProseH3.810c3a87.js" path="/home/mohammadhosseiniparto/Desktop/web-client/client/.output/public/_nuxt/ProseH3.810c3a87.js">
        <metrics statements="1" coveredstatements="0" conditionals="8" coveredconditionals="0" methods="2" coveredmethods="0"/>
        <line num="1" count="0" type="cond" truecount="0" falsecount="8"/>
      </file>
      <file name="ProseH4.0a976c27.js" path="/home/mohammadhosseiniparto/Desktop/web-client/client/.output/public/_nuxt/ProseH4.0a976c27.js">
        <metrics statements="1" coveredstatements="0" conditionals="8" coveredconditionals="0" methods="2" coveredmethods="0"/>
        <line num="1" count="0" type="cond" truecount="0" falsecount="8"/>
      </file>
      <file name="ProseH5.ea2f5c5f.js" path="/home/mohammadhosseiniparto/Desktop/web-client/client/.output/public/_nuxt/ProseH5.ea2f5c5f.js">
        <metrics statements="1" coveredstatements="0" conditionals="8" coveredconditionals="0" methods="2" coveredmethods="0"/>
        <line num="1" count="0" type="cond" truecount="0" falsecount="8"/>
      </file>
      <file name="ProseH6.c08f8e40.js" path="/home/mohammadhosseiniparto/Desktop/web-client/client/.output/public/_nuxt/ProseH6.c08f8e40.js">
        <metrics statements="1" coveredstatements="0" conditionals="8" coveredconditionals="0" methods="2" coveredmethods="0"/>
        <line num="1" count="0" type="cond" truecount="0" falsecount="8"/>
      </file>
      <file name="ProseHr.0d3b4765.js" path="/home/mohammadhosseiniparto/Desktop/web-client/client/.output/public/_nuxt/ProseHr.0d3b4765.js">
        <metrics statements="1" coveredstatements="0" conditionals="0" coveredconditionals="0" methods="1" coveredmethods="0"/>
        <line num="1" count="0" type="stmt"/>
      </file>
      <file name="ProseImg.df490e78.js" path="/home/mohammadhosseiniparto/Desktop/web-client/client/.output/public/_nuxt/ProseImg.df490e78.js">
        <metrics statements="1" coveredstatements="0" conditionals="0" coveredconditionals="0" methods="2" coveredmethods="0"/>
        <line num="1" count="0" type="stmt"/>
      </file>
      <file name="ProseLi.a4b21944.js" path="/home/mohammadhosseiniparto/Desktop/web-client/client/.output/public/_nuxt/ProseLi.a4b21944.js">
        <metrics statements="1" coveredstatements="0" conditionals="0" coveredconditionals="0" methods="1" coveredmethods="0"/>
        <line num="1" count="0" type="stmt"/>
      </file>
      <file name="ProseOl.29d4ba42.js" path="/home/mohammadhosseiniparto/Desktop/web-client/client/.output/public/_nuxt/ProseOl.29d4ba42.js">
        <metrics statements="1" coveredstatements="0" conditionals="0" coveredconditionals="0" methods="1" coveredmethods="0"/>
        <line num="1" count="0" type="stmt"/>
      </file>
      <file name="ProseP.707125cd.js" path="/home/mohammadhosseiniparto/Desktop/web-client/client/.output/public/_nuxt/ProseP.707125cd.js">
        <metrics statements="1" coveredstatements="0" conditionals="0" coveredconditionals="0" methods="1" coveredmethods="0"/>
        <line num="1" count="0" type="stmt"/>
      </file>
      <file name="ProseStrong.a7f0cdac.js" path="/home/mohammadhosseiniparto/Desktop/web-client/client/.output/public/_nuxt/ProseStrong.a7f0cdac.js">
        <metrics statements="1" coveredstatements="0" conditionals="0" coveredconditionals="0" methods="1" coveredmethods="0"/>
        <line num="1" count="0" type="stmt"/>
      </file>
      <file name="ProseTable.4783c696.js" path="/home/mohammadhosseiniparto/Desktop/web-client/client/.output/public/_nuxt/ProseTable.4783c696.js">
        <metrics statements="1" coveredstatements="0" conditionals="0" coveredconditionals="0" methods="1" coveredmethods="0"/>
        <line num="1" count="0" type="stmt"/>
      </file>
      <file name="ProseTbody.d0081179.js" path="/home/mohammadhosseiniparto/Desktop/web-client/client/.output/public/_nuxt/ProseTbody.d0081179.js">
        <metrics statements="1" coveredstatements="0" conditionals="0" coveredconditionals="0" methods="1" coveredmethods="0"/>
        <line num="1" count="0" type="stmt"/>
      </file>
      <file name="ProseTd.3de48528.js" path="/home/mohammadhosseiniparto/Desktop/web-client/client/.output/public/_nuxt/ProseTd.3de48528.js">
        <metrics statements="1" coveredstatements="0" conditionals="0" coveredconditionals="0" methods="1" coveredmethods="0"/>
        <line num="1" count="0" type="stmt"/>
      </file>
      <file name="ProseTh.3c2f17ed.js" path="/home/mohammadhosseiniparto/Desktop/web-client/client/.output/public/_nuxt/ProseTh.3c2f17ed.js">
        <metrics statements="1" coveredstatements="0" conditionals="0" coveredconditionals="0" methods="1" coveredmethods="0"/>
        <line num="1" count="0" type="stmt"/>
      </file>
      <file name="ProseThead.5c7adf28.js" path="/home/mohammadhosseiniparto/Desktop/web-client/client/.output/public/_nuxt/ProseThead.5c7adf28.js">
        <metrics statements="1" coveredstatements="0" conditionals="0" coveredconditionals="0" methods="1" coveredmethods="0"/>
        <line num="1" count="0" type="stmt"/>
      </file>
      <file name="ProseTr.83d34146.js" path="/home/mohammadhosseiniparto/Desktop/web-client/client/.output/public/_nuxt/ProseTr.83d34146.js">
        <metrics statements="1" coveredstatements="0" conditionals="0" coveredconditionals="0" methods="1" coveredmethods="0"/>
        <line num="1" count="0" type="stmt"/>
      </file>
      <file name="ProseUl.e0377452.js" path="/home/mohammadhosseiniparto/Desktop/web-client/client/.output/public/_nuxt/ProseUl.e0377452.js">
        <metrics statements="1" coveredstatements="0" conditionals="0" coveredconditionals="0" methods="1" coveredmethods="0"/>
        <line num="1" count="0" type="stmt"/>
      </file>
      <file name="_board_.74855fa2.js" path="/home/mohammadhosseiniparto/Desktop/web-client/client/.output/public/_nuxt/_board_.74855fa2.js">
        <metrics statements="1" coveredstatements="0" conditionals="2" coveredconditionals="0" methods="4" coveredmethods="0"/>
        <line num="1" count="0" type="cond" truecount="0" falsecount="2"/>
      </file>
      <file name="_id_.4604762f.js" path="/home/mohammadhosseiniparto/Desktop/web-client/client/.output/public/_nuxt/_id_.4604762f.js">
        <metrics statements="1" coveredstatements="0" conditionals="0" coveredconditionals="0" methods="1" coveredmethods="0"/>
        <line num="1" count="0" type="stmt"/>
      </file>
      <file name="_industry_.99a4d620.js" path="/home/mohammadhosseiniparto/Desktop/web-client/client/.output/public/_nuxt/_industry_.99a4d620.js">
        <metrics statements="1" coveredstatements="0" conditionals="2" coveredconditionals="0" methods="5" coveredmethods="0"/>
        <line num="1" count="0" type="cond" truecount="0" falsecount="2"/>
      </file>
      <file name="_messageId_.5217e2f1.js" path="/home/mohammadhosseiniparto/Desktop/web-client/client/.output/public/_nuxt/_messageId_.5217e2f1.js">
        <metrics statements="1" coveredstatements="0" conditionals="12" coveredconditionals="0" methods="6" coveredmethods="0"/>
        <line num="1" count="0" type="cond" truecount="0" falsecount="12"/>
      </file>
      <file name="_name_.8c4b5641.js" path="/home/mohammadhosseiniparto/Desktop/web-client/client/.output/public/_nuxt/_name_.8c4b5641.js">
        <metrics statements="1" coveredstatements="0" conditionals="10" coveredconditionals="0" methods="11" coveredmethods="0"/>
        <line num="1" count="0" type="cond" truecount="0" falsecount="10"/>
      </file>
      <file name="_slug_.08db9e54.js" path="/home/mohammadhosseiniparto/Desktop/web-client/client/.output/public/_nuxt/_slug_.08db9e54.js">
        <metrics statements="1" coveredstatements="0" conditionals="0" coveredconditionals="0" methods="1" coveredmethods="0"/>
        <line num="1" count="0" type="stmt"/>
      </file>
      <file name="_test_.e9d4eb98.js" path="/home/mohammadhosseiniparto/Desktop/web-client/client/.output/public/_nuxt/_test_.e9d4eb98.js">
        <metrics statements="1" coveredstatements="0" conditionals="2" coveredconditionals="0" methods="8" coveredmethods="0"/>
        <line num="1" count="0" type="cond" truecount="0" falsecount="2"/>
      </file>
      <file name="accountType.f8bd0779.js" path="/home/mohammadhosseiniparto/Desktop/web-client/client/.output/public/_nuxt/accountType.f8bd0779.js">
        <metrics statements="0" coveredstatements="0" conditionals="0" coveredconditionals="0" methods="0" coveredmethods="0"/>
      </file>
      <file name="accountType.vue_vue_type_script_setup_true_lang.f357ab01.js" path="/home/mohammadhosseiniparto/Desktop/web-client/client/.output/public/_nuxt/accountType.vue_vue_type_script_setup_true_lang.f357ab01.js">
        <metrics statements="1" coveredstatements="0" conditionals="0" coveredconditionals="0" methods="6" coveredmethods="0"/>
        <line num="1" count="0" type="stmt"/>
      </file>
      <file name="autoComplete.5fe1c8e1.js" path="/home/mohammadhosseiniparto/Desktop/web-client/client/.output/public/_nuxt/autoComplete.5fe1c8e1.js">
        <metrics statements="1" coveredstatements="0" conditionals="15" coveredconditionals="0" methods="9" coveredmethods="0"/>
        <line num="1" count="0" type="cond" truecount="0" falsecount="15"/>
      </file>
      <file name="badge.8d67f054.js" path="/home/mohammadhosseiniparto/Desktop/web-client/client/.output/public/_nuxt/badge.8d67f054.js">
        <metrics statements="1" coveredstatements="0" conditionals="0" coveredconditionals="0" methods="1" coveredmethods="0"/>
        <line num="1" count="0" type="stmt"/>
      </file>
      <file name="boardSelector.1317a903.js" path="/home/mohammadhosseiniparto/Desktop/web-client/client/.output/public/_nuxt/boardSelector.1317a903.js">
        <metrics statements="1" coveredstatements="0" conditionals="10" coveredconditionals="0" methods="24" coveredmethods="0"/>
        <line num="1" count="0" type="cond" truecount="0" falsecount="10"/>
      </file>
      <file name="brokerage.c26423d7.js" path="/home/mohammadhosseiniparto/Desktop/web-client/client/.output/public/_nuxt/brokerage.c26423d7.js">
        <metrics statements="1" coveredstatements="0" conditionals="0" coveredconditionals="0" methods="1" coveredmethods="0"/>
        <line num="1" count="0" type="stmt"/>
      </file>
      <file name="btn.4e09c6dd.js" path="/home/mohammadhosseiniparto/Desktop/web-client/client/.output/public/_nuxt/btn.4e09c6dd.js">
        <metrics statements="1" coveredstatements="0" conditionals="14" coveredconditionals="0" methods="8" coveredmethods="0"/>
        <line num="1" count="0" type="cond" truecount="0" falsecount="14"/>
      </file>
      <file name="calculator.d93406d7.js" path="/home/mohammadhosseiniparto/Desktop/web-client/client/.output/public/_nuxt/calculator.d93406d7.js">
        <metrics statements="1" coveredstatements="0" conditionals="52" coveredconditionals="0" methods="32" coveredmethods="0"/>
        <line num="1" count="0" type="cond" truecount="0" falsecount="52"/>
      </file>
      <file name="card.d9003777.js" path="/home/mohammadhosseiniparto/Desktop/web-client/client/.output/public/_nuxt/card.d9003777.js">
        <metrics statements="0" coveredstatements="0" conditionals="0" coveredconditionals="0" methods="0" coveredmethods="0"/>
      </file>
      <file name="card.vue_vue_type_script_setup_true_lang.4d4d795e.js" path="/home/mohammadhosseiniparto/Desktop/web-client/client/.output/public/_nuxt/card.vue_vue_type_script_setup_true_lang.4d4d795e.js">
        <metrics statements="1" coveredstatements="0" conditionals="6" coveredconditionals="0" methods="2" coveredmethods="0"/>
        <line num="1" count="0" type="cond" truecount="0" falsecount="6"/>
      </file>
      <file name="cardView.2d9d1c1b.js" path="/home/mohammadhosseiniparto/Desktop/web-client/client/.output/public/_nuxt/cardView.2d9d1c1b.js">
[...]
      <file name="fiveDay.vue" path="/home/mohammadhosseiniparto/Desktop/web-client/client/pages/watchlist/[name]/statisticsKeys/fiveDay.vue">
        <metrics statements="1" coveredstatements="0" conditionals="0" coveredconditionals="0" methods="1" coveredmethods="0"/>
        <line num="1" count="0" type="stmt"/>
      </file>
      <file name="threeDay.vue" path="/home/mohammadhosseiniparto/Desktop/web-client/client/pages/watchlist/[name]/statisticsKeys/threeDay.vue">
        <metrics statements="1" coveredstatements="0" conditionals="0" coveredconditionals="0" methods="1" coveredmethods="0"/>
        <line num="1" count="0" type="stmt"/>
      </file>
    </package>
    <package name="root.home.mohammadhosseiniparto.Desktop.web-client.client.pages.watchlist.[name].trades">
      <metrics statements="3" coveredstatements="0" conditionals="0" coveredconditionals="0" methods="3" coveredmethods="0"/>
      <file name="report.vue" path="/home/mohammadhosseiniparto/Desktop/web-client/client/pages/watchlist/[name]/trades/report.vue">
        <metrics statements="1" coveredstatements="0" conditionals="0" coveredconditionals="0" methods="1" coveredmethods="0"/>
        <line num="1" count="0" type="stmt"/>
      </file>
      <file name="switchBrokerage.vue" path="/home/mohammadhosseiniparto/Desktop/web-client/client/pages/watchlist/[name]/trades/switchBrokerage.vue">
        <metrics statements="1" coveredstatements="0" conditionals="0" coveredconditionals="0" methods="1" coveredmethods="0"/>
        <line num="1" count="0" type="stmt"/>
      </file>
      <file name="switchBrokerageReport.vue" path="/home/mohammadhosseiniparto/Desktop/web-client/client/pages/watchlist/[name]/trades/switchBrokerageReport.vue">
        <metrics statements="1" coveredstatements="0" conditionals="0" coveredconditionals="0" methods="1" coveredmethods="0"/>
        <line num="1" count="0" type="stmt"/>
      </file>
    </package>
    <package name="root.home.mohammadhosseiniparto.Desktop.web-client.client.pages.watchlist.boards">
      <metrics statements="24" coveredstatements="0" conditionals="4" coveredconditionals="0" methods="6" coveredmethods="0"/>
      <file name="[board].vue" path="/home/mohammadhosseiniparto/Desktop/web-client/client/pages/watchlist/boards/[board].vue">
        <metrics statements="12" coveredstatements="0" conditionals="2" coveredconditionals="0" methods="3" coveredmethods="0"/>
        <line num="8" count="0" type="stmt"/>
        <line num="9" count="0" type="stmt"/>
        <line num="10" count="0" type="stmt"/>
        <line num="11" count="0" type="stmt"/>
        <line num="12" count="0" type="stmt"/>
        <line num="13" count="0" type="stmt"/>
        <line num="14" count="0" type="stmt"/>
        <line num="18" count="0" type="stmt"/>
        <line num="19" count="0" type="stmt"/>
        <line num="20" count="0" type="stmt"/>
        <line num="23" count="0" type="stmt"/>
        <line num="24" count="0" type="stmt"/>
      </file>
      <file name="index.vue" path="/home/mohammadhosseiniparto/Desktop/web-client/client/pages/watchlist/boards/index.vue">
        <metrics statements="12" coveredstatements="0" conditionals="2" coveredconditionals="0" methods="3" coveredmethods="0"/>
        <line num="8" count="0" type="stmt"/>
        <line num="9" count="0" type="stmt"/>
        <line num="10" count="0" type="stmt"/>
        <line num="11" count="0" type="stmt"/>
        <line num="12" count="0" type="stmt"/>
        <line num="13" count="0" type="stmt"/>
        <line num="14" count="0" type="stmt"/>
        <line num="18" count="0" type="stmt"/>
        <line num="19" count="0" type="stmt"/>
        <line num="20" count="0" type="stmt"/>
        <line num="23" count="0" type="stmt"/>
        <line num="24" count="0" type="stmt"/>
      </file>
    </package>
    <package name="root.home.mohammadhosseiniparto.Desktop.web-client.client.pages.watchlist.industries">
      <metrics statements="16" coveredstatements="0" conditionals="4" coveredconditionals="0" methods="8" coveredmethods="0"/>
      <file name="[industry].vue" path="/home/mohammadhosseiniparto/Desktop/web-client/client/pages/watchlist/industries/[industry].vue">
        <metrics statements="8" coveredstatements="0" conditionals="2" coveredconditionals="0" methods="4" coveredmethods="0"/>
        <line num="6" count="0" type="stmt"/>
        <line num="7" count="0" type="stmt"/>
        <line num="8" count="0" type="stmt"/>
        <line num="9" count="0" type="stmt"/>
        <line num="10" count="0" type="cond" truecount="0" falsecount="2"/>
        <line num="15" count="0" type="stmt"/>
        <line num="18" count="0" type="stmt"/>
        <line num="19" count="0" type="stmt"/>
      </file>
      <file name="index.vue" path="/home/mohammadhosseiniparto/Desktop/web-client/client/pages/watchlist/industries/index.vue">
        <metrics statements="8" coveredstatements="0" conditionals="2" coveredconditionals="0" methods="4" coveredmethods="0"/>
        <line num="6" count="0" type="stmt"/>
        <line num="7" count="0" type="stmt"/>
        <line num="8" count="0" type="stmt"/>
        <line num="9" count="0" type="stmt"/>
        <line num="10" count="0" type="cond" truecount="0" falsecount="2"/>
        <line num="15" count="0" type="stmt"/>
        <line num="18" count="0" type="stmt"/>
        <line num="19" count="0" type="stmt"/>
      </file>
    </package>
    <package name="root.home.mohammadhosseiniparto.Desktop.web-client.client.repositories.oms">
      <metrics statements="4" coveredstatements="0" conditionals="0" coveredconditionals="0" methods="2" coveredmethods="0"/>
      <file name="board_manager.ts" path="/home/mohammadhosseiniparto/Desktop/web-client/client/repositories/oms/board_manager.ts">
        <metrics statements="2" coveredstatements="0" conditionals="0" coveredconditionals="0" methods="1" coveredmethods="0"/>
        <line num="7" count="0" type="stmt"/>
        <line num="8" count="0" type="stmt"/>
      </file>
      <file name="industry_manager.ts" path="/home/mohammadhosseiniparto/Desktop/web-client/client/repositories/oms/industry_manager.ts">
        <metrics statements="2" coveredstatements="0" conditionals="0" coveredconditionals="0" methods="1" coveredmethods="0"/>
        <line num="14" count="0" type="stmt"/>
        <line num="15" count="0" type="stmt"/>
      </file>
    </package>
    <package name="root.home.mohammadhosseiniparto.Desktop.web-client.client.types">
      <metrics statements="4" coveredstatements="0" conditionals="4" coveredconditionals="0" methods="2" coveredmethods="0"/>
      <file name="panels.ts" path="/home/mohammadhosseiniparto/Desktop/web-client/client/types/panels.ts">
        <metrics statements="4" coveredstatements="0" conditionals="4" coveredconditionals="0" methods="2" coveredmethods="0"/>
        <line num="3" count="0" type="cond" truecount="0" falsecount="2"/>
        <line num="4" count="0" type="stmt"/>
        <line num="53" count="0" type="cond" truecount="0" falsecount="2"/>
        <line num="54" count="0" type="stmt"/>
      </file>
    </package>
    <package name="root.home.mohammadhosseiniparto.Desktop.web-client.client.types.oms">
      <metrics statements="4" coveredstatements="0" conditionals="2" coveredconditionals="0" methods="2" coveredmethods="0"/>
      <file name="index.ts" path="/home/mohammadhosseiniparto/Desktop/web-client/client/types/oms/index.ts">
        <metrics statements="4" coveredstatements="0" conditionals="2" coveredconditionals="0" methods="2" coveredmethods="0"/>
        <line num="7" count="0" type="cond" truecount="0" falsecount="2"/>
        <line num="8" count="0" type="stmt"/>
        <line num="9" count="0" type="stmt"/>
        <line num="11" count="0" type="stmt"/>
      </file>
    </package>
    <package name="root.home.mohammadhosseiniparto.Desktop.web-client.client.utils">
      <metrics statements="26" coveredstatements="0" conditionals="21" coveredconditionals="0" methods="9" coveredmethods="0"/>
      <file name="shortcutManager.ts" path="/home/mohammadhosseiniparto/Desktop/web-client/client/utils/shortcutManager.ts">
        <metrics statements="12" coveredstatements="0" conditionals="18" coveredconditionals="0" methods="5" coveredmethods="0"/>
        <line num="1" count="0" type="stmt"/>
        <line num="5" count="0" type="stmt"/>
        <line num="6" count="0" type="stmt"/>
        <line num="7" count="0" type="stmt"/>
        <line num="8" count="0" type="cond" truecount="0" falsecount="2"/>
        <line num="22" count="0" type="cond" truecount="0" falsecount="2"/>
        <line num="25" count="0" type="stmt"/>
        <line num="26" count="0" type="cond" truecount="0" falsecount="2"/>
        <line num="32" count="0" type="stmt"/>
        <line num="33" count="0" type="stmt"/>
        <line num="34" count="0" type="stmt"/>
        <line num="38" count="0" type="stmt"/>
      </file>
      <file name="virtualKeyBoard.ts" path="/home/mohammadhosseiniparto/Desktop/web-client/client/utils/virtualKeyBoard.ts">
        <metrics statements="14" coveredstatements="0" conditionals="3" coveredconditionals="0" methods="4" coveredmethods="0"/>
        <line num="1" count="0" type="stmt"/>
        <line num="2" count="0" type="stmt"/>
        <line num="4" count="0" type="stmt"/>
        <line num="7" count="0" type="cond" truecount="0" falsecount="1"/>
        <line num="8" count="0" type="stmt"/>
        <line num="9" count="0" type="stmt"/>
        <line num="10" count="0" type="stmt"/>
        <line num="12" count="0" type="stmt"/>
        <line num="13" count="0" type="stmt"/>
        <line num="15" count="0" type="stmt"/>
        <line num="16" count="0" type="cond" truecount="0" falsecount="2"/>
        <line num="19" count="0" type="stmt"/>
        <line num="26" count="0" type="stmt"/>
        <line num="27" count="0" type="stmt"/>
      </file>
    </package>
    <package name="root.home.mohammadhosseiniparto.Desktop.web-client.client.virtual:nuxt:.home.mohammadhosseiniparto.Desktop.web-client.client..nuxt">
      <metrics statements="122" coveredstatements="0" conditionals="244" coveredconditionals="0" methods="361" coveredmethods="0"/>
      <file name="components.server.mjs" path="/home/mohammadhosseiniparto/Desktop/web-client/client/virtual:nuxt:/home/mohammadhosseiniparto/Desktop/web-client/client/.nuxt/components.server.mjs">
        <metrics statements="122" coveredstatements="0" conditionals="244" coveredconditionals="0" methods="361" coveredmethods="0"/>
        <line num="3" count="0" type="cond" truecount="0" falsecount="2"/>
        <line num="5" count="0" type="cond" truecount="0" falsecount="2"/>
        <line num="7" count="0" type="cond" truecount="0" falsecount="2"/>
        <line num="9" count="0" type="cond" truecount="0" falsecount="2"/>
        <line num="11" count="0" type="cond" truecount="0" falsecount="2"/>
        <line num="13" count="0" type="cond" truecount="0" falsecount="2"/>
        <line num="15" count="0" type="cond" truecount="0" falsecount="2"/>
        <line num="17" count="0" type="cond" truecount="0" falsecount="2"/>
        <line num="19" count="0" type="cond" truecount="0" falsecount="2"/>
        <line num="21" count="0" type="cond" truecount="0" falsecount="2"/>
        <line num="23" count="0" type="cond" truecount="0" falsecount="2"/>
        <line num="25" count="0" type="cond" truecount="0" falsecount="2"/>
        <line num="27" count="0" type="cond" truecount="0" falsecount="2"/>
        <line num="29" count="0" type="cond" truecount="0" falsecount="2"/>
        <line num="31" count="0" type="cond" truecount="0" falsecount="2"/>
        <line num="33" count="0" type="cond" truecount="0" falsecount="2"/>
        <line num="35" count="0" type="cond" truecount="0" falsecount="2"/>
        <line num="37" count="0" type="cond" truecount="0" falsecount="2"/>
        <line num="39" count="0" type="cond" truecount="0" falsecount="2"/>
        <line num="41" count="0" type="cond" truecount="0" falsecount="2"/>
        <line num="43" count="0" type="cond" truecount="0" falsecount="2"/>
        <line num="45" count="0" type="cond" truecount="0" falsecount="2"/>
        <line num="47" count="0" type="cond" truecount="0" falsecount="2"/>
        <line num="49" count="0" type="cond" truecount="0" falsecount="2"/>
        <line num="51" count="0" type="cond" truecount="0" falsecount="2"/>
        <line num="53" count="0" type="cond" truecount="0" falsecount="2"/>
        <line num="55" count="0" type="cond" truecount="0" falsecount="2"/>
        <line num="57" count="0" type="cond" truecount="0" falsecount="2"/>
        <line num="59" count="0" type="cond" truecount="0" falsecount="2"/>
        <line num="61" count="0" type="cond" truecount="0" falsecount="2"/>
        <line num="63" count="0" type="cond" truecount="0" falsecount="2"/>
        <line num="65" count="0" type="cond" truecount="0" falsecount="2"/>
        <line num="67" count="0" type="cond" truecount="0" falsecount="2"/>
        <line num="69" count="0" type="cond" truecount="0" falsecount="2"/>
        <line num="71" count="0" type="cond" truecount="0" falsecount="2"/>
        <line num="73" count="0" type="cond" truecount="0" falsecount="2"/>
        <line num="75" count="0" type="cond" truecount="0" falsecount="2"/>
        <line num="77" count="0" type="cond" truecount="0" falsecount="2"/>
        <line num="79" count="0" type="cond" truecount="0" falsecount="2"/>
        <line num="81" count="0" type="cond" truecount="0" falsecount="2"/>
        <line num="83" count="0" type="cond" truecount="0" falsecount="2"/>
        <line num="85" count="0" type="cond" truecount="0" falsecount="2"/>
        <line num="87" count="0" type="cond" truecount="0" falsecount="2"/>
        <line num="89" count="0" type="cond" truecount="0" falsecount="2"/>
        <line num="91" count="0" type="cond" truecount="0" falsecount="2"/>
        <line num="93" count="0" type="cond" truecount="0" falsecount="2"/>
        <line num="95" count="0" type="cond" truecount="0" falsecount="2"/>
        <line num="97" count="0" type="cond" truecount="0" falsecount="2"/>
        <line num="99" count="0" type="cond" truecount="0" falsecount="2"/>
        <line num="101" count="0" type="cond" truecount="0" falsecount="2"/>
        <line num="103" count="0" type="cond" truecount="0" falsecount="2"/>
        <line num="105" count="0" type="cond" truecount="0" falsecount="2"/>
        <line num="107" count="0" type="cond" truecount="0" falsecount="2"/>
        <line num="109" count="0" type="cond" truecount="0" falsecount="2"/>
        <line num="111" count="0" type="cond" truecount="0" falsecount="2"/>
        <line num="113" count="0" type="cond" truecount="0" falsecount="2"/>
        <line num="115" count="0" type="cond" truecount="0" falsecount="2"/>
        <line num="117" count="0" type="cond" truecount="0" falsecount="2"/>
        <line num="119" count="0" type="cond" truecount="0" falsecount="2"/>
        <line num="121" count="0" type="cond" truecount="0" falsecount="2"/>
        <line num="123" count="0" type="cond" truecount="0" falsecount="2"/>
        <line num="125" count="0" type="cond" truecount="0" falsecount="2"/>
        <line num="127" count="0" type="cond" truecount="0" falsecount="2"/>
        <line num="129" count="0" type="cond" truecount="0" falsecount="2"/>
        <line num="131" count="0" type="cond" truecount="0" falsecount="2"/>
        <line num="133" count="0" type="cond" truecount="0" falsecount="2"/>
        <line num="135" count="0" type="cond" truecount="0" falsecount="2"/>
        <line num="137" count="0" type="cond" truecount="0" falsecount="2"/>
        <line num="139" count="0" type="cond" truecount="0" falsecount="2"/>
        <line num="141" count="0" type="cond" truecount="0" falsecount="2"/>
        <line num="143" count="0" type="cond" truecount="0" falsecount="2"/>
        <line num="145" count="0" type="cond" truecount="0" falsecount="2"/>
        <line num="147" count="0" type="cond" truecount="0" falsecount="2"/>
        <line num="149" count="0" type="cond" truecount="0" falsecount="2"/>
        <line num="151" count="0" type="cond" truecount="0" falsecount="2"/>
        <line num="153" count="0" type="cond" truecount="0" falsecount="2"/>
        <line num="155" count="0" type="cond" truecount="0" falsecount="2"/>
        <line num="157" count="0" type="cond" truecount="0" falsecount="2"/>
        <line num="159" count="0" type="cond" truecount="0" falsecount="2"/>
        <line num="161" count="0" type="cond" truecount="0" falsecount="2"/>
        <line num="163" count="0" type="cond" truecount="0" falsecount="2"/>
        <line num="165" count="0" type="cond" truecount="0" falsecount="2"/>
        <line num="167" count="0" type="cond" truecount="0" falsecount="2"/>
        <line num="169" count="0" type="cond" truecount="0" falsecount="2"/>
        <line num="171" count="0" type="cond" truecount="0" falsecount="2"/>
        <line num="173" count="0" type="cond" truecount="0" falsecount="2"/>
        <line num="175" count="0" type="cond" truecount="0" falsecount="2"/>
        <line num="177" count="0" type="cond" truecount="0" falsecount="2"/>
        <line num="179" count="0" type="cond" truecount="0" falsecount="2"/>
        <line num="181" count="0" type="cond" truecount="0" falsecount="2"/>
        <line num="183" count="0" type="cond" truecount="0" falsecount="2"/>
        <line num="185" count="0" type="cond" truecount="0" falsecount="2"/>
        <line num="187" count="0" type="cond" truecount="0" falsecount="2"/>
        <line num="189" count="0" type="cond" truecount="0" falsecount="2"/>
        <line num="191" count="0" type="cond" truecount="0" falsecount="2"/>
        <line num="193" count="0" type="cond" truecount="0" falsecount="2"/>
        <line num="195" count="0" type="cond" truecount="0" falsecount="2"/>
        <line num="197" count="0" type="cond" truecount="0" falsecount="2"/>
        <line num="199" count="0" type="cond" truecount="0" falsecount="2"/>
        <line num="201" count="0" type="cond" truecount="0" falsecount="2"/>
        <line num="203" count="0" type="cond" truecount="0" falsecount="2"/>
        <line num="205" count="0" type="cond" truecount="0" falsecount="2"/>
        <line num="207" count="0" type="cond" truecount="0" falsecount="2"/>
        <line num="209" count="0" type="cond" truecount="0" falsecount="2"/>
        <line num="211" count="0" type="cond" truecount="0" falsecount="2"/>
        <line num="213" count="0" type="cond" truecount="0" falsecount="2"/>
        <line num="215" count="0" type="cond" truecount="0" falsecount="2"/>
        <line num="217" count="0" type="cond" truecount="0" falsecount="2"/>
        <line num="219" count="0" type="cond" truecount="0" falsecount="2"/>
        <line num="221" count="0" type="cond" truecount="0" falsecount="2"/>
        <line num="223" count="0" type="cond" truecount="0" falsecount="2"/>
        <line num="225" count="0" type="cond" truecount="0" falsecount="2"/>
        <line num="227" count="0" type="cond" truecount="0" falsecount="2"/>
        <line num="229" count="0" type="cond" truecount="0" falsecount="2"/>
        <line num="231" count="0" type="cond" truecount="0" falsecount="2"/>
        <line num="233" count="0" type="cond" truecount="0" falsecount="2"/>
        <line num="235" count="0" type="cond" truecount="0" falsecount="2"/>
        <line num="237" count="0" type="cond" truecount="0" falsecount="2"/>
        <line num="239" count="0" type="cond" truecount="0" falsecount="2"/>
        <line num="241" count="0" type="cond" truecount="0" falsecount="2"/>
        <line num="243" count="0" type="cond" truecount="0" falsecount="2"/>
        <line num="245" count="0" type="cond" truecount="0" falsecount="2"/>
      </file>
    </package>
  </project>
</coverage>
