TN:
SF:../../../../../logo.png
FN:1,(anonymous_0)
FNF:1
FNH:0
FNDA:0,(anonymous_0)
DA:1,0
LF:1
LH:0
BRF:0
BRH:0
end_of_record
TN:
SF:.nuxt/dist/client/_nuxt/1.504441b3.js
FN:1,(anonymous_0)
FN:1,(anonymous_1)
FNF:2
FNH:0
FNDA:0,(anonymous_0)
FNDA:0,(anonymous_1)
DA:1,0
LF:1
LH:0
BRF:0
BRH:0
end_of_record
TN:
SF:.nuxt/dist/client/_nuxt/ContentList.b75af88b.js
FN:1,(anonymous_0)
FN:1,(anonymous_1)
FN:1,(anonymous_2)
FN:1,(anonymous_3)
FN:1,(anonymous_4)
FN:1,(anonymous_5)
FN:1,(anonymous_6)
FN:1,(anonymous_7)
FNF:8
FNH:0
FNDA:0,(anonymous_0)
FNDA:0,(anonymous_1)
FNDA:0,(anonymous_2)
FNDA:0,(anonymous_3)
FNDA:0,(anonymous_4)
FNDA:0,(anonymous_5)
FNDA:0,(anonymous_6)
FNDA:0,(anonymous_7)
DA:1,0
LF:1
LH:0
BRDA:1,0,0,0
BRDA:1,0,1,0
BRDA:1,1,0,0
BRDA:1,1,1,0
BRDA:1,1,2,0
BRDA:1,2,0,0
BRDA:1,2,1,0
BRDA:1,3,0,0
BRDA:1,3,1,0
BRDA:1,4,0,0
BRDA:1,4,1,0
BRDA:1,5,0,0
BRDA:1,5,1,0
BRDA:1,6,0,0
BRDA:1,6,1,0
BRDA:1,7,0,0
BRDA:1,7,1,0
BRDA:1,8,0,0
BRDA:1,8,1,0
BRDA:1,9,0,0
BRDA:1,9,1,0
BRDA:1,10,0,0
BRDA:1,10,1,0
BRDA:1,11,0,0
BRDA:1,11,1,0
BRF:25
BRH:0
end_of_record
TN:
SF:.nuxt/dist/client/_nuxt/ContentSlot.6c8f713e.js
FN:1,(anonymous_0)
FN:1,(anonymous_1)
FN:1,(anonymous_2)
FN:1,(anonymous_3)
FN:1,(anonymous_4)
FNF:5
FNH:0
FNDA:0,(anonymous_0)
FNDA:0,(anonymous_1)
FNDA:0,(anonymous_2)
FNDA:0,(anonymous_3)
FNDA:0,(anonymous_4)
DA:1,0
LF:1
LH:0
BRDA:1,0,0,0
BRDA:1,0,1,0
BRDA:1,1,0,0
BRDA:1,1,1,0
BRDA:1,2,0,0
BRDA:1,2,1,0
BRDA:1,3,0,0
BRDA:1,3,1,0
BRDA:1,4,0,0
BRDA:1,4,1,0
BRDA:1,5,0,0
BRDA:1,5,1,0
BRDA:1,6,0,0
BRDA:1,6,1,0
BRDA:1,7,0,0
BRDA:1,7,1,0
BRDA:1,8,0,0
BRDA:1,8,1,0
BRDA:1,9,0,0
BRDA:1,9,1,0
BRDA:1,10,0,0
BRDA:1,10,1,0
BRDA:1,11,0,0
BRDA:1,11,1,0
BRDA:1,12,0,0
BRDA:1,12,1,0
BRF:26
BRH:0
end_of_record
TN:
SF:.nuxt/dist/client/_nuxt/DocumentDrivenEmpty.86c50e72.js
FN:1,(anonymous_0)
FNF:1
FNH:0
FNDA:0,(anonymous_0)
DA:1,0
LF:1
LH:0
BRF:0
BRH:0
end_of_record
TN:
SF:.nuxt/dist/client/_nuxt/DocumentDrivenNotFound.7c5260d4.js
FN:1,(anonymous_0)
FNF:1
FNH:0
FNDA:0,(anonymous_0)
DA:1,0
LF:1
LH:0
BRF:0
BRH:0
end_of_record
TN:
SF:.nuxt/dist/client/_nuxt/Lazy.c84c6388.js
FN:5,ce
FN:5,ge
FN:5,(anonymous_2)
FN:5,on
FN:5,wn
FN:5,_n
FN:5,Re
FN:5,Ve
FN:5,fe
FN:5,kn
FN:5,sn
FN:5,je
FN:5,In
FN:5,dn
FN:5,Cn
FN:5,Bn
FN:5,cn
FN:5,De
FN:5,Ke
FN:5,R
FN:5,Ye
FN:5,Xe
FN:5,M
FN:5,(anonymous_23)
FN:5,(anonymous_24)
FN:5,$e
FN:5,B
FN:5,(anonymous_27)
FN:5,ae
FN:5,Ce
FN:5,Fe
FN:5,(anonymous_31)
FN:5,P
FN:5,Le
FN:5,Be
FN:5,Te
FN:5,(anonymous_36)
FN:5,Je
FN:5,(anonymous_38)
FN:5,(anonymous_39)
FN:5,(anonymous_40)
FN:5,(anonymous_41)
FN:5,Nn
FN:5,Ue
FN:5,(anonymous_44)
FN:5,Rn
FN:5,(anonymous_46)
FN:5,(anonymous_47)
FN:5,(anonymous_48)
FN:5,(anonymous_49)
FN:5,Ne
FN:5,fn
FN:5,Ge
FN:5,(anonymous_53)
FN:5,(anonymous_54)
FN:5,vn
FN:5,(anonymous_56)
FN:5,(anonymous_57)
FN:5,Tn
FN:5,Qe
FN:5,(anonymous_60)
FN:5,(anonymous_61)
FN:5,(anonymous_62)
FN:5,Pn
FN:5,(anonymous_64)
FN:5,zn
FN:5,(anonymous_66)
FN:5,(anonymous_67)
FN:5,(anonymous_68)
FN:5,(anonymous_69)
FN:5,mn
FN:5,Ln
FN:5,Gn
FN:5,(anonymous_73)
FN:5,(anonymous_74)
FN:5,qn
FN:5,yn
FN:5,Wn
FN:5,(anonymous_78)
FN:5,(anonymous_79)
FN:5,Hn
FN:5,(anonymous_81)
FN:5,(anonymous_82)
FN:5,Kn
FN:5,(anonymous_84)
FN:5,Yn
FN:5,w
FN:5,hn
FN:5,a
FN:5,i
FN:5,(anonymous_90)
FN:5,(anonymous_91)
FN:5,Xn
FN:5,(anonymous_93)
FN:5,(anonymous_94)
FN:5,(anonymous_95)
FN:5,Jn
FN:5,t
FN:5,(anonymous_98)
FN:5,(anonymous_99)
FN:5,(anonymous_100)
FN:5,(anonymous_101)
FN:5,(anonymous_102)
FN:5,Qn
FN:5,gn
FN:5,(anonymous_105)
FN:5,(anonymous_106)
FN:5,L
FN:5,(anonymous_108)
FN:5,(anonymous_109)
FN:5,(anonymous_110)
FN:5,(anonymous_111)
FN:5,Z
FN:5,z
FN:5,(anonymous_114)
FN:5,K
FN:5,re
FN:5,(anonymous_117)
FN:5,le
FN:5,(anonymous_119)
FN:5,se
FN:5,de
FN:5,(anonymous_122)
FN:5,(anonymous_123)
FN:5,(anonymous_124)
FN:5,(anonymous_125)
FN:5,(anonymous_126)
FN:5,(anonymous_127)
FN:5,(anonymous_128)
FN:5,(anonymous_129)
FN:5,Zn
FN:5,(anonymous_131)
FN:5,xn
FN:5,et
FN:5,u
FN:5,(anonymous_135)
FN:5,(anonymous_136)
FN:5,w
FN:5,nt
FN:5,(anonymous_139)
FN:5,(anonymous_140)
FN:5,(anonymous_141)
FN:5,xe
FN:5,(anonymous_143)
FN:5,(anonymous_144)
FN:5,(anonymous_145)
FN:5,(anonymous_146)
FN:5,(anonymous_147)
FN:5,(anonymous_148)
FN:5,(anonymous_149)
FN:5,(anonymous_150)
FN:5,(anonymous_151)
FN:5,(anonymous_152)
FN:5,A
FN:5,(anonymous_154)
FN:5,en
FN:5,tt
FN:5,rt
FN:5,at
FN:5,(anonymous_159)
FN:5,(anonymous_160)
FN:5,T
FN:5,q
FN:5,(anonymous_163)
FN:5,(anonymous_164)
FN:5,(anonymous_165)
FN:5,(anonymous_166)
FN:5,(anonymous_167)
FN:5,(anonymous_168)
FN:5,(anonymous_169)
FN:5,(anonymous_170)
FN:5,(anonymous_171)
FN:5,(anonymous_172)
FN:5,(anonymous_173)
FN:5,(anonymous_174)
FN:5,G
FN:5,(anonymous_176)
FN:5,(anonymous_177)
FN:5,(anonymous_178)
FN:5,(anonymous_179)
FN:5,(anonymous_180)
FN:5,(anonymous_181)
FN:5,K
FN:5,ee
FN:5,ve
FN:5,(anonymous_185)
FN:5,re
FN:5,le
FN:5,se
FN:5,de
FN:5,(anonymous_190)
FN:5,(anonymous_191)
FN:5,(anonymous_192)
FN:5,ie
FN:5,(anonymous_194)
FN:5,ke
FN:5,c
FN:5,(anonymous_197)
FN:5,j
FN:5,(anonymous_199)
FN:5,D
FN:5,(anonymous_201)
FN:5,(anonymous_202)
FN:5,Oe
FN:5,ue
FN:5,(anonymous_205)
FN:5,me
FN:5,(anonymous_207)
FN:5,pe
FN:5,(anonymous_209)
FN:5,(anonymous_210)
FN:5,Ae
FN:5,(anonymous_212)
FN:5,(anonymous_213)
FN:5,(anonymous_214)
FN:5,(anonymous_215)
FN:5,Ie
FN:5,(anonymous_217)
FN:5,Vn
FN:5,bn
FN:5,We
FN:5,He
FN:5,(anonymous_222)
FN:5,(anonymous_223)
FN:5,(anonymous_224)
FN:5,(anonymous_225)
FN:5,lt
FN:5,(anonymous_227)
FN:5,u
FN:5,(anonymous_229)
FN:5,(anonymous_230)
FN:5,(anonymous_231)
FN:5,(anonymous_232)
FN:5,ut
FN:5,i
FN:5,(anonymous_235)
FN:5,(anonymous_236)
FN:5,(anonymous_237)
FN:5,ot
FN:5,t
FN:5,r
FN:5,a
FN:5,(anonymous_242)
FN:5,(anonymous_243)
FN:5,(anonymous_244)
FN:5,S
FN:5,C
FN:5,H
FN:5,(anonymous_248)
FN:5,st
FN:5,(anonymous_250)
FN:5,(anonymous_251)
FN:5,v
FN:5,y
FN:5,s
FN:5,(anonymous_255)
FN:5,(anonymous_256)
FN:5,(anonymous_257)
FN:5,(anonymous_258)
FN:5,w
FN:5,V
FN:5,F
FN:5,k
FN:5,T
FN:5,q
FN:5,Q
FN:5,_
FN:5,(anonymous_267)
FN:5,(anonymous_268)
FN:5,(anonymous_269)
FN:5,V
FN:5,(anonymous_271)
FN:5,(anonymous_272)
FN:5,(anonymous_273)
FN:5,a
FN:5,(anonymous_275)
FN:5,ft
FN:5,(anonymous_277)
FN:5,(anonymous_278)
FN:5,(anonymous_279)
FN:5,(anonymous_280)
FN:5,(anonymous_281)
FN:5,(anonymous_282)
FN:5,(anonymous_283)
FN:5,(anonymous_284)
FN:5,(anonymous_285)
FN:5,(anonymous_286)
FN:5,(anonymous_287)
FNF:288
FNH:0
FNDA:0,ce
FNDA:0,ge
FNDA:0,(anonymous_2)
FNDA:0,on
FNDA:0,wn
FNDA:0,_n
FNDA:0,Re
FNDA:0,Ve
FNDA:0,fe
FNDA:0,kn
FNDA:0,sn
FNDA:0,je
FNDA:0,In
FNDA:0,dn
FNDA:0,Cn
FNDA:0,Bn
FNDA:0,cn
FNDA:0,De
FNDA:0,Ke
FNDA:0,R
FNDA:0,Ye
FNDA:0,Xe
FNDA:0,M
FNDA:0,(anonymous_23)
FNDA:0,(anonymous_24)
FNDA:0,$e
FNDA:0,B
FNDA:0,(anonymous_27)
FNDA:0,ae
FNDA:0,Ce
FNDA:0,Fe
FNDA:0,(anonymous_31)
FNDA:0,P
FNDA:0,Le
FNDA:0,Be
FNDA:0,Te
FNDA:0,(anonymous_36)
FNDA:0,Je
FNDA:0,(anonymous_38)
FNDA:0,(anonymous_39)
FNDA:0,(anonymous_40)
FNDA:0,(anonymous_41)
FNDA:0,Nn
FNDA:0,Ue
FNDA:0,(anonymous_44)
FNDA:0,Rn
FNDA:0,(anonymous_46)
FNDA:0,(anonymous_47)
FNDA:0,(anonymous_48)
FNDA:0,(anonymous_49)
FNDA:0,Ne
FNDA:0,fn
FNDA:0,Ge
FNDA:0,(anonymous_53)
FNDA:0,(anonymous_54)
FNDA:0,vn
FNDA:0,(anonymous_56)
FNDA:0,(anonymous_57)
FNDA:0,Tn
FNDA:0,Qe
FNDA:0,(anonymous_60)
FNDA:0,(anonymous_61)
FNDA:0,(anonymous_62)
FNDA:0,Pn
FNDA:0,(anonymous_64)
FNDA:0,zn
FNDA:0,(anonymous_66)
FNDA:0,(anonymous_67)
FNDA:0,(anonymous_68)
FNDA:0,(anonymous_69)
FNDA:0,mn
FNDA:0,Ln
FNDA:0,Gn
FNDA:0,(anonymous_73)
FNDA:0,(anonymous_74)
FNDA:0,qn
FNDA:0,yn
FNDA:0,Wn
FNDA:0,(anonymous_78)
FNDA:0,(anonymous_79)
FNDA:0,Hn
FNDA:0,(anonymous_81)
FNDA:0,(anonymous_82)
FNDA:0,Kn
FNDA:0,(anonymous_84)
FNDA:0,Yn
FNDA:0,w
FNDA:0,hn
FNDA:0,a
FNDA:0,i
FNDA:0,(anonymous_90)
FNDA:0,(anonymous_91)
FNDA:0,Xn
FNDA:0,(anonymous_93)
FNDA:0,(anonymous_94)
FNDA:0,(anonymous_95)
FNDA:0,Jn
FNDA:0,t
FNDA:0,(anonymous_98)
FNDA:0,(anonymous_99)
FNDA:0,(anonymous_100)
FNDA:0,(anonymous_101)
FNDA:0,(anonymous_102)
FNDA:0,Qn
FNDA:0,gn
FNDA:0,(anonymous_105)
FNDA:0,(anonymous_106)
FNDA:0,L
FNDA:0,(anonymous_108)
FNDA:0,(anonymous_109)
FNDA:0,(anonymous_110)
FNDA:0,(anonymous_111)
FNDA:0,Z
FNDA:0,z
FNDA:0,(anonymous_114)
FNDA:0,K
FNDA:0,re
FNDA:0,(anonymous_117)
FNDA:0,le
FNDA:0,(anonymous_119)
FNDA:0,se
FNDA:0,de
FNDA:0,(anonymous_122)
FNDA:0,(anonymous_123)
FNDA:0,(anonymous_124)
FNDA:0,(anonymous_125)
FNDA:0,(anonymous_126)
FNDA:0,(anonymous_127)
FNDA:0,(anonymous_128)
FNDA:0,(anonymous_129)
FNDA:0,Zn
FNDA:0,(anonymous_131)
FNDA:0,xn
FNDA:0,et
FNDA:0,u
FNDA:0,(anonymous_135)
FNDA:0,(anonymous_136)
FNDA:0,w
FNDA:0,nt
FNDA:0,(anonymous_139)
FNDA:0,(anonymous_140)
FNDA:0,(anonymous_141)
FNDA:0,xe
FNDA:0,(anonymous_143)
FNDA:0,(anonymous_144)
FNDA:0,(anonymous_145)
FNDA:0,(anonymous_146)
FNDA:0,(anonymous_147)
FNDA:0,(anonymous_148)
FNDA:0,(anonymous_149)
FNDA:0,(anonymous_150)
FNDA:0,(anonymous_151)
FNDA:0,(anonymous_152)
FNDA:0,A
FNDA:0,(anonymous_154)
FNDA:0,en
FNDA:0,tt
FNDA:0,rt
FNDA:0,at
FNDA:0,(anonymous_159)
FNDA:0,(anonymous_160)
FNDA:0,T
FNDA:0,q
FNDA:0,(anonymous_163)
FNDA:0,(anonymous_164)
FNDA:0,(anonymous_165)
FNDA:0,(anonymous_166)
FNDA:0,(anonymous_167)
FNDA:0,(anonymous_168)
FNDA:0,(anonymous_169)
FNDA:0,(anonymous_170)
FNDA:0,(anonymous_171)
FNDA:0,(anonymous_172)
FNDA:0,(anonymous_173)
FNDA:0,(anonymous_174)
FNDA:0,G
FNDA:0,(anonymous_176)
FNDA:0,(anonymous_177)
FNDA:0,(anonymous_178)
FNDA:0,(anonymous_179)
FNDA:0,(anonymous_180)
FNDA:0,(anonymous_181)
FNDA:0,K
FNDA:0,ee
FNDA:0,ve
FNDA:0,(anonymous_185)
FNDA:0,re
FNDA:0,le
FNDA:0,se
FNDA:0,de
FNDA:0,(anonymous_190)
FNDA:0,(anonymous_191)
FNDA:0,(anonymous_192)
FNDA:0,ie
FNDA:0,(anonymous_194)
FNDA:0,ke
FNDA:0,c
FNDA:0,(anonymous_197)
FNDA:0,j
FNDA:0,(anonymous_199)
FNDA:0,D
FNDA:0,(anonymous_201)
FNDA:0,(anonymous_202)
FNDA:0,Oe
FNDA:0,ue
FNDA:0,(anonymous_205)
FNDA:0,me
FNDA:0,(anonymous_207)
FNDA:0,pe
FNDA:0,(anonymous_209)
FNDA:0,(anonymous_210)
FNDA:0,Ae
FNDA:0,(anonymous_212)
FNDA:0,(anonymous_213)
FNDA:0,(anonymous_214)
FNDA:0,(anonymous_215)
FNDA:0,Ie
FNDA:0,(anonymous_217)
FNDA:0,Vn
FNDA:0,bn
FNDA:0,We
FNDA:0,He
FNDA:0,(anonymous_222)
FNDA:0,(anonymous_223)
FNDA:0,(anonymous_224)
FNDA:0,(anonymous_225)
FNDA:0,lt
FNDA:0,(anonymous_227)
FNDA:0,u
FNDA:0,(anonymous_229)
FNDA:0,(anonymous_230)
FNDA:0,(anonymous_231)
FNDA:0,(anonymous_232)
FNDA:0,ut
FNDA:0,i
FNDA:0,(anonymous_235)
FNDA:0,(anonymous_236)
FNDA:0,(anonymous_237)
FNDA:0,ot
FNDA:0,t
FNDA:0,r
FNDA:0,a
FNDA:0,(anonymous_242)
FNDA:0,(anonymous_243)
FNDA:0,(anonymous_244)
FNDA:0,S
FNDA:0,C
FNDA:0,H
FNDA:0,(anonymous_248)
FNDA:0,st
FNDA:0,(anonymous_250)
FNDA:0,(anonymous_251)
FNDA:0,v
FNDA:0,y
FNDA:0,s
FNDA:0,(anonymous_255)
FNDA:0,(anonymous_256)
FNDA:0,(anonymous_257)
FNDA:0,(anonymous_258)
FNDA:0,w
FNDA:0,V
FNDA:0,F
FNDA:0,k
FNDA:0,T
FNDA:0,q
FNDA:0,Q
FNDA:0,_
FNDA:0,(anonymous_267)
FNDA:0,(anonymous_268)
FNDA:0,(anonymous_269)
FNDA:0,V
FNDA:0,(anonymous_271)
FNDA:0,(anonymous_272)
FNDA:0,(anonymous_273)
FNDA:0,a
FNDA:0,(anonymous_275)
FNDA:0,ft
FNDA:0,(anonymous_277)
FNDA:0,(anonymous_278)
FNDA:0,(anonymous_279)
FNDA:0,(anonymous_280)
FNDA:0,(anonymous_281)
FNDA:0,(anonymous_282)
FNDA:0,(anonymous_283)
FNDA:0,(anonymous_284)
FNDA:0,(anonymous_285)
FNDA:0,(anonymous_286)
FNDA:0,(anonymous_287)
DA:5,0
LF:1
LH:0
BRDA:5,0,0,0
BRDA:5,0,1,0
BRDA:5,0,2,0
BRDA:5,0,3,0
BRDA:5,1,0,0
BRDA:5,1,1,0
BRDA:5,2,0,0
BRDA:5,2,1,0
BRDA:5,3,0,0
BRDA:5,3,1,0
BRDA:5,4,0,0
BRDA:5,4,1,0
BRDA:5,5,0,0
BRDA:5,5,1,0
BRDA:5,6,0,0
BRDA:5,6,1,0
BRDA:5,7,0,0
BRDA:5,7,1,0
BRDA:5,8,0,0
BRDA:5,8,1,0
BRDA:5,9,0,0
BRDA:5,9,1,0
BRDA:5,10,0,0
BRDA:5,10,1,0
BRDA:5,10,2,0
BRDA:5,11,0,0
BRDA:5,11,1,0
BRDA:5,11,2,0
BRDA:5,12,0,0
BRDA:5,12,1,0
BRDA:5,12,2,0
BRDA:5,13,0,0
BRDA:5,13,1,0
BRDA:5,14,0,0
BRDA:5,14,1,0
BRDA:5,14,2,0
BRDA:5,14,3,0
BRDA:5,14,4,0
BRDA:5,15,0,0
BRDA:5,15,1,0
BRDA:5,16,0,0
BRDA:5,16,1,0
BRDA:5,17,0,0
BRDA:5,17,1,0
BRDA:5,18,0,0
BRDA:5,18,1,0
BRDA:5,18,2,0
BRDA:5,18,3,0
BRDA:5,19,0,0
BRDA:5,19,1,0
BRDA:5,20,0,0
BRDA:5,20,1,0
BRDA:5,21,0,0
BRDA:5,21,1,0
BRDA:5,22,0,0
BRDA:5,22,1,0
BRDA:5,23,0,0
BRDA:5,23,1,0
BRDA:5,24,0,0
BRDA:5,24,1,0
BRDA:5,25,0,0
BRDA:5,25,1,0
BRDA:5,26,0,0
BRDA:5,26,1,0
BRDA:5,27,0,0
BRDA:5,27,1,0
BRDA:5,28,0,0
BRDA:5,28,1,0
BRDA:5,29,0,0
BRDA:5,29,1,0
BRDA:5,30,0,0
BRDA:5,30,1,0
BRDA:5,30,2,0
BRDA:5,30,3,0
BRDA:5,31,0,0
BRDA:5,31,1,0
BRDA:5,32,0,0
BRDA:5,32,1,0
BRDA:5,33,0,0
BRDA:5,33,1,0
BRDA:5,34,0,0
BRDA:5,34,1,0
BRDA:5,35,0,0
BRDA:5,35,1,0
BRDA:5,36,0,0
BRDA:5,36,1,0
BRDA:5,37,0,0
BRDA:5,37,1,0
BRDA:5,38,0,0
BRDA:5,38,1,0
BRDA:5,39,0,0
BRDA:5,39,1,0
BRDA:5,40,0,0
BRDA:5,40,1,0
BRDA:5,41,0,0
BRDA:5,41,1,0
BRDA:5,42,0,0
BRDA:5,42,1,0
BRDA:5,43,0,0
BRDA:5,43,1,0
BRDA:5,44,0,0
BRDA:5,44,1,0
BRDA:5,45,0,0
BRDA:5,45,1,0
BRDA:5,46,0,0
BRDA:5,46,1,0
BRDA:5,47,0,0
BRDA:5,47,1,0
BRDA:5,48,0,0
BRDA:5,48,1,0
BRDA:5,49,0,0
BRDA:5,49,1,0
BRDA:5,50,0,0
BRDA:5,50,1,0
BRDA:5,50,2,0
BRDA:5,50,3,0
BRDA:5,50,4,0
BRDA:5,50,5,0
BRDA:5,51,0,0
BRDA:5,51,1,0
BRDA:5,52,0,0
BRDA:5,52,1,0
BRDA:5,53,0,0
BRDA:5,53,1,0
BRDA:5,54,0,0
BRDA:5,54,1,0
BRDA:5,55,0,0
BRDA:5,55,1,0
BRDA:5,56,0,0
BRDA:5,56,1,0
BRDA:5,57,0,0
BRDA:5,57,1,0
BRDA:5,58,0,0
BRDA:5,58,1,0
BRDA:5,59,0,0
BRDA:5,59,1,0
BRDA:5,60,0,0
BRDA:5,60,1,0
BRDA:5,61,0,0
BRDA:5,61,1,0
BRDA:5,62,0,0
BRDA:5,62,1,0
BRDA:5,63,0,0
BRDA:5,63,1,0
BRDA:5,63,2,0
BRDA:5,64,0,0
BRDA:5,64,1,0
BRDA:5,65,0,0
BRDA:5,65,1,0
BRDA:5,66,0,0
BRDA:5,66,1,0
BRDA:5,67,0,0
BRDA:5,67,1,0
BRDA:5,68,0,0
BRDA:5,68,1,0
BRDA:5,69,0,0
BRDA:5,69,1,0
BRDA:5,70,0,0
BRDA:5,70,1,0
BRDA:5,71,0,0
BRDA:5,71,1,0
BRDA:5,72,0,0
BRDA:5,72,1,0
BRDA:5,73,0,0
BRDA:5,73,1,0
BRDA:5,73,2,0
BRDA:5,74,0,0
BRDA:5,74,1,0
BRDA:5,75,0,0
BRDA:5,75,1,0
BRDA:5,76,0,0
BRDA:5,76,1,0
BRDA:5,77,0,0
BRDA:5,77,1,0
BRDA:5,78,0,0
BRDA:5,78,1,0
BRDA:5,79,0,0
BRDA:5,79,1,0
BRDA:5,80,0,0
BRDA:5,80,1,0
BRDA:5,81,0,0
BRDA:5,81,1,0
BRDA:5,82,0,0
BRDA:5,82,1,0
BRDA:5,83,0,0
BRDA:5,83,1,0
BRDA:5,84,0,0
BRDA:5,85,0,0
BRDA:5,85,1,0
BRDA:5,86,0,0
BRDA:5,86,1,0
BRDA:5,87,0,0
BRDA:5,87,1,0
BRDA:5,88,0,0
BRDA:5,88,1,0
BRDA:5,89,0,0
BRDA:5,89,1,0
BRDA:5,90,0,0
BRDA:5,91,0,0
BRDA:5,91,1,0
BRDA:5,92,0,0
BRDA:5,92,1,0
BRDA:5,93,0,0
BRDA:5,93,1,0
BRDA:5,94,0,0
BRDA:5,94,1,0
BRDA:5,95,0,0
BRDA:5,95,1,0
BRDA:5,96,0,0
BRDA:5,96,1,0
BRDA:5,97,0,0
BRDA:5,97,1,0
BRDA:5,98,0,0
BRDA:5,98,1,0
BRDA:5,99,0,0
BRDA:5,99,1,0
BRDA:5,100,0,0
BRDA:5,100,1,0
BRDA:5,101,0,0
BRDA:5,101,1,0
BRDA:5,102,0,0
BRDA:5,102,1,0
BRDA:5,103,0,0
BRDA:5,103,1,0
BRDA:5,104,0,0
BRDA:5,104,1,0
BRDA:5,105,0,0
BRDA:5,105,1,0
BRDA:5,106,0,0
BRDA:5,106,1,0
BRDA:5,107,0,0
BRDA:5,107,1,0
BRDA:5,108,0,0
BRDA:5,108,1,0
BRDA:5,109,0,0
BRDA:5,109,1,0
BRDA:5,110,0,0
BRDA:5,110,1,0
BRDA:5,111,0,0
BRDA:5,111,1,0
BRDA:5,112,0,0
BRDA:5,112,1,0
BRDA:5,113,0,0
BRDA:5,113,1,0
BRDA:5,114,0,0
BRDA:5,114,1,0
BRDA:5,115,0,0
BRDA:5,115,1,0
BRDA:5,116,0,0
BRDA:5,116,1,0
BRDA:5,117,0,0
BRDA:5,117,1,0
BRDA:5,118,0,0
BRDA:5,118,1,0
BRDA:5,119,0,0
BRDA:5,119,1,0
BRDA:5,120,0,0
BRDA:5,120,1,0
BRDA:5,121,0,0
BRDA:5,121,1,0
BRDA:5,122,0,0
BRDA:5,122,1,0
BRDA:5,123,0,0
BRDA:5,123,1,0
BRDA:5,124,0,0
BRDA:5,124,1,0
BRDA:5,125,0,0
BRDA:5,125,1,0
BRDA:5,126,0,0
BRDA:5,126,1,0
BRDA:5,127,0,0
BRDA:5,127,1,0
BRDA:5,128,0,0
BRDA:5,128,1,0
BRDA:5,129,0,0
BRDA:5,129,1,0
BRDA:5,130,0,0
BRDA:5,131,0,0
BRDA:5,131,1,0
BRDA:5,132,0,0
BRDA:5,132,1,0
BRDA:5,133,0,0
BRDA:5,133,1,0
BRDA:5,134,0,0
BRDA:5,134,1,0
BRDA:5,135,0,0
BRDA:5,135,1,0
BRDA:5,136,0,0
BRDA:5,136,1,0
BRDA:5,137,0,0
BRDA:5,137,1,0
BRDA:5,138,0,0
BRDA:5,138,1,0
BRDA:5,139,0,0
BRDA:5,139,1,0
BRDA:5,140,0,0
BRDA:5,140,1,0
BRDA:5,141,0,0
BRDA:5,141,1,0
BRDA:5,142,0,0
BRDA:5,142,1,0
BRDA:5,143,0,0
BRDA:5,143,1,0
BRDA:5,144,0,0
BRDA:5,144,1,0
BRDA:5,145,0,0
BRDA:5,145,1,0
BRDA:5,146,0,0
BRDA:5,146,1,0
BRDA:5,147,0,0
BRDA:5,147,1,0
BRDA:5,148,0,0
BRDA:5,148,1,0
BRDA:5,149,0,0
BRDA:5,149,1,0
BRDA:5,150,0,0
BRDA:5,150,1,0
BRDA:5,151,0,0
BRDA:5,151,1,0
BRDA:5,152,0,0
BRDA:5,152,1,0
BRDA:5,153,0,0
BRDA:5,153,1,0
BRDA:5,154,0,0
BRDA:5,154,1,0
BRDA:5,155,0,0
BRDA:5,155,1,0
BRDA:5,156,0,0
BRDA:5,156,1,0
BRDA:5,157,0,0
BRDA:5,157,1,0
BRDA:5,158,0,0
BRDA:5,158,1,0
BRDA:5,159,0,0
BRDA:5,159,1,0
BRDA:5,160,0,0
BRDA:5,160,1,0
BRDA:5,161,0,0
BRDA:5,161,1,0
BRDA:5,162,0,0
BRDA:5,162,1,0
BRDA:5,163,0,0
BRDA:5,163,1,0
BRDA:5,164,0,0
BRDA:5,164,1,0
BRDA:5,165,0,0
BRDA:5,165,1,0
BRDA:5,166,0,0
BRDA:5,166,1,0
BRDA:5,167,0,0
BRDA:5,167,1,0
BRDA:5,168,0,0
BRDA:5,168,1,0
BRDA:5,169,0,0
BRDA:5,169,1,0
BRDA:5,170,0,0
BRDA:5,170,1,0
BRDA:5,171,0,0
BRDA:5,171,1,0
BRDA:5,172,0,0
BRDA:5,172,1,0
BRDA:5,173,0,0
BRDA:5,173,1,0
BRDA:5,174,0,0
BRDA:5,174,1,0
BRDA:5,175,0,0
BRDA:5,175,1,0
BRDA:5,176,0,0
BRDA:5,176,1,0
BRDA:5,177,0,0
BRDA:5,177,1,0
BRDA:5,178,0,0
BRDA:5,178,1,0
BRDA:5,179,0,0
BRDA:5,179,1,0
BRDA:5,180,0,0
BRDA:5,180,1,0
BRDA:5,181,0,0
BRDA:5,181,1,0
BRDA:5,182,0,0
BRDA:5,182,1,0
BRDA:5,183,0,0
BRDA:5,183,1,0
BRDA:5,184,0,0
BRDA:5,184,1,0
BRDA:5,185,0,0
BRDA:5,185,1,0
BRDA:5,186,0,0
BRDA:5,186,1,0
BRDA:5,187,0,0
BRDA:5,187,1,0
BRDA:5,188,0,0
BRDA:5,188,1,0
BRDA:5,189,0,0
BRDA:5,189,1,0
BRDA:5,190,0,0
BRDA:5,190,1,0
BRDA:5,190,2,0
BRDA:5,191,0,0
BRDA:5,191,1,0
BRDA:5,192,0,0
BRDA:5,192,1,0
BRDA:5,193,0,0
BRDA:5,193,1,0
BRDA:5,193,2,0
BRDA:5,194,0,0
BRDA:5,194,1,0
BRDA:5,195,0,0
BRDA:5,195,1,0
BRDA:5,196,0,0
BRDA:5,196,1,0
BRDA:5,197,0,0
BRDA:5,197,1,0
BRDA:5,198,0,0
BRDA:5,198,1,0
BRDA:5,199,0,0
BRDA:5,199,1,0
BRDA:5,200,0,0
BRDA:5,200,1,0
BRDA:5,201,0,0
BRDA:5,201,1,0
BRDA:5,202,0,0
BRDA:5,202,1,0
BRDA:5,203,0,0
BRDA:5,203,1,0
BRDA:5,204,0,0
BRDA:5,204,1,0
BRDA:5,205,0,0
BRDA:5,205,1,0
BRDA:5,206,0,0
BRDA:5,207,0,0
BRDA:5,207,1,0
BRDA:5,207,2,0
BRDA:5,208,0,0
BRDA:5,208,1,0
BRDA:5,209,0,0
BRDA:5,209,1,0
BRDA:5,209,2,0
BRDA:5,210,0,0
BRDA:5,210,1,0
BRDA:5,211,0,0
BRDA:5,211,1,0
BRDA:5,212,0,0
BRDA:5,212,1,0
BRDA:5,213,0,0
BRDA:5,213,1,0
BRDA:5,214,0,0
BRDA:5,214,1,0
BRDA:5,215,0,0
BRDA:5,215,1,0
BRDA:5,216,0,0
BRDA:5,216,1,0
BRDA:5,217,0,0
BRDA:5,217,1,0
BRDA:5,218,0,0
BRDA:5,218,1,0
BRDA:5,219,0,0
BRDA:5,219,1,0
BRDA:5,220,0,0
BRDA:5,220,1,0
BRDA:5,221,0,0
BRDA:5,221,1,0
BRDA:5,222,0,0
BRDA:5,222,1,0
BRDA:5,223,0,0
BRDA:5,223,1,0
BRDA:5,223,2,0
BRDA:5,224,0,0
BRDA:5,224,1,0
BRDA:5,225,0,0
BRDA:5,225,1,0
BRDA:5,226,0,0
BRDA:5,226,1,0
BRDA:5,227,0,0
BRDA:5,227,1,0
BRDA:5,227,2,0
BRDA:5,227,3,0
BRDA:5,228,0,0
BRDA:5,228,1,0
BRDA:5,229,0,0
BRDA:5,229,1,0
BRDA:5,230,0,0
BRDA:5,230,1,0
BRDA:5,231,0,0
BRDA:5,231,1,0
BRDA:5,232,0,0
BRDA:5,232,1,0
BRDA:5,233,0,0
BRDA:5,233,1,0
BRDA:5,234,0,0
BRDA:5,234,1,0
BRDA:5,235,0,0
BRDA:5,235,1,0
BRDA:5,236,0,0
BRDA:5,236,1,0
BRDA:5,237,0,0
BRDA:5,237,1,0
BRDA:5,238,0,0
BRDA:5,238,1,0
BRDA:5,239,0,0
BRDA:5,239,1,0
BRDA:5,240,0,0
BRDA:5,240,1,0
BRDA:5,241,0,0
BRDA:5,241,1,0
BRDA:5,242,0,0
BRDA:5,242,1,0
BRDA:5,243,0,0
BRDA:5,243,1,0
BRDA:5,244,0,0
BRDA:5,245,0,0
BRDA:5,245,1,0
BRDA:5,246,0,0
BRDA:5,246,1,0
BRDA:5,247,0,0
BRDA:5,247,1,0
BRDA:5,248,0,0
BRDA:5,248,1,0
BRDA:5,249,0,0
BRDA:5,249,1,0
BRDA:5,250,0,0
BRDA:5,250,1,0
BRDA:5,251,0,0
BRDA:5,251,1,0
BRDA:5,252,0,0
BRDA:5,252,1,0
BRDA:5,253,0,0
BRDA:5,253,1,0
BRDA:5,254,0,0
BRDA:5,254,1,0
BRDA:5,255,0,0
BRDA:5,255,1,0
BRDA:5,256,0,0
BRDA:5,256,1,0
BRDA:5,257,0,0
BRDA:5,257,1,0
BRDA:5,258,0,0
BRDA:5,258,1,0
BRDA:5,259,0,0
BRDA:5,260,0,0
BRDA:5,260,1,0
BRDA:5,261,0,0
BRDA:5,261,1,0
BRDA:5,262,0,0
BRDA:5,262,1,0
BRDA:5,262,2,0
BRDA:5,263,0,0
BRDA:5,263,1,0
BRDA:5,264,0,0
BRDA:5,264,1,0
BRDA:5,265,0,0
BRDA:5,265,1,0
BRDA:5,266,0,0
BRDA:5,266,1,0
BRDA:5,266,2,0
BRDA:5,267,0,0
BRDA:5,267,1,0
BRDA:5,268,0,0
BRDA:5,268,1,0
BRDA:5,269,0,0
BRDA:5,269,1,0
BRDA:5,270,0,0
BRDA:5,270,1,0
BRDA:5,271,0,0
BRDA:5,271,1,0
BRDA:5,272,0,0
BRDA:5,272,1,0
BRDA:5,273,0,0
BRDA:5,273,1,0
BRDA:5,274,0,0
BRDA:5,274,1,0
BRDA:5,275,0,0
BRDA:5,275,1,0
BRDA:5,276,0,0
BRDA:5,276,1,0
BRDA:5,277,0,0
BRDA:5,277,1,0
BRDA:5,278,0,0
BRDA:5,278,1,0
BRDA:5,279,0,0
BRDA:5,279,1,0
BRDA:5,280,0,0
BRDA:5,280,1,0
BRDA:5,281,0,0
BRDA:5,281,1,0
BRDA:5,281,2,0
BRDA:5,282,0,0
BRDA:5,282,1,0
BRDA:5,283,0,0
BRDA:5,283,1,0
BRDA:5,284,0,0
BRDA:5,284,1,0
BRDA:5,285,0,0
BRDA:5,285,1,0
BRDA:5,286,0,0
BRDA:5,286,1,0
BRDA:5,287,0,0
BRDA:5,287,1,0
BRDA:5,288,0,0
BRDA:5,288,1,0
BRDA:5,289,0,0
BRDA:5,289,1,0
BRDA:5,290,0,0
BRDA:5,290,1,0
BRDA:5,291,0,0
BRDA:5,291,1,0
BRDA:5,292,0,0
BRDA:5,292,1,0
BRDA:5,293,0,0
BRDA:5,293,1,0
BRDA:5,294,0,0
BRDA:5,294,1,0
BRDA:5,295,0,0
BRDA:5,295,1,0
BRDA:5,296,0,0
BRDA:5,296,1,0
BRDA:5,297,0,0
BRDA:5,297,1,0
BRDA:5,298,0,0
BRDA:5,298,1,0
BRDA:5,299,0,0
BRDA:5,299,1,0
BRDA:5,300,0,0
BRDA:5,300,1,0
BRDA:5,301,0,0
BRDA:5,301,1,0
BRDA:5,302,0,0
BRDA:5,302,1,0
BRDA:5,303,0,0
BRDA:5,303,1,0
BRDA:5,303,2,0
BRDA:5,304,0,0
BRDA:5,304,1,0
BRDA:5,305,0,0
BRDA:5,305,1,0
BRDA:5,306,0,0
BRDA:5,306,1,0
BRDA:5,307,0,0
BRDA:5,307,1,0
BRDA:5,308,0,0
BRDA:5,308,1,0
BRDA:5,308,2,0
BRDA:5,309,0,0
BRDA:5,309,1,0
BRDA:5,310,0,0
BRDA:5,310,1,0
BRDA:5,311,0,0
BRDA:5,311,1,0
BRDA:5,312,0,0
BRDA:5,313,0,0
BRDA:5,313,1,0
BRDA:5,314,0,0
BRDA:5,314,1,0
BRDA:5,315,0,0
BRDA:5,315,1,0
BRDA:5,315,2,0
BRDA:5,316,0,0
BRDA:5,316,1,0
BRDA:5,317,0,0
BRDA:5,317,1,0
BRDA:5,318,0,0
BRDA:5,318,1,0
BRDA:5,319,0,0
BRDA:5,319,1,0
BRDA:5,319,2,0
BRDA:5,319,3,0
BRDA:5,319,4,0
BRDA:5,320,0,0
BRDA:5,320,1,0
BRDA:5,321,0,0
BRDA:5,321,1,0
BRDA:5,322,0,0
BRDA:5,322,1,0
BRDA:5,323,0,0
BRDA:5,323,1,0
BRDA:5,324,0,0
BRDA:5,324,1,0
BRDA:5,325,0,0
BRDA:5,325,1,0
BRDA:5,326,0,0
BRDA:5,326,1,0
BRDA:5,327,0,0
BRDA:5,327,1,0
BRDA:5,327,2,0
BRDA:5,328,0,0
BRDA:5,328,1,0
BRDA:5,329,0,0
BRDA:5,329,1,0
BRDA:5,330,0,0
BRDA:5,330,1,0
BRDA:5,331,0,0
BRDA:5,331,1,0
BRDA:5,332,0,0
BRDA:5,332,1,0
BRDA:5,333,0,0
BRDA:5,333,1,0
BRDA:5,333,2,0
BRDA:5,334,0,0
BRDA:5,334,1,0
BRDA:5,335,0,0
BRDA:5,335,1,0
BRDA:5,336,0,0
BRDA:5,336,1,0
BRDA:5,337,0,0
BRDA:5,337,1,0
BRDA:5,338,0,0
BRDA:5,338,1,0
BRDA:5,339,0,0
BRDA:5,339,1,0
BRDA:5,340,0,0
BRDA:5,340,1,0
BRDA:5,341,0,0
BRDA:5,341,1,0
BRDA:5,341,2,0
BRDA:5,342,0,0
BRDA:5,342,1,0
BRDA:5,343,0,0
BRDA:5,343,1,0
BRDA:5,343,2,0
BRDA:5,344,0,0
BRDA:5,344,1,0
BRDA:5,345,0,0
BRDA:5,345,1,0
BRDA:5,346,0,0
BRDA:5,346,1,0
BRDA:5,347,0,0
BRDA:5,347,1,0
BRDA:5,348,0,0
BRDA:5,348,1,0
BRDA:5,349,0,0
BRDA:5,349,1,0
BRDA:5,349,2,0
BRDA:5,349,3,0
BRDA:5,350,0,0
BRDA:5,350,1,0
BRDA:5,351,0,0
BRDA:5,351,1,0
BRDA:5,352,0,0
BRDA:5,352,1,0
BRDA:5,353,0,0
BRDA:5,353,1,0
BRDA:5,354,0,0
BRDA:5,354,1,0
BRDA:5,355,0,0
BRDA:5,355,1,0
BRDA:5,355,2,0
BRDA:5,355,3,0
BRDA:5,356,0,0
BRDA:5,356,1,0
BRDA:5,357,0,0
BRDA:5,357,1,0
BRDA:5,358,0,0
BRDA:5,358,1,0
BRDA:5,359,0,0
BRDA:5,359,1,0
BRDA:5,360,0,0
BRDA:5,360,1,0
BRDA:5,361,0,0
BRDA:5,361,1,0
BRDA:5,362,0,0
BRDA:5,362,1,0
BRDA:5,363,0,0
BRDA:5,363,1,0
BRDA:5,364,0,0
BRDA:5,365,0,0
BRDA:5,365,1,0
BRDA:5,365,2,0
BRDA:5,366,0,0
BRDA:5,366,1,0
BRDA:5,367,0,0
BRDA:5,367,1,0
BRDA:5,368,0,0
BRDA:5,368,1,0
BRDA:5,369,0,0
BRDA:5,369,1,0
BRDA:5,370,0,0
BRDA:5,370,1,0
BRDA:5,371,0,0
BRDA:5,371,1,0
BRDA:5,371,2,0
BRDA:5,372,0,0
BRDA:5,372,1,0
BRDA:5,372,2,0
BRDA:5,373,0,0
BRDA:5,373,1,0
BRDA:5,374,0,0
BRDA:5,374,1,0
BRDA:5,375,0,0
BRDA:5,375,1,0
BRDA:5,376,0,0
BRDA:5,376,1,0
BRDA:5,376,2,0
BRDA:5,377,0,0
BRDA:5,377,1,0
BRDA:5,378,0,0
BRDA:5,378,1,0
BRDA:5,379,0,0
BRDA:5,379,1,0
BRDA:5,380,0,0
BRDA:5,381,0,0
BRDA:5,381,1,0
BRDA:5,382,0,0
BRDA:5,382,1,0
BRDA:5,383,0,0
BRDA:5,383,1,0
BRDA:5,384,0,0
BRDA:5,384,1,0
BRDA:5,385,0,0
BRDA:5,385,1,0
BRDA:5,386,0,0
BRDA:5,386,1,0
BRDA:5,387,0,0
BRDA:5,387,1,0
BRDA:5,388,0,0
BRDA:5,388,1,0
BRDA:5,389,0,0
BRDA:5,389,1,0
BRDA:5,390,0,0
BRDA:5,390,1,0
BRDA:5,391,0,0
BRDA:5,391,1,0
BRDA:5,392,0,0
BRDA:5,392,1,0
BRDA:5,393,0,0
BRDA:5,393,1,0
BRDA:5,394,0,0
BRDA:5,394,1,0
BRDA:5,395,0,0
BRDA:5,395,1,0
BRDA:5,396,0,0
BRDA:5,396,1,0
BRDA:5,397,0,0
BRDA:5,397,1,0
BRDA:5,398,0,0
BRDA:5,398,1,0
BRDA:5,399,0,0
BRDA:5,399,1,0
BRDA:5,400,0,0
BRDA:5,400,1,0
BRDA:5,401,0,0
BRDA:5,401,1,0
BRDA:5,402,0,0
BRDA:5,402,1,0
BRDA:5,403,0,0
BRDA:5,403,1,0
BRDA:5,404,0,0
BRDA:5,404,1,0
BRDA:5,405,0,0
BRDA:5,405,1,0
BRDA:5,406,0,0
BRDA:5,406,1,0
BRDA:5,407,0,0
BRDA:5,407,1,0
BRDA:5,408,0,0
BRDA:5,408,1,0
BRDA:5,409,0,0
BRDA:5,409,1,0
BRDA:5,410,0,0
BRDA:5,410,1,0
BRDA:5,411,0,0
BRDA:5,411,1,0
BRDA:5,412,0,0
BRDA:5,412,1,0
BRDA:5,413,0,0
BRDA:5,413,1,0
BRDA:5,414,0,0
BRDA:5,414,1,0
BRDA:5,415,0,0
BRDA:5,415,1,0
BRDA:5,416,0,0
BRDA:5,416,1,0
BRDA:5,417,0,0
BRDA:5,417,1,0
BRDA:5,418,0,0
BRDA:5,418,1,0
BRDA:5,419,0,0
BRDA:5,419,1,0
BRDA:5,420,0,0
BRDA:5,420,1,0
BRDA:5,421,0,0
BRDA:5,421,1,0
BRDA:5,422,0,0
BRDA:5,422,1,0
BRDA:5,423,0,0
BRDA:5,423,1,0
BRDA:5,423,2,0
BRDA:5,424,0,0
BRDA:5,424,1,0
BRDA:5,425,0,0
BRDA:5,425,1,0
BRDA:5,426,0,0
BRDA:5,426,1,0
BRDA:5,427,0,0
BRDA:5,427,1,0
BRDA:5,428,0,0
BRDA:5,428,1,0
BRDA:5,429,0,0
BRDA:5,429,1,0
BRDA:5,430,0,0
BRDA:5,430,1,0
BRDA:5,431,0,0
BRDA:5,431,1,0
BRDA:5,431,2,0
BRDA:5,432,0,0
BRDA:5,432,1,0
BRDA:5,433,0,0
BRDA:5,433,1,0
BRDA:5,434,0,0
BRDA:5,434,1,0
BRDA:5,435,0,0
BRDA:5,435,1,0
BRDA:5,436,0,0
BRDA:5,436,1,0
BRDA:5,437,0,0
BRDA:5,437,1,0
BRDA:5,438,0,0
BRDA:5,438,1,0
BRDA:5,439,0,0
BRDA:5,439,1,0
BRDA:5,440,0,0
BRDA:5,440,1,0
BRDA:5,441,0,0
BRDA:5,441,1,0
BRDA:5,442,0,0
BRDA:5,442,1,0
BRDA:5,442,2,0
BRDA:5,443,0,0
BRDA:5,443,1,0
BRDA:5,444,0,0
BRDA:5,444,1,0
BRDA:5,445,0,0
BRDA:5,445,1,0
BRDA:5,446,0,0
BRDA:5,446,1,0
BRDA:5,447,0,0
BRDA:5,447,1,0
BRDA:5,448,0,0
BRDA:5,448,1,0
BRDA:5,449,0,0
BRDA:5,449,1,0
BRDA:5,449,2,0
BRDA:5,449,3,0
BRDA:5,450,0,0
BRDA:5,450,1,0
BRDA:5,451,0,0
BRDA:5,451,1,0
BRDA:5,452,0,0
BRDA:5,452,1,0
BRDA:5,452,2,0
BRDA:5,453,0,0
BRDA:5,453,1,0
BRDA:5,454,0,0
BRDA:5,454,1,0
BRDA:5,455,0,0
BRDA:5,456,0,0
BRDA:5,456,1,0
BRF:956
BRH:0
end_of_record
TN:
SF:.nuxt/dist/client/_nuxt/Markdown.9f117f14.js
FN:1,(anonymous_0)
FN:1,(anonymous_1)
FNF:2
FNH:0
FNDA:0,(anonymous_0)
FNDA:0,(anonymous_1)
DA:1,0
LF:1
LH:0
BRDA:1,0,0,0
BRDA:1,0,1,0
BRF:2
BRH:0
end_of_record
TN:
SF:.nuxt/dist/client/_nuxt/ProseA.c3282917.js
FN:1,(anonymous_0)
FN:1,(anonymous_1)
FN:1,(anonymous_2)
FNF:3
FNH:0
FNDA:0,(anonymous_0)
FNDA:0,(anonymous_1)
FNDA:0,(anonymous_2)
DA:1,0
LF:1
LH:0
BRF:0
BRH:0
end_of_record
TN:
SF:.nuxt/dist/client/_nuxt/ProseBlockquote.13698973.js
FN:1,n
FNF:1
FNH:0
FNDA:0,n
DA:1,0
LF:1
LH:0
BRF:0
BRH:0
end_of_record
TN:
SF:.nuxt/dist/client/_nuxt/ProseCode.834407d3.js
FN:1,(anonymous_0)
FN:1,s
FNF:2
FNH:0
FNDA:0,(anonymous_0)
FNDA:0,s
DA:1,0
LF:1
LH:0
BRF:0
BRH:0
end_of_record
TN:
SF:.nuxt/dist/client/_nuxt/ProseCodeInline.ef27fe7a.js
FN:1,c
FNF:1
FNH:0
FNDA:0,c
DA:1,0
LF:1
LH:0
BRF:0
BRH:0
end_of_record
TN:
SF:.nuxt/dist/client/_nuxt/ProseEm.ce5e16ff.js
FN:1,c
FNF:1
FNH:0
FNDA:0,c
DA:1,0
LF:1
LH:0
BRF:0
BRH:0
end_of_record
TN:
SF:.nuxt/dist/client/_nuxt/ProseH1.db4c9801.js
FN:1,(anonymous_0)
FN:1,(anonymous_1)
FNF:2
FNH:0
FNDA:0,(anonymous_0)
FNDA:0,(anonymous_1)
DA:1,0
LF:1
LH:0
BRDA:1,0,0,0
BRDA:1,0,1,0
BRDA:1,1,0,0
BRDA:1,1,1,0
BRDA:1,2,0,0
BRDA:1,2,1,0
BRDA:1,3,0,0
BRDA:1,3,1,0
BRF:8
BRH:0
end_of_record
TN:
SF:.nuxt/dist/client/_nuxt/ProseH2.00b7998c.js
FN:1,(anonymous_0)
FN:1,(anonymous_1)
FNF:2
FNH:0
FNDA:0,(anonymous_0)
FNDA:0,(anonymous_1)
DA:1,0
LF:1
LH:0
BRDA:1,0,0,0
BRDA:1,0,1,0
BRDA:1,1,0,0
BRDA:1,1,1,0
BRDA:1,2,0,0
BRDA:1,2,1,0
BRDA:1,3,0,0
BRDA:1,3,1,0
BRF:8
BRH:0
end_of_record
TN:
SF:.nuxt/dist/client/_nuxt/ProseH3.810c3a87.js
FN:1,(anonymous_0)
FN:1,(anonymous_1)
FNF:2
FNH:0
FNDA:0,(anonymous_0)
FNDA:0,(anonymous_1)
DA:1,0
LF:1
LH:0
BRDA:1,0,0,0
BRDA:1,0,1,0
BRDA:1,1,0,0
BRDA:1,1,1,0
BRDA:1,2,0,0
BRDA:1,2,1,0
BRDA:1,3,0,0
BRDA:1,3,1,0
BRF:8
BRH:0
end_of_record
TN:
SF:.nuxt/dist/client/_nuxt/ProseH4.0a976c27.js
FN:1,(anonymous_0)
FN:1,(anonymous_1)
FNF:2
FNH:0
FNDA:0,(anonymous_0)
FNDA:0,(anonymous_1)
DA:1,0
LF:1
LH:0
BRDA:1,0,0,0
BRDA:1,0,1,0
BRDA:1,1,0,0
BRDA:1,1,1,0
BRDA:1,2,0,0
BRDA:1,2,1,0
BRDA:1,3,0,0
BRDA:1,3,1,0
BRF:8
BRH:0
end_of_record
TN:
SF:.nuxt/dist/client/_nuxt/ProseH5.ea2f5c5f.js
FN:1,(anonymous_0)
FN:1,(anonymous_1)
FNF:2
FNH:0
FNDA:0,(anonymous_0)
FNDA:0,(anonymous_1)
DA:1,0
LF:1
LH:0
BRDA:1,0,0,0
BRDA:1,0,1,0
BRDA:1,1,0,0
BRDA:1,1,1,0
BRDA:1,2,0,0
BRDA:1,2,1,0
BRDA:1,3,0,0
BRDA:1,3,1,0
BRF:8
BRH:0
end_of_record
TN:
SF:.nuxt/dist/client/_nuxt/ProseH6.c08f8e40.js
FN:1,(anonymous_0)
FN:1,(anonymous_1)
FNF:2
FNH:0
FNDA:0,(anonymous_0)
FNDA:0,(anonymous_1)
DA:1,0
LF:1
LH:0
BRDA:1,0,0,0
BRDA:1,0,1,0
BRDA:1,1,0,0
BRDA:1,1,1,0
BRDA:1,2,0,0
BRDA:1,2,1,0
BRDA:1,3,0,0
BRDA:1,3,1,0
BRF:8
BRH:0
end_of_record
TN:
SF:.nuxt/dist/client/_nuxt/ProseHr.0d3b4765.js
FN:1,s
FNF:1
FNH:0
FNDA:0,s
DA:1,0
LF:1
LH:0
BRF:0
BRH:0
end_of_record
TN:
SF:.nuxt/dist/client/_nuxt/ProseImg.df490e78.js
FN:1,(anonymous_0)
FN:1,(anonymous_1)
FNF:2
FNH:0
FNDA:0,(anonymous_0)
FNDA:0,(anonymous_1)
DA:1,0
LF:1
LH:0
BRF:0
BRH:0
end_of_record
TN:
SF:.nuxt/dist/client/_nuxt/ProseLi.a4b21944.js
FN:1,c
FNF:1
FNH:0
FNDA:0,c
DA:1,0
LF:1
LH:0
BRF:0
BRH:0
end_of_record
TN:
SF:.nuxt/dist/client/_nuxt/ProseOl.29d4ba42.js
FN:1,c
FNF:1
FNH:0
FNDA:0,c
DA:1,0
LF:1
LH:0
BRF:0
BRH:0
end_of_record
TN:
SF:.nuxt/dist/client/_nuxt/ProseP.707125cd.js
FN:1,c
FNF:1
FNH:0
FNDA:0,c
DA:1,0
LF:1
LH:0
BRF:0
BRH:0
end_of_record
TN:
SF:.nuxt/dist/client/_nuxt/ProseStrong.a7f0cdac.js
FN:1,c
FNF:1
FNH:0
FNDA:0,c
DA:1,0
LF:1
LH:0
BRF:0
BRH:0
end_of_record
TN:
SF:.nuxt/dist/client/_nuxt/ProseTable.4783c696.js
FN:1,n
FNF:1
FNH:0
FNDA:0,n
DA:1,0
LF:1
LH:0
BRF:0
BRH:0
end_of_record
TN:
SF:.nuxt/dist/client/_nuxt/ProseTbody.d0081179.js
FN:1,c
FNF:1
FNH:0
FNDA:0,c
DA:1,0
LF:1
LH:0
BRF:0
BRH:0
end_of_record
TN:
SF:.nuxt/dist/client/_nuxt/ProseTd.3de48528.js
FN:1,c
FNF:1
FNH:0
FNDA:0,c
DA:1,0
LF:1
LH:0
BRF:0
BRH:0
end_of_record
TN:
SF:.nuxt/dist/client/_nuxt/ProseTh.3c2f17ed.js
FN:1,c
FNF:1
FNH:0
FNDA:0,c
DA:1,0
LF:1
LH:0
BRF:0
BRH:0
end_of_record
TN:
SF:.nuxt/dist/client/_nuxt/ProseThead.5c7adf28.js
FN:1,n
FNF:1
FNH:0
FNDA:0,n
DA:1,0
LF:1
LH:0
BRF:0
BRH:0
end_of_record
TN:
SF:.nuxt/dist/client/_nuxt/ProseTr.83d34146.js
FN:1,c
FNF:1
FNH:0
FNDA:0,c
DA:1,0
LF:1
LH:0
BRF:0
BRH:0
end_of_record
TN:
SF:.nuxt/dist/client/_nuxt/ProseUl.e0377452.js
FN:1,c
FNF:1
FNH:0
FNDA:0,c
DA:1,0
LF:1
LH:0
BRF:0
BRH:0
end_of_record
TN:
SF:.nuxt/dist/client/_nuxt/_board_.74855fa2.js
FN:1,(anonymous_0)
FN:1,_
FN:1,(anonymous_2)
FN:1,(anonymous_3)
FNF:4
FNH:0
FNDA:0,(anonymous_0)
FNDA:0,_
FNDA:0,(anonymous_2)
FNDA:0,(anonymous_3)
DA:1,0
LF:1
LH:0
BRDA:1,0,0,0
BRDA:1,0,1,0
BRF:2
BRH:0
end_of_record
TN:
SF:.nuxt/dist/client/_nuxt/_id_.4604762f.js
FN:1,a
FNF:1
FNH:0
FNDA:0,a
DA:1,0
LF:1
LH:0
BRF:0
BRH:0
end_of_record
TN:
SF:.nuxt/dist/client/_nuxt/_industry_.99a4d620.js
FN:1,(anonymous_0)
FN:1,(anonymous_1)
FN:1,(anonymous_2)
FN:1,(anonymous_3)
FN:1,(anonymous_4)
FNF:5
FNH:0
FNDA:0,(anonymous_0)
FNDA:0,(anonymous_1)
FNDA:0,(anonymous_2)
FNDA:0,(anonymous_3)
FNDA:0,(anonymous_4)
DA:1,0
LF:1
LH:0
BRDA:1,0,0,0
BRDA:1,0,1,0
BRF:2
BRH:0
end_of_record
TN:
SF:.nuxt/dist/client/_nuxt/_messageId_.5217e2f1.js
FN:1,(anonymous_0)
FN:1,(anonymous_1)
FN:1,(anonymous_2)
FN:1,(anonymous_3)
FN:1,(anonymous_4)
FN:1,(anonymous_5)
FNF:6
FNH:0
FNDA:0,(anonymous_0)
FNDA:0,(anonymous_1)
FNDA:0,(anonymous_2)
FNDA:0,(anonymous_3)
FNDA:0,(anonymous_4)
FNDA:0,(anonymous_5)
DA:1,0
LF:1
LH:0
BRDA:1,0,0,0
BRDA:1,0,1,0
BRDA:1,1,0,0
BRDA:1,1,1,0
BRDA:1,2,0,0
BRDA:1,2,1,0
BRDA:1,3,0,0
BRDA:1,3,1,0
BRDA:1,4,0,0
BRDA:1,4,1,0
BRDA:1,5,0,0
BRDA:1,5,1,0
BRF:12
BRH:0
end_of_record
TN:
SF:.nuxt/dist/client/_nuxt/_name_.8c4b5641.js
FN:1,(anonymous_0)
FN:1,(anonymous_1)
FN:1,(anonymous_2)
FN:1,c
FN:1,b
FN:1,(anonymous_5)
FN:1,(anonymous_6)
FN:1,(anonymous_7)
FN:1,(anonymous_8)
FN:1,(anonymous_9)
FN:1,(anonymous_10)
FNF:11
FNH:0
FNDA:0,(anonymous_0)
FNDA:0,(anonymous_1)
FNDA:0,(anonymous_2)
FNDA:0,c
FNDA:0,b
FNDA:0,(anonymous_5)
FNDA:0,(anonymous_6)
FNDA:0,(anonymous_7)
FNDA:0,(anonymous_8)
FNDA:0,(anonymous_9)
FNDA:0,(anonymous_10)
DA:1,0
LF:1
LH:0
BRDA:1,0,0,0
BRDA:1,0,1,0
BRDA:1,1,0,0
BRDA:1,1,1,0
BRDA:1,2,0,0
BRDA:1,2,1,0
BRDA:1,3,0,0
BRDA:1,3,1,0
BRDA:1,4,0,0
BRDA:1,4,1,0
BRF:10
BRH:0
end_of_record
TN:
SF:.nuxt/dist/client/_nuxt/_slug_.08db9e54.js
FN:1,e
FNF:1
FNH:0
FNDA:0,e
DA:1,0
LF:1
LH:0
BRF:0
BRH:0
end_of_record
TN:
SF:.nuxt/dist/client/_nuxt/_test_.e9d4eb98.js
FN:1,(anonymous_0)
FN:1,(anonymous_1)
FN:1,(anonymous_2)
FN:1,(anonymous_3)
FN:1,(anonymous_4)
FN:1,(anonymous_5)
FN:1,(anonymous_6)
FN:1,(anonymous_7)
FNF:8
FNH:0
FNDA:0,(anonymous_0)
FNDA:0,(anonymous_1)
FNDA:0,(anonymous_2)
FNDA:0,(anonymous_3)
FNDA:0,(anonymous_4)
FNDA:0,(anonymous_5)
FNDA:0,(anonymous_6)
FNDA:0,(anonymous_7)
DA:1,0
LF:1
LH:0
BRDA:1,0,0,0
BRDA:1,0,1,0
BRF:2
BRH:0
end_of_record
TN:
SF:.nuxt/dist/client/_nuxt/accountType.f8bd0779.js
FNF:0
FNH:0
LF:0
LH:0
BRF:0
BRH:0
end_of_record
TN:
SF:.nuxt/dist/client/_nuxt/accountType.vue_vue_type_script_setup_true_lang.f357ab01.js
FN:1,(anonymous_0)
FN:1,(anonymous_1)
FN:1,(anonymous_2)
FN:1,(anonymous_3)
FN:1,(anonymous_4)
FN:1,(anonymous_5)
FNF:6
FNH:0
FNDA:0,(anonymous_0)
FNDA:0,(anonymous_1)
FNDA:0,(anonymous_2)
FNDA:0,(anonymous_3)
FNDA:0,(anonymous_4)
FNDA:0,(anonymous_5)
DA:1,0
LF:1
LH:0
BRF:0
BRH:0
end_of_record
TN:
SF:.nuxt/dist/client/_nuxt/autoComplete.5fe1c8e1.js
FN:1,(anonymous_0)
FN:1,(anonymous_1)
FN:1,(anonymous_2)
FN:1,(anonymous_3)
FN:1,(anonymous_4)
FN:1,(anonymous_5)
FN:1,(anonymous_6)
FN:1,(anonymous_7)
FN:1,(anonymous_8)
FNF:9
FNH:0
FNDA:0,(anonymous_0)
FNDA:0,(anonymous_1)
FNDA:0,(anonymous_2)
FNDA:0,(anonymous_3)
FNDA:0,(anonymous_4)
FNDA:0,(anonymous_5)
FNDA:0,(anonymous_6)
FNDA:0,(anonymous_7)
FNDA:0,(anonymous_8)
DA:1,0
LF:1
LH:0
BRDA:1,0,0,0
BRDA:1,0,1,0
BRDA:1,1,0,0
BRDA:1,1,1,0
BRDA:1,1,2,0
BRDA:1,2,0,0
BRDA:1,2,1,0
BRDA:1,3,0,0
BRDA:1,3,1,0
BRDA:1,4,0,0
BRDA:1,4,1,0
BRDA:1,5,0,0
BRDA:1,5,1,0
BRDA:1,6,0,0
BRDA:1,6,1,0
BRF:15
BRH:0
end_of_record
TN:
SF:.nuxt/dist/client/_nuxt/badge.8d67f054.js
FN:1,d
FNF:1
FNH:0
FNDA:0,d
DA:1,0
LF:1
LH:0
BRF:0
BRH:0
end_of_record
TN:
SF:.nuxt/dist/client/_nuxt/boardSelector.1317a903.js
FN:1,J
FN:1,(anonymous_1)
FN:1,(anonymous_2)
FN:1,(anonymous_3)
FN:1,n
FN:1,(anonymous_5)
FN:1,(anonymous_6)
FN:1,(anonymous_7)
FN:1,$
FN:1,j
FN:1,A
FN:1,(anonymous_11)
FN:1,(anonymous_12)
FN:1,M
FN:1,(anonymous_14)
FN:1,N
FN:1,(anonymous_16)
FN:1,(anonymous_17)
FN:1,(anonymous_18)
FN:1,(anonymous_19)
FN:1,(anonymous_20)
FN:1,(anonymous_21)
FN:1,(anonymous_22)
FN:1,(anonymous_23)
FNF:24
FNH:0
FNDA:0,J
FNDA:0,(anonymous_1)
FNDA:0,(anonymous_2)
FNDA:0,(anonymous_3)
FNDA:0,n
FNDA:0,(anonymous_5)
FNDA:0,(anonymous_6)
FNDA:0,(anonymous_7)
FNDA:0,$
FNDA:0,j
FNDA:0,A
FNDA:0,(anonymous_11)
FNDA:0,(anonymous_12)
FNDA:0,M
FNDA:0,(anonymous_14)
FNDA:0,N
FNDA:0,(anonymous_16)
FNDA:0,(anonymous_17)
FNDA:0,(anonymous_18)
FNDA:0,(anonymous_19)
FNDA:0,(anonymous_20)
FNDA:0,(anonymous_21)
FNDA:0,(anonymous_22)
FNDA:0,(anonymous_23)
DA:1,0
LF:1
LH:0
BRDA:1,0,0,0
BRDA:1,0,1,0
BRDA:1,1,0,0
BRDA:1,1,1,0
BRDA:1,2,0,0
BRDA:1,2,1,0
BRDA:1,3,0,0
BRDA:1,3,1,0
BRDA:1,4,0,0
BRDA:1,4,1,0
BRF:10
BRH:0
end_of_record
TN:
SF:.nuxt/dist/client/_nuxt/brokerage.c26423d7.js
FN:1,n
FNF:1
FNH:0
FNDA:0,n
DA:1,0
LF:1
LH:0
BRF:0
BRH:0
end_of_record
TN:
SF:.nuxt/dist/client/_nuxt/btn.4e09c6dd.js
FN:1,(anonymous_0)
FN:1,f
FN:1,(anonymous_2)
FN:1,(anonymous_3)
FN:1,(anonymous_4)
FN:1,(anonymous_5)
FN:1,u
FN:1,(anonymous_7)
FNF:8
FNH:0
FNDA:0,(anonymous_0)
FNDA:0,f
FNDA:0,(anonymous_2)
FNDA:0,(anonymous_3)
FNDA:0,(anonymous_4)
FNDA:0,(anonymous_5)
FNDA:0,u
FNDA:0,(anonymous_7)
DA:1,0
LF:1
LH:0
BRDA:1,0,0,0
BRDA:1,0,1,0
BRDA:1,1,0,0
BRDA:1,1,1,0
BRDA:1,1,2,0
BRDA:1,2,0,0
BRDA:1,2,1,0
BRDA:1,3,0,0
BRDA:1,3,1,0
BRDA:1,4,0,0
BRDA:1,4,1,0
BRDA:1,5,0,0
BRDA:1,5,1,0
BRDA:1,5,2,0
BRF:14
BRH:0
end_of_record
TN:
SF:.nuxt/dist/client/_nuxt/calculator.d93406d7.js
FN:1,(anonymous_0)
FN:1,(anonymous_1)
FN:1,(anonymous_2)
FN:1,(anonymous_3)
FN:1,(anonymous_4)
FN:1,(anonymous_5)
FN:1,(anonymous_6)
FN:1,(anonymous_7)
FN:1,(anonymous_8)
FN:1,(anonymous_9)
FN:1,(anonymous_10)
FN:1,(anonymous_11)
FN:1,(anonymous_12)
FN:1,(anonymous_13)
FN:1,(anonymous_14)
FN:1,(anonymous_15)
FN:1,(anonymous_16)
FN:1,(anonymous_17)
FN:1,(anonymous_18)
FN:1,(anonymous_19)
FN:1,(anonymous_20)
FN:1,(anonymous_21)
FN:1,(anonymous_22)
FN:1,(anonymous_23)
FN:1,(anonymous_24)
FN:1,(anonymous_25)
FN:1,(anonymous_26)
FN:1,(anonymous_27)
FN:1,(anonymous_28)
FN:1,(anonymous_29)
FN:1,(anonymous_30)
FN:1,(anonymous_31)
FNF:32
FNH:0
FNDA:0,(anonymous_0)
FNDA:0,(anonymous_1)
FNDA:0,(anonymous_2)
FNDA:0,(anonymous_3)
FNDA:0,(anonymous_4)
FNDA:0,(anonymous_5)
FNDA:0,(anonymous_6)
FNDA:0,(anonymous_7)
FNDA:0,(anonymous_8)
FNDA:0,(anonymous_9)
FNDA:0,(anonymous_10)
FNDA:0,(anonymous_11)
FNDA:0,(anonymous_12)
FNDA:0,(anonymous_13)
FNDA:0,(anonymous_14)
FNDA:0,(anonymous_15)
FNDA:0,(anonymous_16)
FNDA:0,(anonymous_17)
FNDA:0,(anonymous_18)
FNDA:0,(anonymous_19)
FNDA:0,(anonymous_20)
FNDA:0,(anonymous_21)
FNDA:0,(anonymous_22)
FNDA:0,(anonymous_23)
FNDA:0,(anonymous_24)
FNDA:0,(anonymous_25)
FNDA:0,(anonymous_26)
FNDA:0,(anonymous_27)
FNDA:0,(anonymous_28)
FNDA:0,(anonymous_29)
FNDA:0,(anonymous_30)
FNDA:0,(anonymous_31)
DA:1,0
LF:1
LH:0
BRDA:1,0,0,0
BRDA:1,0,1,0
BRDA:1,1,0,0
BRDA:1,1,1,0
BRDA:1,2,0,0
BRDA:1,2,1,0
BRDA:1,3,0,0
BRDA:1,3,1,0
BRDA:1,4,0,0
BRDA:1,4,1,0
BRDA:1,5,0,0
BRDA:1,5,1,0
BRDA:1,6,0,0
BRDA:1,6,1,0
BRDA:1,7,0,0
BRDA:1,7,1,0
BRDA:1,8,0,0
BRDA:1,8,1,0
BRDA:1,9,0,0
BRDA:1,9,1,0
BRDA:1,10,0,0
BRDA:1,10,1,0
BRDA:1,11,0,0
BRDA:1,11,1,0
BRDA:1,12,0,0
BRDA:1,12,1,0
BRDA:1,13,0,0
BRDA:1,13,1,0
BRDA:1,14,0,0
BRDA:1,14,1,0
BRDA:1,15,0,0
BRDA:1,15,1,0
BRDA:1,16,0,0
BRDA:1,16,1,0
BRDA:1,17,0,0
BRDA:1,17,1,0
BRDA:1,18,0,0
BRDA:1,18,1,0
BRDA:1,19,0,0
BRDA:1,19,1,0
BRDA:1,20,0,0
BRDA:1,20,1,0
BRDA:1,21,0,0
BRDA:1,21,1,0
BRDA:1,22,0,0
BRDA:1,22,1,0
BRDA:1,23,0,0
BRDA:1,23,1,0
BRDA:1,24,0,0
BRDA:1,24,1,0
BRDA:1,25,0,0
BRDA:1,25,1,0
BRF:52
BRH:0
end_of_record
TN:
SF:.nuxt/dist/client/_nuxt/card.d9003777.js
FNF:0
FNH:0
LF:0
LH:0
BRF:0
BRH:0
end_of_record
TN:
SF:.nuxt/dist/client/_nuxt/card.vue_vue_type_script_setup_true_lang.4d4d795e.js
FN:1,(anonymous_0)
FN:1,(anonymous_1)
FNF:2
FNH:0
FNDA:0,(anonymous_0)
FNDA:0,(anonymous_1)
DA:1,0
LF:1
LH:0
BRDA:1,0,0,0
BRDA:1,0,1,0
BRDA:1,1,0,0
BRDA:1,1,1,0
BRDA:1,2,0,0
BRDA:1,2,1,0
BRF:6
BRH:0
end_of_record
TN:
SF:.nuxt/dist/client/_nuxt/cardView.2d9d1c1b.js
FN:1,(anonymous_0)
FN:1,(anonymous_1)
FN:1,(anonymous_2)
FN:1,(anonymous_3)
FN:1,x
FN:1,i
FN:1,w
FN:1,(anonymous_7)
FN:1,(anonymous_8)
FN:1,(anonymous_9)
FN:1,(anonymous_10)
FN:1,(anonymous_11)
FN:1,(anonymous_12)
FN:1,(anonymous_13)
FN:1,(anonymous_14)
FN:1,(anonymous_15)
FN:1,(anonymous_16)
FN:1,(anonymous_17)
FN:1,(anonymous_18)
FN:1,(anonymous_19)
FN:1,(anonymous_20)
FNF:21
FNH:0
FNDA:0,(anonymous_0)
FNDA:0,(anonymous_1)
FNDA:0,(anonymous_2)
FNDA:0,(anonymous_3)
FNDA:0,x
FNDA:0,i
FNDA:0,w
FNDA:0,(anonymous_7)
FNDA:0,(anonymous_8)
FNDA:0,(anonymous_9)
FNDA:0,(anonymous_10)
FNDA:0,(anonymous_11)
FNDA:0,(anonymous_12)
FNDA:0,(anonymous_13)
FNDA:0,(anonymous_14)
FNDA:0,(anonymous_15)
FNDA:0,(anonymous_16)
FNDA:0,(anonymous_17)
FNDA:0,(anonymous_18)
FNDA:0,(anonymous_19)
FNDA:0,(anonymous_20)
DA:1,0
LF:1
LH:0
BRDA:1,0,0,0
BRDA:1,0,1,0
BRDA:1,1,0,0
BRDA:1,1,1,0
BRDA:1,2,0,0
BRDA:1,2,1,0
BRDA:1,3,0,0
BRDA:1,3,1,0
BRDA:1,4,0,0
BRDA:1,4,1,0
BRF:10
BRH:0
end_of_record
TN:
SF:.nuxt/dist/client/_nuxt/client-db.81cf234e.js
FN:1,(anonymous_0)
FN:1,(anonymous_1)
FN:1,(anonymous_2)
FN:1,(anonymous_3)
FN:1,(anonymous_4)
FN:1,(anonymous_5)
FN:1,(anonymous_6)
FN:1,(anonymous_7)
FN:1,B
FN:1,p
FN:1,G
FN:1,Z
FN:1,(anonymous_12)
FN:1,(anonymous_13)
FN:1,(anonymous_14)
FN:1,(anonymous_15)
FN:1,(anonymous_16)
FN:1,(anonymous_17)
FN:1,(anonymous_18)
FN:1,(anonymous_19)
FN:1,Q
FN:1,(anonymous_21)
FN:1,(anonymous_22)
FN:1,(anonymous_23)
FN:1,(anonymous_24)
FN:1,g
FN:1,I
FN:1,V
FN:1,(anonymous_28)
FN:1,(anonymous_29)
FN:1,(anonymous_30)
FN:1,(anonymous_31)
FN:1,(anonymous_32)
FN:1,(anonymous_33)
FN:1,(anonymous_34)
FN:1,(anonymous_35)
FN:1,(anonymous_36)
FN:1,(anonymous_37)
FN:1,(anonymous_38)
FN:1,(anonymous_39)
FN:1,(anonymous_40)
FN:1,(anonymous_41)
FN:1,(anonymous_42)
FN:1,(anonymous_43)
FN:1,(anonymous_44)
FN:1,(anonymous_45)
FN:1,(anonymous_46)
FN:1,(anonymous_47)
FN:1,(anonymous_48)
FN:1,(anonymous_49)
FN:1,(anonymous_50)
FN:1,(anonymous_51)
FN:1,(anonymous_52)
FN:1,(anonymous_53)
FN:1,(anonymous_54)
FN:1,(anonymous_55)
FN:1,(anonymous_56)
FN:1,(anonymous_57)
FN:1,(anonymous_58)
FN:1,(anonymous_59)
FN:1,(anonymous_60)
FN:1,(anonymous_61)
FN:1,(anonymous_62)
FN:1,(anonymous_63)
FN:1,(anonymous_64)
FN:1,C
FN:1,(anonymous_66)
FN:1,(anonymous_67)
FN:1,x
FN:1,X
FN:1,e
FN:1,(anonymous_71)
FN:1,ee
FN:1,(anonymous_73)
FN:1,(anonymous_74)
FN:1,(anonymous_75)
FN:1,(anonymous_76)
FN:1,(anonymous_77)
FN:1,(anonymous_78)
FN:1,(anonymous_79)
FN:1,(anonymous_80)
FN:1,(anonymous_81)
FN:1,(anonymous_82)
FN:1,(anonymous_83)
FN:1,(anonymous_84)
FN:1,(anonymous_85)
FN:1,(anonymous_86)
FN:1,(anonymous_87)
FN:1,(anonymous_88)
FN:1,(anonymous_89)
FN:1,(anonymous_90)
FN:1,(anonymous_91)
FN:1,(anonymous_92)
FN:1,(anonymous_93)
FN:1,(anonymous_94)
FN:1,(anonymous_95)
FN:1,P
FN:1,(anonymous_97)
FN:1,(anonymous_98)
FN:1,(anonymous_99)
FN:1,(anonymous_100)
FN:1,(anonymous_101)
FN:1,(anonymous_102)
FN:1,(anonymous_103)
FN:1,(anonymous_104)
FN:1,(anonymous_105)
FN:1,(anonymous_106)
FN:1,(anonymous_107)
FN:1,(anonymous_108)
FN:1,(anonymous_109)
FN:1,(anonymous_110)
FN:1,(anonymous_111)
FN:1,(anonymous_112)
FN:1,(anonymous_113)
FN:1,(anonymous_114)
FN:1,(anonymous_115)
FN:1,i
FN:1,(anonymous_117)
FN:1,(anonymous_118)
FN:1,(anonymous_119)
FN:1,ne
FN:1,(anonymous_121)
FN:1,(anonymous_122)
FN:1,(anonymous_123)
FN:1,(anonymous_124)
FN:1,(anonymous_125)
FN:1,(anonymous_126)
FN:1,D
FN:1,(anonymous_128)
FN:1,ie
FN:1,(anonymous_130)
FN:1,(anonymous_131)
FN:1,(anonymous_132)
FN:1,se
FN:1,(anonymous_134)
FN:1,(anonymous_135)
FN:1,ue
FN:1,t
FN:1,(anonymous_138)
FN:1,(anonymous_139)
FN:1,(anonymous_140)
FN:1,(anonymous_141)
FN:1,le
FN:1,fe
FN:1,(anonymous_144)
FN:1,me
FN:1,(anonymous_146)
FNF:147
FNH:0
FNDA:0,(anonymous_0)
FNDA:0,(anonymous_1)
FNDA:0,(anonymous_2)
FNDA:0,(anonymous_3)
FNDA:0,(anonymous_4)
FNDA:0,(anonymous_5)
FNDA:0,(anonymous_6)
FNDA:0,(anonymous_7)
FNDA:0,B
FNDA:0,p
FNDA:0,G
FNDA:0,Z
FNDA:0,(anonymous_12)
FNDA:0,(anonymous_13)
FNDA:0,(anonymous_14)
FNDA:0,(anonymous_15)
FNDA:0,(anonymous_16)
FNDA:0,(anonymous_17)
FNDA:0,(anonymous_18)
FNDA:0,(anonymous_19)
FNDA:0,Q
FNDA:0,(anonymous_21)
FNDA:0,(anonymous_22)
FNDA:0,(anonymous_23)
FNDA:0,(anonymous_24)
FNDA:0,g
FNDA:0,I
FNDA:0,V
FNDA:0,(anonymous_28)
FNDA:0,(anonymous_29)
FNDA:0,(anonymous_30)
FNDA:0,(anonymous_31)
FNDA:0,(anonymous_32)
FNDA:0,(anonymous_33)
FNDA:0,(anonymous_34)
FNDA:0,(anonymous_35)
FNDA:0,(anonymous_36)
FNDA:0,(anonymous_37)
FNDA:0,(anonymous_38)
FNDA:0,(anonymous_39)
FNDA:0,(anonymous_40)
FNDA:0,(anonymous_41)
FNDA:0,(anonymous_42)
FNDA:0,(anonymous_43)
FNDA:0,(anonymous_44)
FNDA:0,(anonymous_45)
FNDA:0,(anonymous_46)
FNDA:0,(anonymous_47)
FNDA:0,(anonymous_48)
FNDA:0,(anonymous_49)
FNDA:0,(anonymous_50)
FNDA:0,(anonymous_51)
FNDA:0,(anonymous_52)
FNDA:0,(anonymous_53)
FNDA:0,(anonymous_54)
FNDA:0,(anonymous_55)
FNDA:0,(anonymous_56)
FNDA:0,(anonymous_57)
FNDA:0,(anonymous_58)
FNDA:0,(anonymous_59)
FNDA:0,(anonymous_60)
FNDA:0,(anonymous_61)
FNDA:0,(anonymous_62)
FNDA:0,(anonymous_63)
FNDA:0,(anonymous_64)
FNDA:0,C
FNDA:0,(anonymous_66)
FNDA:0,(anonymous_67)
FNDA:0,x
FNDA:0,X
FNDA:0,e
FNDA:0,(anonymous_71)
FNDA:0,ee
FNDA:0,(anonymous_73)
FNDA:0,(anonymous_74)
FNDA:0,(anonymous_75)
FNDA:0,(anonymous_76)
FNDA:0,(anonymous_77)
FNDA:0,(anonymous_78)
FNDA:0,(anonymous_79)
FNDA:0,(anonymous_80)
FNDA:0,(anonymous_81)
FNDA:0,(anonymous_82)
FNDA:0,(anonymous_83)
FNDA:0,(anonymous_84)
FNDA:0,(anonymous_85)
FNDA:0,(anonymous_86)
FNDA:0,(anonymous_87)
FNDA:0,(anonymous_88)
FNDA:0,(anonymous_89)
FNDA:0,(anonymous_90)
FNDA:0,(anonymous_91)
FNDA:0,(anonymous_92)
FNDA:0,(anonymous_93)
FNDA:0,(anonymous_94)
FNDA:0,(anonymous_95)
FNDA:0,P
FNDA:0,(anonymous_97)
FNDA:0,(anonymous_98)
FNDA:0,(anonymous_99)
FNDA:0,(anonymous_100)
FNDA:0,(anonymous_101)
FNDA:0,(anonymous_102)
FNDA:0,(anonymous_103)
FNDA:0,(anonymous_104)
FNDA:0,(anonymous_105)
FNDA:0,(anonymous_106)
FNDA:0,(anonymous_107)
FNDA:0,(anonymous_108)
FNDA:0,(anonymous_109)
FNDA:0,(anonymous_110)
FNDA:0,(anonymous_111)
FNDA:0,(anonymous_112)
FNDA:0,(anonymous_113)
FNDA:0,(anonymous_114)
FNDA:0,(anonymous_115)
FNDA:0,i
FNDA:0,(anonymous_117)
FNDA:0,(anonymous_118)
FNDA:0,(anonymous_119)
FNDA:0,ne
FNDA:0,(anonymous_121)
FNDA:0,(anonymous_122)
FNDA:0,(anonymous_123)
FNDA:0,(anonymous_124)
FNDA:0,(anonymous_125)
FNDA:0,(anonymous_126)
FNDA:0,D
FNDA:0,(anonymous_128)
FNDA:0,ie
FNDA:0,(anonymous_130)
FNDA:0,(anonymous_131)
FNDA:0,(anonymous_132)
FNDA:0,se
FNDA:0,(anonymous_134)
FNDA:0,(anonymous_135)
FNDA:0,ue
FNDA:0,t
FNDA:0,(anonymous_138)
FNDA:0,(anonymous_139)
FNDA:0,(anonymous_140)
FNDA:0,(anonymous_141)
FNDA:0,le
FNDA:0,fe
FNDA:0,(anonymous_144)
FNDA:0,me
FNDA:0,(anonymous_146)
DA:1,0
LF:1
LH:0
BRDA:1,0,0,0
BRDA:1,0,1,0
BRDA:1,1,0,0
BRDA:1,1,1,0
BRDA:1,2,0,0
BRDA:1,2,1,0
BRDA:1,3,0,0
BRDA:1,3,1,0
BRDA:1,3,2,0
BRDA:1,4,0,0
BRDA:1,4,1,0
BRDA:1,5,0,0
BRDA:1,5,1,0
BRDA:1,6,0,0
BRDA:1,6,1,0
BRDA:1,7,0,0
BRDA:1,8,0,0
BRDA:1,9,0,0
BRDA:1,9,1,0
BRDA:1,10,0,0
BRDA:1,10,1,0
BRDA:1,11,0,0
BRDA:1,12,0,0
BRDA:1,12,1,0
BRDA:1,13,0,0
BRDA:1,13,1,0
BRDA:1,14,0,0
BRDA:1,14,1,0
BRDA:1,14,2,0
BRDA:1,15,0,0
BRDA:1,15,1,0
BRDA:1,16,0,0
BRDA:1,16,1,0
BRDA:1,17,0,0
BRDA:1,17,1,0
BRDA:1,18,0,0
BRDA:1,18,1,0
BRDA:1,19,0,0
BRDA:1,19,1,0
BRDA:1,20,0,0
BRDA:1,20,1,0
BRDA:1,21,0,0
BRDA:1,21,1,0
BRDA:1,22,0,0
BRDA:1,23,0,0
BRDA:1,23,1,0
BRDA:1,24,0,0
BRDA:1,24,1,0
BRDA:1,25,0,0
BRDA:1,25,1,0
BRDA:1,26,0,0
BRDA:1,26,1,0
BRDA:1,27,0,0
BRDA:1,27,1,0
BRDA:1,28,0,0
BRDA:1,28,1,0
BRDA:1,28,2,0
BRDA:1,29,0,0
BRDA:1,29,1,0
BRDA:1,30,0,0
BRDA:1,30,1,0
BRDA:1,31,0,0
BRDA:1,31,1,0
BRDA:1,32,0,0
BRDA:1,32,1,0
BRDA:1,33,0,0
BRDA:1,33,1,0
BRDA:1,34,0,0
BRDA:1,34,1,0
BRDA:1,35,0,0
BRDA:1,35,1,0
BRDA:1,36,0,0
BRDA:1,36,1,0
BRDA:1,37,0,0
BRDA:1,37,1,0
BRDA:1,38,0,0
BRDA:1,38,1,0
BRDA:1,39,0,0
BRDA:1,39,1,0
BRDA:1,40,0,0
BRDA:1,41,0,0
BRDA:1,41,1,0
BRDA:1,42,0,0
BRDA:1,42,1,0
BRDA:1,43,0,0
BRDA:1,43,1,0
BRDA:1,43,2,0
BRDA:1,44,0,0
BRDA:1,44,1,0
BRDA:1,45,0,0
BRDA:1,45,1,0
BRDA:1,46,0,0
BRDA:1,46,1,0
BRDA:1,47,0,0
BRDA:1,48,0,0
BRDA:1,48,1,0
BRDA:1,49,0,0
BRDA:1,49,1,0
BRDA:1,50,0,0
BRDA:1,50,1,0
BRDA:1,51,0,0
BRDA:1,51,1,0
BRDA:1,52,0,0
BRDA:1,52,1,0
BRDA:1,53,0,0
BRDA:1,53,1,0
BRDA:1,54,0,0
BRDA:1,55,0,0
BRDA:1,55,1,0
BRDA:1,56,0,0
BRDA:1,56,1,0
BRDA:1,57,0,0
BRDA:1,57,1,0
BRDA:1,58,0,0
BRDA:1,58,1,0
BRDA:1,59,0,0
BRDA:1,59,1,0
BRDA:1,60,0,0
BRDA:1,60,1,0
BRDA:1,61,0,0
BRDA:1,61,1,0
BRDA:1,62,0,0
BRDA:1,62,1,0
BRDA:1,63,0,0
BRDA:1,63,1,0
BRDA:1,64,0,0
BRDA:1,64,1,0
BRDA:1,65,0,0
BRDA:1,65,1,0
BRDA:1,66,0,0
BRDA:1,66,1,0
BRDA:1,67,0,0
BRDA:1,67,1,0
BRDA:1,68,0,0
BRDA:1,68,1,0
BRDA:1,69,0,0
BRDA:1,69,1,0
BRDA:1,70,0,0
BRDA:1,70,1,0
BRDA:1,71,0,0
BRDA:1,71,1,0
BRDA:1,72,0,0
BRDA:1,72,1,0
BRDA:1,73,0,0
BRDA:1,73,1,0
BRDA:1,74,0,0
BRDA:1,74,1,0
BRDA:1,75,0,0
BRDA:1,75,1,0
BRDA:1,76,0,0
BRDA:1,76,1,0
BRDA:1,77,0,0
BRDA:1,77,1,0
BRDA:1,78,0,0
BRDA:1,78,1,0
BRDA:1,79,0,0
BRDA:1,79,1,0
BRDA:1,80,0,0
BRDA:1,80,1,0
BRDA:1,81,0,0
BRDA:1,81,1,0
BRDA:1,82,0,0
BRDA:1,82,1,0
BRDA:1,83,0,0
BRDA:1,83,1,0
BRDA:1,83,2,0
BRDA:1,84,0,0
BRDA:1,84,1,0
BRDA:1,85,0,0
BRDA:1,85,1,0
BRDA:1,86,0,0
BRDA:1,86,1,0
BRDA:1,87,0,0
BRDA:1,87,1,0
BRDA:1,88,0,0
BRDA:1,88,1,0
BRDA:1,89,0,0
BRDA:1,89,1,0
BRDA:1,90,0,0
BRDA:1,90,1,0
BRDA:1,91,0,0
BRDA:1,91,1,0
BRDA:1,92,0,0
BRDA:1,92,1,0
BRDA:1,93,0,0
BRDA:1,93,1,0
BRDA:1,94,0,0
BRDA:1,94,1,0
BRDA:1,95,0,0
BRDA:1,95,1,0
BRDA:1,96,0,0
BRDA:1,96,1,0
BRDA:1,97,0,0
BRDA:1,97,1,0
BRDA:1,98,0,0
BRDA:1,98,1,0
BRDA:1,99,0,0
BRDA:1,99,1,0
BRDA:1,100,0,0
BRDA:1,100,1,0
BRDA:1,101,0,0
BRDA:1,101,1,0
BRDA:1,102,0,0
BRDA:1,102,1,0
BRDA:1,103,0,0
BRDA:1,103,1,0
BRDA:1,104,0,0
BRDA:1,104,1,0
BRDA:1,105,0,0
BRDA:1,105,1,0
BRDA:1,106,0,0
BRDA:1,106,1,0
BRDA:1,107,0,0
BRDA:1,107,1,0
BRDA:1,108,0,0
BRDA:1,108,1,0
BRDA:1,109,0,0
BRDA:1,109,1,0
BRDA:1,110,0,0
BRDA:1,110,1,0
BRDA:1,111,0,0
BRDA:1,111,1,0
BRDA:1,112,0,0
BRDA:1,112,1,0
BRDA:1,113,0,0
BRDA:1,113,1,0
BRDA:1,114,0,0
BRDA:1,114,1,0
BRDA:1,115,0,0
BRDA:1,115,1,0
BRDA:1,116,0,0
BRDA:1,116,1,0
BRDA:1,117,0,0
BRDA:1,117,1,0
BRDA:1,118,0,0
BRDA:1,118,1,0
BRF:236
BRH:0
end_of_record
TN:
SF:.nuxt/dist/client/_nuxt/clock.fc7633f7.js
FN:1,(anonymous_0)
FN:1,(anonymous_1)
FN:1,(anonymous_2)
FNF:3
FNH:0
FNDA:0,(anonymous_0)
FNDA:0,(anonymous_1)
FNDA:0,(anonymous_2)
DA:1,0
LF:1
LH:0
BRF:0
BRH:0
end_of_record
TN:
SF:.nuxt/dist/client/_nuxt/col.b88d2233.js
FN:1,r
FNF:1
FNH:0
FNDA:0,r
DA:1,0
LF:1
LH:0
BRF:0
BRH:0
end_of_record
TN:
SF:.nuxt/dist/client/_nuxt/contentSlider.48534715.js
FNF:0
FNH:0
LF:0
LH:0
BRF:0
BRH:0
end_of_record
TN:
SF:.nuxt/dist/client/_nuxt/contentSlider.vue_vue_type_script_setup_true_lang.29f9caad.js
FN:1,(anonymous_0)
FN:1,(anonymous_1)
FN:1,(anonymous_2)
FN:1,(anonymous_3)
FN:1,(anonymous_4)
FN:1,(anonymous_5)
FN:1,(anonymous_6)
FN:1,(anonymous_7)
FN:1,(anonymous_8)
FN:1,(anonymous_9)
FN:1,(anonymous_10)
FN:1,(anonymous_11)
FN:1,(anonymous_12)
FN:1,(anonymous_13)
FNF:14
FNH:0
FNDA:0,(anonymous_0)
FNDA:0,(anonymous_1)
FNDA:0,(anonymous_2)
FNDA:0,(anonymous_3)
FNDA:0,(anonymous_4)
FNDA:0,(anonymous_5)
FNDA:0,(anonymous_6)
FNDA:0,(anonymous_7)
FNDA:0,(anonymous_8)
FNDA:0,(anonymous_9)
FNDA:0,(anonymous_10)
FNDA:0,(anonymous_11)
FNDA:0,(anonymous_12)
FNDA:0,(anonymous_13)
DA:1,0
LF:1
LH:0
BRDA:1,0,0,0
BRDA:1,0,1,0
BRDA:1,1,0,0
BRDA:1,1,1,0
BRDA:1,2,0,0
BRDA:1,2,1,0
BRF:6
BRH:0
end_of_record
TN:
SF:.nuxt/dist/client/_nuxt/contentViewer.38c1f749.js
FN:1,(anonymous_0)
FN:1,(anonymous_1)
FN:1,(anonymous_2)
FNF:3
FNH:0
FNDA:0,(anonymous_0)
FNDA:0,(anonymous_1)
FNDA:0,(anonymous_2)
DA:1,0
LF:1
LH:0
BRF:0
BRH:0
end_of_record
TN:
SF:.nuxt/dist/client/_nuxt/credits.dc5ba04e.js
FN:1,e
FNF:1
FNH:0
FNDA:0,e
DA:1,0
LF:1
LH:0
BRF:0
BRH:0
end_of_record
TN:
SF:.nuxt/dist/client/_nuxt/currencyField.cd2b0396.js
FN:1,(anonymous_0)
FN:1,(anonymous_1)
FNF:2
FNH:0
FNDA:0,(anonymous_0)
FNDA:0,(anonymous_1)
DA:1,0
LF:1
LH:0
BRF:0
BRH:0
end_of_record
TN:
SF:.nuxt/dist/client/_nuxt/currencyInput.05388aa9.js
FNF:0
FNH:0
LF:0
LH:0
BRF:0
BRH:0
end_of_record
TN:
SF:.nuxt/dist/client/_nuxt/currencyInput.vue_vue_type_script_setup_true_lang.3fc79cc4.js
FN:1,(anonymous_0)
FN:1,(anonymous_1)
FN:1,(anonymous_2)
FN:1,(anonymous_3)
FN:1,(anonymous_4)
FN:1,(anonymous_5)
FN:1,(anonymous_6)
FN:1,(anonymous_7)
FN:1,(anonymous_8)
FN:1,(anonymous_9)
FNF:10
FNH:0
FNDA:0,(anonymous_0)
FNDA:0,(anonymous_1)
FNDA:0,(anonymous_2)
FNDA:0,(anonymous_3)
FNDA:0,(anonymous_4)
FNDA:0,(anonymous_5)
FNDA:0,(anonymous_6)
FNDA:0,(anonymous_7)
FNDA:0,(anonymous_8)
FNDA:0,(anonymous_9)
DA:1,0
LF:1
LH:0
BRDA:1,0,0,0
BRDA:1,0,1,0
BRDA:1,1,0,0
BRDA:1,1,1,0
BRDA:1,2,0,0
BRDA:1,2,1,0
BRDA:1,3,0,0
BRDA:1,3,1,0
BRDA:1,4,0,0
BRDA:1,4,1,0
BRDA:1,5,0,0
BRDA:1,5,1,0
BRDA:1,6,0,0
BRDA:1,6,1,0
BRDA:1,7,0,0
BRDA:1,7,1,0
BRDA:1,8,0,0
BRDA:1,8,1,0
BRF:18
BRH:0
end_of_record
TN:
SF:.nuxt/dist/client/_nuxt/default.5fd43e31.js
FN:1,(anonymous_0)
FN:1,(anonymous_1)
FN:1,(anonymous_2)
FN:1,(anonymous_3)
FN:1,(anonymous_4)
FN:1,(anonymous_5)
FN:1,(anonymous_6)
FNF:7
FNH:0
FNDA:0,(anonymous_0)
FNDA:0,(anonymous_1)
FNDA:0,(anonymous_2)
FNDA:0,(anonymous_3)
FNDA:0,(anonymous_4)
FNDA:0,(anonymous_5)
FNDA:0,(anonymous_6)
DA:1,0
LF:1
LH:0
BRDA:1,0,0,0
BRDA:1,0,1,0
BRDA:1,1,0,0
BRDA:1,1,1,0
BRF:4
BRH:0
end_of_record
TN:
SF:.nuxt/dist/client/_nuxt/default.d81428bd.js
FN:1,t
FNF:1
FNH:0
FNDA:0,t
DA:1,0
LF:1
LH:0
BRF:0
BRH:0
end_of_record
TN:
SF:.nuxt/dist/client/_nuxt/deposit-report.3d50cb63.js
FN:1,(anonymous_0)
FN:1,C
FN:1,(anonymous_2)
FN:1,(anonymous_3)
FN:1,(anonymous_4)
FN:1,(anonymous_5)
FN:1,(anonymous_6)
FN:1,(anonymous_7)
FN:1,(anonymous_8)
FN:1,(anonymous_9)
FNF:10
FNH:0
FNDA:0,(anonymous_0)
FNDA:0,C
FNDA:0,(anonymous_2)
FNDA:0,(anonymous_3)
FNDA:0,(anonymous_4)
FNDA:0,(anonymous_5)
FNDA:0,(anonymous_6)
FNDA:0,(anonymous_7)
FNDA:0,(anonymous_8)
FNDA:0,(anonymous_9)
DA:1,0
LF:1
LH:0
BRDA:1,0,0,0
BRDA:1,0,1,0
BRDA:1,1,0,0
BRDA:1,1,1,0
BRDA:1,2,0,0
BRDA:1,2,1,0
BRDA:1,3,0,0
BRDA:1,3,1,0
BRF:8
BRH:0
end_of_record
TN:
SF:.nuxt/dist/client/_nuxt/deposit.aefd7296.js
FN:1,(anonymous_0)
FN:1,(anonymous_1)
FN:1,(anonymous_2)
FN:1,(anonymous_3)
FN:1,(anonymous_4)
FN:1,(anonymous_5)
FN:1,(anonymous_6)
FN:1,(anonymous_7)
FN:1,(anonymous_8)
FN:1,(anonymous_9)
FNF:10
FNH:0
FNDA:0,(anonymous_0)
FNDA:0,(anonymous_1)
FNDA:0,(anonymous_2)
FNDA:0,(anonymous_3)
FNDA:0,(anonymous_4)
FNDA:0,(anonymous_5)
FNDA:0,(anonymous_6)
FNDA:0,(anonymous_7)
FNDA:0,(anonymous_8)
FNDA:0,(anonymous_9)
DA:1,0
LF:1
LH:0
BRDA:1,0,0,0
BRDA:1,0,1,0
BRF:2
BRH:0
end_of_record
TN:
SF:.nuxt/dist/client/_nuxt/depth.b967226a.js
FN:1,r
FNF:1
FNH:0
FNDA:0,r
DA:1,0
LF:1
LH:0
BRF:0
BRH:0
end_of_record
TN:
SF:.nuxt/dist/client/_nuxt/dialog.0c577872.js
FN:1,(anonymous_0)
FN:1,(anonymous_1)
FN:1,(anonymous_2)
FN:1,(anonymous_3)
FNF:4
FNH:0
FNDA:0,(anonymous_0)
FNDA:0,(anonymous_1)
FNDA:0,(anonymous_2)
FNDA:0,(anonymous_3)
DA:1,0
LF:1
LH:0
BRDA:1,0,0,0
BRDA:1,0,1,0
BRDA:1,1,0,0
BRDA:1,1,1,0
BRF:4
BRH:0
end_of_record
TN:
SF:.nuxt/dist/client/_nuxt/directorate.1a84045f.js
FN:1,t
FNF:1
FNH:0
FNDA:0,t
DA:1,0
LF:1
LH:0
BRF:0
BRH:0
end_of_record
TN:
SF:.nuxt/dist/client/_nuxt/doubleBarChart.38440d67.js
FN:1,(anonymous_0)
FN:1,(anonymous_1)
FNF:2
FNH:0
FNDA:0,(anonymous_0)
FNDA:0,(anonymous_1)
DA:1,0
LF:1
LH:0
BRF:0
BRH:0
end_of_record
TN:
SF:.nuxt/dist/client/_nuxt/error-404.03453aee.js
FN:1,(anonymous_0)
FN:1,(anonymous_1)
FN:1,(anonymous_2)
FN:1,(anonymous_3)
FN:1,(anonymous_4)
FNF:5
FNH:0
FNDA:0,(anonymous_0)
FNDA:0,(anonymous_1)
FNDA:0,(anonymous_2)
FNDA:0,(anonymous_3)
FNDA:0,(anonymous_4)
DA:1,0
LF:1
LH:0
BRF:0
BRH:0
end_of_record
TN:
SF:.nuxt/dist/client/_nuxt/error-500.f3f18c2d.js
FN:1,(anonymous_0)
FN:1,(anonymous_1)
FN:1,(anonymous_2)
FN:1,(anonymous_3)
FNF:4
FNH:0
FNDA:0,(anonymous_0)
FNDA:0,(anonymous_1)
FNDA:0,(anonymous_2)
FNDA:0,(anonymous_3)
DA:1,0
LF:1
LH:0
BRF:0
BRH:0
end_of_record
TN:
SF:.nuxt/dist/client/_nuxt/fiveDay.15166e53.js
FN:1,c
FNF:1
FNH:0
FNDA:0,c
DA:1,0
LF:1
LH:0
BRF:0
BRH:0
end_of_record
TN:
SF:.nuxt/dist/client/_nuxt/headerHandler.a40ff07a.js
FN:1,(anonymous_0)
FN:1,d
FN:1,p
FN:1,(anonymous_3)
FN:1,(anonymous_4)
FN:1,(anonymous_5)
FN:1,(anonymous_6)
FN:1,(anonymous_7)
FN:1,(anonymous_8)
FN:1,(anonymous_9)
FN:1,(anonymous_10)
FN:1,(anonymous_11)
FNF:12
FNH:0
FNDA:0,(anonymous_0)
FNDA:0,d
FNDA:0,p
FNDA:0,(anonymous_3)
FNDA:0,(anonymous_4)
FNDA:0,(anonymous_5)
FNDA:0,(anonymous_6)
FNDA:0,(anonymous_7)
FNDA:0,(anonymous_8)
FNDA:0,(anonymous_9)
FNDA:0,(anonymous_10)
FNDA:0,(anonymous_11)
DA:1,0
LF:1
LH:0
BRDA:1,0,0,0
BRDA:1,0,1,0
BRDA:1,1,0,0
BRDA:1,1,1,0
BRDA:1,1,2,0
BRDA:1,2,0,0
BRDA:1,2,1,0
BRDA:1,3,0,0
BRDA:1,3,1,0
BRDA:1,4,0,0
BRDA:1,4,1,0
BRDA:1,5,0,0
BRDA:1,5,1,0
BRDA:1,6,0,0
BRDA:1,6,1,0
BRDA:1,7,0,0
BRDA:1,7,1,0
BRDA:1,8,0,0
BRDA:1,8,1,0
BRDA:1,9,0,0
BRDA:1,9,1,0
BRDA:1,10,0,0
BRDA:1,10,1,0
BRDA:1,11,0,0
BRDA:1,11,1,0
BRF:25
BRH:0
end_of_record
TN:
SF:.nuxt/dist/client/_nuxt/headerSelector.97027fb4.js
FN:1,(anonymous_0)
FN:1,(anonymous_1)
FN:1,q
FN:1,(anonymous_3)
FN:1,(anonymous_4)
FN:1,(anonymous_5)
FN:1,(anonymous_6)
FN:1,(anonymous_7)
FN:1,(anonymous_8)
FN:1,(anonymous_9)
FN:1,(anonymous_10)
FN:1,(anonymous_11)
FN:1,(anonymous_12)
FN:1,(anonymous_13)
FN:1,(anonymous_14)
FN:1,(anonymous_15)
FN:1,(anonymous_16)
FN:1,(anonymous_17)
FNF:18
FNH:0
FNDA:0,(anonymous_0)
FNDA:0,(anonymous_1)
FNDA:0,q
FNDA:0,(anonymous_3)
FNDA:0,(anonymous_4)
FNDA:0,(anonymous_5)
FNDA:0,(anonymous_6)
FNDA:0,(anonymous_7)
FNDA:0,(anonymous_8)
FNDA:0,(anonymous_9)
FNDA:0,(anonymous_10)
FNDA:0,(anonymous_11)
FNDA:0,(anonymous_12)
FNDA:0,(anonymous_13)
FNDA:0,(anonymous_14)
FNDA:0,(anonymous_15)
FNDA:0,(anonymous_16)
FNDA:0,(anonymous_17)
DA:1,0
LF:1
LH:0
BRDA:1,0,0,0
BRDA:1,0,1,0
BRDA:1,1,0,0
BRDA:1,1,1,0
BRF:4
BRH:0
end_of_record
TN:
SF:.nuxt/dist/client/_nuxt/holdersCombination.210d6ce0.js
FN:1,r
FNF:1
FNH:0
FNDA:0,r
DA:1,0
LF:1
LH:0
BRF:0
BRH:0
end_of_record
TN:
SF:.nuxt/dist/client/_nuxt/holdersCompition.94c31591.js
FN:1,e
FNF:1
FNH:0
FNDA:0,e
DA:1,0
LF:1
LH:0
BRF:0
BRH:0
end_of_record
TN:
SF:.nuxt/dist/client/_nuxt/icon.16ed0b56.js
FN:1,(anonymous_0)
FN:1,l
FN:1,(anonymous_2)
FN:1,(anonymous_3)
FN:1,(anonymous_4)
FN:1,(anonymous_5)
FNF:6
FNH:0
FNDA:0,(anonymous_0)
FNDA:0,l
FNDA:0,(anonymous_2)
FNDA:0,(anonymous_3)
FNDA:0,(anonymous_4)
FNDA:0,(anonymous_5)
DA:1,0
LF:1
LH:0
BRDA:1,0,0,0
BRDA:1,0,1,0
BRDA:1,1,0,0
BRDA:1,1,1,0
BRDA:1,2,0,0
BRDA:1,3,0,0
BRDA:1,3,1,0
BRDA:1,4,0,0
BRDA:1,4,1,0
BRDA:1,5,0,0
BRDA:1,5,1,0
BRDA:1,6,0,0
BRDA:1,6,1,0
BRDA:1,6,2,0
BRF:14
BRH:0
end_of_record
TN:
SF:.nuxt/dist/client/_nuxt/index.1940b7d1.js
FN:1,r
FNF:1
FNH:0
FNDA:0,r
DA:1,0
LF:1
LH:0
BRF:0
BRH:0
end_of_record
TN:
SF:.nuxt/dist/client/_nuxt/index.2bde9993.js
FN:1,(anonymous_0)
FN:1,(anonymous_1)
FN:1,(anonymous_2)
FN:1,(anonymous_3)
FN:1,(anonymous_4)
FN:1,(anonymous_5)
FN:1,(anonymous_6)
FN:1,(anonymous_7)
FN:1,(anonymous_8)
FN:1,(anonymous_9)
FN:1,(anonymous_10)
FN:1,(anonymous_11)
FN:1,x
FN:1,(anonymous_13)
FN:1,F
FN:1,Q
FN:1,j
FN:1,(anonymous_17)
FN:1,(anonymous_18)
FN:1,(anonymous_19)
FN:1,(anonymous_20)
FN:1,(anonymous_21)
FN:1,(anonymous_22)
FN:1,(anonymous_23)
FN:1,(anonymous_24)
FN:1,(anonymous_25)
FN:1,(anonymous_26)
FN:1,(anonymous_27)
FN:1,(anonymous_28)
FN:1,(anonymous_29)
FN:1,(anonymous_30)
FN:1,(anonymous_31)
FN:1,(anonymous_32)
FN:1,(anonymous_33)
FN:1,(anonymous_34)
FN:1,(anonymous_35)
FN:1,(anonymous_36)
FN:1,(anonymous_37)
FN:1,(anonymous_38)
FNF:39
FNH:0
FNDA:0,(anonymous_0)
FNDA:0,(anonymous_1)
FNDA:0,(anonymous_2)
FNDA:0,(anonymous_3)
FNDA:0,(anonymous_4)
FNDA:0,(anonymous_5)
FNDA:0,(anonymous_6)
FNDA:0,(anonymous_7)
FNDA:0,(anonymous_8)
FNDA:0,(anonymous_9)
FNDA:0,(anonymous_10)
FNDA:0,(anonymous_11)
FNDA:0,x
FNDA:0,(anonymous_13)
FNDA:0,F
FNDA:0,Q
FNDA:0,j
FNDA:0,(anonymous_17)
FNDA:0,(anonymous_18)
FNDA:0,(anonymous_19)
FNDA:0,(anonymous_20)
FNDA:0,(anonymous_21)
FNDA:0,(anonymous_22)
FNDA:0,(anonymous_23)
FNDA:0,(anonymous_24)
FNDA:0,(anonymous_25)
FNDA:0,(anonymous_26)
FNDA:0,(anonymous_27)
FNDA:0,(anonymous_28)
FNDA:0,(anonymous_29)
FNDA:0,(anonymous_30)
FNDA:0,(anonymous_31)
FNDA:0,(anonymous_32)
FNDA:0,(anonymous_33)
FNDA:0,(anonymous_34)
FNDA:0,(anonymous_35)
FNDA:0,(anonymous_36)
FNDA:0,(anonymous_37)
FNDA:0,(anonymous_38)
DA:1,0
LF:1
LH:0
BRDA:1,0,0,0
BRDA:1,0,1,0
BRDA:1,1,0,0
BRDA:1,1,1,0
BRDA:1,2,0,0
BRDA:1,2,1,0
BRDA:1,3,0,0
BRDA:1,3,1,0
BRDA:1,4,0,0
BRDA:1,4,1,0
BRDA:1,5,0,0
BRDA:1,5,1,0
BRDA:1,6,0,0
BRDA:1,6,1,0
BRDA:1,7,0,0
BRDA:1,7,1,0
BRDA:1,8,0,0
BRDA:1,8,1,0
BRDA:1,9,0,0
BRDA:1,9,1,0
BRDA:1,10,0,0
BRDA:1,10,1,0
BRDA:1,11,0,0
BRDA:1,11,1,0
BRDA:1,12,0,0
BRDA:1,12,1,0
BRDA:1,13,0,0
BRDA:1,13,1,0
BRDA:1,14,0,0
BRDA:1,14,1,0
BRF:30
BRH:0
end_of_record
TN:
SF:.nuxt/dist/client/_nuxt/index.53299adf.js
FN:1,(anonymous_0)
FN:1,(anonymous_1)
FN:1,(anonymous_2)
FNF:3
FNH:0
FNDA:0,(anonymous_0)
FNDA:0,(anonymous_1)
FNDA:0,(anonymous_2)
DA:1,0
LF:1
LH:0
BRDA:1,0,0,0
BRDA:1,0,1,0
BRDA:1,1,0,0
BRDA:1,1,1,0
BRF:4
BRH:0
end_of_record
TN:
SF:.nuxt/dist/client/_nuxt/index.62dfbb04.js
FN:1,(anonymous_0)
FN:1,(anonymous_1)
FN:1,(anonymous_2)
FN:1,(anonymous_3)
FN:1,(anonymous_4)
FN:1,(anonymous_5)
FN:1,(anonymous_6)
FN:1,(anonymous_7)
FN:1,(anonymous_8)
FN:1,(anonymous_9)
FN:1,(anonymous_10)
FN:1,(anonymous_11)
FN:1,(anonymous_12)
FN:1,(anonymous_13)
FN:1,(anonymous_14)
FN:1,(anonymous_15)
FN:1,(anonymous_16)
FN:1,(anonymous_17)
FN:1,(anonymous_18)
FN:1,(anonymous_19)
FN:1,(anonymous_20)
FN:1,(anonymous_21)
FN:1,(anonymous_22)
FN:1,(anonymous_23)
FN:1,(anonymous_24)
FN:1,(anonymous_25)
FN:1,(anonymous_26)
FN:1,(anonymous_27)
FN:1,(anonymous_28)
FN:1,(anonymous_29)
FN:1,(anonymous_30)
FN:1,(anonymous_31)
FN:1,(anonymous_32)
FNF:33
FNH:0
FNDA:0,(anonymous_0)
FNDA:0,(anonymous_1)
FNDA:0,(anonymous_2)
FNDA:0,(anonymous_3)
FNDA:0,(anonymous_4)
FNDA:0,(anonymous_5)
FNDA:0,(anonymous_6)
FNDA:0,(anonymous_7)
FNDA:0,(anonymous_8)
FNDA:0,(anonymous_9)
FNDA:0,(anonymous_10)
FNDA:0,(anonymous_11)
FNDA:0,(anonymous_12)
FNDA:0,(anonymous_13)
FNDA:0,(anonymous_14)
FNDA:0,(anonymous_15)
FNDA:0,(anonymous_16)
FNDA:0,(anonymous_17)
FNDA:0,(anonymous_18)
FNDA:0,(anonymous_19)
FNDA:0,(anonymous_20)
FNDA:0,(anonymous_21)
FNDA:0,(anonymous_22)
FNDA:0,(anonymous_23)
FNDA:0,(anonymous_24)
FNDA:0,(anonymous_25)
FNDA:0,(anonymous_26)
FNDA:0,(anonymous_27)
FNDA:0,(anonymous_28)
FNDA:0,(anonymous_29)
FNDA:0,(anonymous_30)
FNDA:0,(anonymous_31)
FNDA:0,(anonymous_32)
DA:1,0
LF:1
LH:0
BRDA:1,0,0,0
BRDA:1,0,1,0
BRDA:1,1,0,0
BRDA:1,1,1,0
BRDA:1,2,0,0
BRDA:1,2,1,0
BRDA:1,3,0,0
BRDA:1,3,1,0
BRDA:1,4,0,0
BRDA:1,4,1,0
BRDA:1,5,0,0
BRDA:1,5,1,0
BRDA:1,6,0,0
BRDA:1,6,1,0
BRDA:1,7,0,0
BRDA:1,7,1,0
BRDA:1,8,0,0
BRDA:1,8,1,0
BRDA:1,9,0,0
BRDA:1,9,1,0
BRDA:1,10,0,0
BRDA:1,10,1,0
BRF:22
BRH:0
end_of_record
TN:
SF:.nuxt/dist/client/_nuxt/index.62f190d2.js
FN:1,(anonymous_0)
FN:1,(anonymous_1)
FN:1,(anonymous_2)
FN:1,(anonymous_3)
FN:1,(anonymous_4)
FN:1,(anonymous_5)
FN:1,(anonymous_6)
FN:1,(anonymous_7)
FN:1,(anonymous_8)
FN:1,(anonymous_9)
FN:1,(anonymous_10)
FN:1,(anonymous_11)
FN:1,(anonymous_12)
FN:1,(anonymous_13)
FN:1,(anonymous_14)
FN:1,(anonymous_15)
FN:1,(anonymous_16)
FN:1,(anonymous_17)
FN:1,(anonymous_18)
FN:1,(anonymous_19)
FN:1,(anonymous_20)
FN:1,(anonymous_21)
FN:1,(anonymous_22)
FN:1,(anonymous_23)
FN:1,(anonymous_24)
FN:1,(anonymous_25)
FN:1,(anonymous_26)
FN:1,(anonymous_27)
FN:1,(anonymous_28)
FN:1,(anonymous_29)
FN:1,(anonymous_30)
FN:1,(anonymous_31)
FN:1,(anonymous_32)
FN:1,(anonymous_33)
FN:1,(anonymous_34)
FN:1,(anonymous_35)
FN:1,ge
FN:1,Ve
FN:1,Ge
FN:1,(anonymous_39)
FN:1,(anonymous_40)
FN:1,$e
FN:1,(anonymous_42)
FN:1,(anonymous_43)
FN:1,(anonymous_44)
FN:1,(anonymous_45)
FN:1,(anonymous_46)
FN:1,(anonymous_47)
FN:1,(anonymous_48)
FN:1,(anonymous_49)
FN:1,(anonymous_50)
FN:1,(anonymous_51)
FN:1,(anonymous_52)
FN:1,(anonymous_53)
FN:1,(anonymous_54)
FN:1,(anonymous_55)
FN:1,(anonymous_56)
FN:1,(anonymous_57)
FN:1,(anonymous_58)
FN:1,(anonymous_59)
FN:1,(anonymous_60)
FN:1,(anonymous_61)
FN:1,(anonymous_62)
FN:1,(anonymous_63)
FN:1,(anonymous_64)
FN:1,(anonymous_65)
FN:1,(anonymous_66)
FN:1,(anonymous_67)
FN:1,(anonymous_68)
FN:1,(anonymous_69)
FN:1,(anonymous_70)
FN:1,(anonymous_71)
FN:1,(anonymous_72)
FN:1,(anonymous_73)
FN:1,(anonymous_74)
FN:1,(anonymous_75)
FN:1,(anonymous_76)
FN:1,(anonymous_77)
FN:1,(anonymous_78)
FN:1,(anonymous_79)
FN:1,(anonymous_80)
FN:1,(anonymous_81)
FN:1,(anonymous_82)
FN:1,(anonymous_83)
FN:1,(anonymous_84)
FN:1,(anonymous_85)
FN:1,(anonymous_86)
FN:1,(anonymous_87)
FN:1,(anonymous_88)
FN:1,(anonymous_89)
FN:1,(anonymous_90)
FN:1,(anonymous_91)
FN:1,(anonymous_92)
FN:1,(anonymous_93)
FN:1,(anonymous_94)
FN:1,(anonymous_95)
FN:1,(anonymous_96)
FN:1,(anonymous_97)
FN:1,(anonymous_98)
FN:1,(anonymous_99)
FN:1,(anonymous_100)
FN:1,(anonymous_101)
FN:1,(anonymous_102)
FN:1,(anonymous_103)
FN:1,(anonymous_104)
FN:1,(anonymous_105)
FN:1,(anonymous_106)
FN:1,(anonymous_107)
FNF:108
FNH:0
FNDA:0,(anonymous_0)
FNDA:0,(anonymous_1)
FNDA:0,(anonymous_2)
FNDA:0,(anonymous_3)
FNDA:0,(anonymous_4)
FNDA:0,(anonymous_5)
FNDA:0,(anonymous_6)
FNDA:0,(anonymous_7)
FNDA:0,(anonymous_8)
FNDA:0,(anonymous_9)
FNDA:0,(anonymous_10)
FNDA:0,(anonymous_11)
FNDA:0,(anonymous_12)
FNDA:0,(anonymous_13)
FNDA:0,(anonymous_14)
FNDA:0,(anonymous_15)
FNDA:0,(anonymous_16)
FNDA:0,(anonymous_17)
FNDA:0,(anonymous_18)
FNDA:0,(anonymous_19)
FNDA:0,(anonymous_20)
FNDA:0,(anonymous_21)
FNDA:0,(anonymous_22)
FNDA:0,(anonymous_23)
FNDA:0,(anonymous_24)
FNDA:0,(anonymous_25)
FNDA:0,(anonymous_26)
FNDA:0,(anonymous_27)
FNDA:0,(anonymous_28)
FNDA:0,(anonymous_29)
FNDA:0,(anonymous_30)
FNDA:0,(anonymous_31)
FNDA:0,(anonymous_32)
FNDA:0,(anonymous_33)
FNDA:0,(anonymous_34)
FNDA:0,(anonymous_35)
FNDA:0,ge
FNDA:0,Ve
FNDA:0,Ge
FNDA:0,(anonymous_39)
FNDA:0,(anonymous_40)
FNDA:0,$e
FNDA:0,(anonymous_42)
FNDA:0,(anonymous_43)
FNDA:0,(anonymous_44)
FNDA:0,(anonymous_45)
FNDA:0,(anonymous_46)
FNDA:0,(anonymous_47)
FNDA:0,(anonymous_48)
FNDA:0,(anonymous_49)
FNDA:0,(anonymous_50)
FNDA:0,(anonymous_51)
FNDA:0,(anonymous_52)
FNDA:0,(anonymous_53)
FNDA:0,(anonymous_54)
FNDA:0,(anonymous_55)
FNDA:0,(anonymous_56)
FNDA:0,(anonymous_57)
FNDA:0,(anonymous_58)
FNDA:0,(anonymous_59)
FNDA:0,(anonymous_60)
FNDA:0,(anonymous_61)
FNDA:0,(anonymous_62)
FNDA:0,(anonymous_63)
FNDA:0,(anonymous_64)
FNDA:0,(anonymous_65)
FNDA:0,(anonymous_66)
FNDA:0,(anonymous_67)
FNDA:0,(anonymous_68)
FNDA:0,(anonymous_69)
FNDA:0,(anonymous_70)
FNDA:0,(anonymous_71)
FNDA:0,(anonymous_72)
FNDA:0,(anonymous_73)
FNDA:0,(anonymous_74)
FNDA:0,(anonymous_75)
FNDA:0,(anonymous_76)
FNDA:0,(anonymous_77)
FNDA:0,(anonymous_78)
FNDA:0,(anonymous_79)
FNDA:0,(anonymous_80)
FNDA:0,(anonymous_81)
FNDA:0,(anonymous_82)
FNDA:0,(anonymous_83)
FNDA:0,(anonymous_84)
FNDA:0,(anonymous_85)
FNDA:0,(anonymous_86)
FNDA:0,(anonymous_87)
FNDA:0,(anonymous_88)
FNDA:0,(anonymous_89)
FNDA:0,(anonymous_90)
FNDA:0,(anonymous_91)
FNDA:0,(anonymous_92)
FNDA:0,(anonymous_93)
FNDA:0,(anonymous_94)
FNDA:0,(anonymous_95)
FNDA:0,(anonymous_96)
FNDA:0,(anonymous_97)
FNDA:0,(anonymous_98)
FNDA:0,(anonymous_99)
FNDA:0,(anonymous_100)
FNDA:0,(anonymous_101)
FNDA:0,(anonymous_102)
FNDA:0,(anonymous_103)
FNDA:0,(anonymous_104)
FNDA:0,(anonymous_105)
FNDA:0,(anonymous_106)
FNDA:0,(anonymous_107)
DA:1,0
LF:1
LH:0
BRDA:1,0,0,0
BRDA:1,0,1,0
BRDA:1,1,0,0
BRDA:1,1,1,0
BRDA:1,2,0,0
BRDA:1,2,1,0
BRDA:1,3,0,0
BRDA:1,3,1,0
BRDA:1,4,0,0
BRDA:1,4,1,0
BRDA:1,5,0,0
BRDA:1,5,1,0
BRDA:1,6,0,0
BRDA:1,6,1,0
BRDA:1,7,0,0
BRDA:1,7,1,0
BRDA:1,8,0,0
BRDA:1,8,1,0
BRDA:1,9,0,0
BRDA:1,9,1,0
BRDA:1,10,0,0
BRDA:1,10,1,0
BRDA:1,11,0,0
BRDA:1,11,1,0
BRDA:1,12,0,0
BRDA:1,12,1,0
BRDA:1,13,0,0
BRDA:1,13,1,0
BRDA:1,14,0,0
BRDA:1,14,1,0
BRDA:1,15,0,0
BRDA:1,15,1,0
BRDA:1,16,0,0
BRDA:1,16,1,0
BRDA:1,17,0,0
BRDA:1,17,1,0
BRDA:1,18,0,0
BRDA:1,18,1,0
BRDA:1,19,0,0
BRDA:1,19,1,0
BRDA:1,20,0,0
BRDA:1,20,1,0
BRDA:1,21,0,0
BRDA:1,21,1,0
BRDA:1,22,0,0
BRDA:1,22,1,0
BRDA:1,23,0,0
BRDA:1,23,1,0
BRDA:1,24,0,0
BRDA:1,24,1,0
BRDA:1,25,0,0
BRDA:1,25,1,0
BRDA:1,26,0,0
BRDA:1,26,1,0
BRDA:1,27,0,0
BRDA:1,27,1,0
BRDA:1,28,0,0
BRDA:1,28,1,0
BRDA:1,28,2,0
BRDA:1,29,0,0
BRDA:1,29,1,0
BRDA:1,30,0,0
BRDA:1,30,1,0
BRDA:1,31,0,0
BRDA:1,31,1,0
BRDA:1,32,0,0
BRDA:1,32,1,0
BRDA:1,33,0,0
BRDA:1,33,1,0
BRDA:1,34,0,0
BRDA:1,34,1,0
BRDA:1,35,0,0
BRDA:1,35,1,0
BRDA:1,36,0,0
BRDA:1,36,1,0
BRDA:1,37,0,0
BRDA:1,37,1,0
BRDA:1,38,0,0
BRDA:1,38,1,0
BRDA:1,39,0,0
BRDA:1,39,1,0
BRDA:1,40,0,0
BRDA:1,40,1,0
BRDA:1,41,0,0
BRDA:1,41,1,0
BRDA:1,42,0,0
BRDA:1,42,1,0
BRDA:1,43,0,0
BRDA:1,43,1,0
BRDA:1,44,0,0
BRDA:1,44,1,0
BRDA:1,44,2,0
BRDA:1,45,0,0
BRDA:1,45,1,0
BRDA:1,46,0,0
BRDA:1,46,1,0
BRDA:1,47,0,0
BRDA:1,47,1,0
BRDA:1,48,0,0
BRDA:1,48,1,0
BRDA:1,49,0,0
BRDA:1,49,1,0
BRDA:1,50,0,0
BRDA:1,50,1,0
BRDA:1,51,0,0
BRDA:1,51,1,0
BRDA:1,52,0,0
BRDA:1,52,1,0
BRDA:1,53,0,0
BRDA:1,53,1,0
BRDA:1,54,0,0
BRDA:1,54,1,0
BRDA:1,55,0,0
BRDA:1,55,1,0
BRDA:1,56,0,0
BRDA:1,56,1,0
BRDA:1,57,0,0
BRDA:1,57,1,0
BRDA:1,58,0,0
BRDA:1,58,1,0
BRDA:1,59,0,0
BRDA:1,59,1,0
BRDA:1,60,0,0
BRDA:1,60,1,0
BRDA:1,61,0,0
BRDA:1,61,1,0
BRDA:1,62,0,0
BRDA:1,62,1,0
BRDA:1,63,0,0
BRDA:1,63,1,0
BRDA:1,64,0,0
BRDA:1,64,1,0
BRDA:1,65,0,0
BRDA:1,65,1,0
BRDA:1,66,0,0
BRDA:1,66,1,0
BRDA:1,67,0,0
BRDA:1,67,1,0
BRDA:1,68,0,0
BRDA:1,68,1,0
BRDA:1,69,0,0
BRDA:1,69,1,0
BRDA:1,70,0,0
BRDA:1,70,1,0
BRDA:1,71,0,0
BRDA:1,71,1,0
BRDA:1,72,0,0
BRDA:1,72,1,0
BRDA:1,73,0,0
BRDA:1,73,1,0
BRDA:1,74,0,0
BRDA:1,74,1,0
BRDA:1,75,0,0
BRDA:1,75,1,0
BRDA:1,76,0,0
BRDA:1,76,1,0
BRDA:1,77,0,0
BRDA:1,77,1,0
BRDA:1,78,0,0
BRDA:1,78,1,0
BRDA:1,79,0,0
BRDA:1,79,1,0
BRDA:1,80,0,0
BRDA:1,80,1,0
BRDA:1,80,2,0
BRDA:1,81,0,0
BRDA:1,81,1,0
BRDA:1,82,0,0
BRDA:1,82,1,0
BRDA:1,83,0,0
BRDA:1,83,1,0
BRDA:1,84,0,0
BRDA:1,84,1,0
BRDA:1,85,0,0
BRDA:1,85,1,0
BRDA:1,86,0,0
BRDA:1,86,1,0
BRDA:1,87,0,0
BRDA:1,87,1,0
BRDA:1,88,0,0
BRDA:1,88,1,0
BRDA:1,89,0,0
BRDA:1,89,1,0
BRDA:1,90,0,0
BRDA:1,90,1,0
BRDA:1,91,0,0
BRDA:1,91,1,0
BRDA:1,92,0,0
BRDA:1,92,1,0
BRDA:1,93,0,0
BRDA:1,93,1,0
BRDA:1,94,0,0
BRDA:1,94,1,0
BRDA:1,95,0,0
BRDA:1,95,1,0
BRDA:1,96,0,0
BRDA:1,96,1,0
BRDA:1,96,2,0
BRDA:1,97,0,0
BRDA:1,97,1,0
BRDA:1,98,0,0
BRDA:1,98,1,0
BRDA:1,99,0,0
BRDA:1,99,1,0
BRDA:1,100,0,0
BRDA:1,100,1,0
BRDA:1,101,0,0
BRDA:1,101,1,0
BRDA:1,102,0,0
BRDA:1,102,1,0
BRDA:1,103,0,0
BRDA:1,103,1,0
BRDA:1,104,0,0
BRDA:1,104,1,0
BRDA:1,105,0,0
BRDA:1,105,1,0
BRDA:1,106,0,0
BRDA:1,106,1,0
BRDA:1,107,0,0
BRDA:1,107,1,0
BRDA:1,108,0,0
BRDA:1,108,1,0
BRDA:1,109,0,0
BRDA:1,109,1,0
BRDA:1,110,0,0
BRDA:1,110,1,0
BRDA:1,111,0,0
BRDA:1,111,1,0
BRDA:1,112,0,0
BRDA:1,112,1,0
BRDA:1,113,0,0
BRDA:1,113,1,0
BRDA:1,114,0,0
BRDA:1,114,1,0
BRDA:1,115,0,0
BRDA:1,115,1,0
BRDA:1,116,0,0
BRDA:1,116,1,0
BRDA:1,117,0,0
BRDA:1,117,1,0
BRDA:1,118,0,0
BRDA:1,118,1,0
BRDA:1,119,0,0
BRDA:1,119,1,0
BRDA:1,120,0,0
BRDA:1,120,1,0
BRDA:1,121,0,0
BRDA:1,121,1,0
BRDA:1,122,0,0
BRDA:1,122,1,0
BRDA:1,123,0,0
BRDA:1,123,1,0
BRDA:1,124,0,0
BRDA:1,124,1,0
BRF:254
BRH:0
end_of_record
TN:
SF:.nuxt/dist/client/_nuxt/index.79486c70.js
FN:1,(anonymous_0)
FN:1,(anonymous_1)
FN:1,(anonymous_2)
FN:1,(anonymous_3)
FN:1,(anonymous_4)
FNF:5
FNH:0
FNDA:0,(anonymous_0)
FNDA:0,(anonymous_1)
FNDA:0,(anonymous_2)
FNDA:0,(anonymous_3)
FNDA:0,(anonymous_4)
DA:1,0
LF:1
LH:0
BRDA:1,0,0,0
BRDA:1,0,1,0
BRF:2
BRH:0
end_of_record
TN:
SF:.nuxt/dist/client/_nuxt/index.8f0bc193.js
FN:1,r
FNF:1
FNH:0
FNDA:0,r
DA:1,0
LF:1
LH:0
BRF:0
BRH:0
end_of_record
TN:
SF:.nuxt/dist/client/_nuxt/index.96509dde.js
FN:1,(anonymous_0)
FN:1,(anonymous_1)
FN:1,(anonymous_2)
FN:1,(anonymous_3)
FN:1,(anonymous_4)
FN:1,(anonymous_5)
FN:1,(anonymous_6)
FN:1,(anonymous_7)
FN:1,(anonymous_8)
FN:1,(anonymous_9)
FN:1,(anonymous_10)
FN:1,(anonymous_11)
FN:1,(anonymous_12)
FN:1,(anonymous_13)
FN:1,(anonymous_14)
FN:1,(anonymous_15)
FN:1,(anonymous_16)
FN:1,(anonymous_17)
FN:1,(anonymous_18)
FN:1,(anonymous_19)
FNF:20
FNH:0
FNDA:0,(anonymous_0)
FNDA:0,(anonymous_1)
FNDA:0,(anonymous_2)
FNDA:0,(anonymous_3)
FNDA:0,(anonymous_4)
FNDA:0,(anonymous_5)
FNDA:0,(anonymous_6)
FNDA:0,(anonymous_7)
FNDA:0,(anonymous_8)
FNDA:0,(anonymous_9)
FNDA:0,(anonymous_10)
FNDA:0,(anonymous_11)
FNDA:0,(anonymous_12)
FNDA:0,(anonymous_13)
FNDA:0,(anonymous_14)
FNDA:0,(anonymous_15)
FNDA:0,(anonymous_16)
FNDA:0,(anonymous_17)
FNDA:0,(anonymous_18)
FNDA:0,(anonymous_19)
DA:1,0
LF:1
LH:0
BRDA:1,0,0,0
BRDA:1,0,1,0
BRDA:1,1,0,0
BRDA:1,1,1,0
BRDA:1,2,0,0
BRDA:1,2,1,0
BRDA:1,3,0,0
BRDA:1,3,1,0
BRDA:1,4,0,0
BRDA:1,4,1,0
BRDA:1,5,0,0
BRDA:1,5,1,0
BRF:12
BRH:0
end_of_record
TN:
SF:.nuxt/dist/client/_nuxt/index.9e2dcf13.js
FN:1,(anonymous_0)
FN:1,(anonymous_1)
FNF:2
FNH:0
FNDA:0,(anonymous_0)
FNDA:0,(anonymous_1)
DA:1,0
LF:1
LH:0
BRF:0
BRH:0
end_of_record
TN:
SF:.nuxt/dist/client/_nuxt/index.a657d874.js
FN:1,r
FNF:1
FNH:0
FNDA:0,r
DA:1,0
LF:1
LH:0
BRF:0
BRH:0
end_of_record
TN:
SF:.nuxt/dist/client/_nuxt/index.a9185984.js
FN:1,(anonymous_0)
FN:1,(anonymous_1)
FN:1,(anonymous_2)
FN:1,(anonymous_3)
FN:1,(anonymous_4)
FN:1,(anonymous_5)
FN:1,(anonymous_6)
FN:1,(anonymous_7)
FN:1,(anonymous_8)
FN:1,(anonymous_9)
FN:1,(anonymous_10)
FNF:11
FNH:0
FNDA:0,(anonymous_0)
FNDA:0,(anonymous_1)
FNDA:0,(anonymous_2)
FNDA:0,(anonymous_3)
FNDA:0,(anonymous_4)
FNDA:0,(anonymous_5)
FNDA:0,(anonymous_6)
FNDA:0,(anonymous_7)
FNDA:0,(anonymous_8)
FNDA:0,(anonymous_9)
FNDA:0,(anonymous_10)
DA:1,0
LF:1
LH:0
BRF:0
BRH:0
end_of_record
TN:
SF:.nuxt/dist/client/_nuxt/index.b63e41d6.js
FN:1,(anonymous_0)
FN:1,(anonymous_1)
FN:1,(anonymous_2)
FN:1,(anonymous_3)
FN:1,(anonymous_4)
FN:1,(anonymous_5)
FN:1,(anonymous_6)
FNF:7
FNH:0
FNDA:0,(anonymous_0)
FNDA:0,(anonymous_1)
FNDA:0,(anonymous_2)
FNDA:0,(anonymous_3)
FNDA:0,(anonymous_4)
FNDA:0,(anonymous_5)
FNDA:0,(anonymous_6)
DA:1,0
LF:1
LH:0
BRDA:1,0,0,0
BRDA:1,0,1,0
BRDA:1,1,0,0
BRDA:1,1,1,0
BRDA:1,2,0,0
BRDA:1,2,1,0
BRDA:1,3,0,0
BRDA:1,3,1,0
BRF:8
BRH:0
end_of_record
TN:
SF:.nuxt/dist/client/_nuxt/index.b7151231.js
FN:1,(anonymous_0)
FN:1,(anonymous_1)
FN:1,(anonymous_2)
FN:1,(anonymous_3)
FN:1,(anonymous_4)
FN:1,(anonymous_5)
FN:1,(anonymous_6)
FNF:7
FNH:0
FNDA:0,(anonymous_0)
FNDA:0,(anonymous_1)
FNDA:0,(anonymous_2)
FNDA:0,(anonymous_3)
FNDA:0,(anonymous_4)
FNDA:0,(anonymous_5)
FNDA:0,(anonymous_6)
DA:1,0
LF:1
LH:0
BRDA:1,0,0,0
BRDA:1,0,1,0
BRDA:1,1,0,0
BRDA:1,1,1,0
BRDA:1,2,0,0
BRDA:1,2,1,0
BRDA:1,3,0,0
BRDA:1,3,1,0
BRF:8
BRH:0
end_of_record
TN:
SF:.nuxt/dist/client/_nuxt/index.c69b692c.js
FN:1,(anonymous_0)
FN:1,(anonymous_1)
FN:1,(anonymous_2)
FNF:3
FNH:0
FNDA:0,(anonymous_0)
FNDA:0,(anonymous_1)
FNDA:0,(anonymous_2)
DA:1,0
LF:1
LH:0
BRF:0
BRH:0
end_of_record
TN:
SF:.nuxt/dist/client/_nuxt/index.c7c8e9cd.js
FN:1,(anonymous_0)
FN:1,c
FN:1,(anonymous_2)
FN:1,(anonymous_3)
FNF:4
FNH:0
FNDA:0,(anonymous_0)
FNDA:0,c
FNDA:0,(anonymous_2)
FNDA:0,(anonymous_3)
DA:1,0
LF:1
LH:0
BRDA:1,0,0,0
BRDA:1,0,1,0
BRF:2
BRH:0
end_of_record
TN:
SF:.nuxt/dist/client/_nuxt/index.d8686335.js
FN:1,(anonymous_0)
FN:1,(anonymous_1)
FN:1,(anonymous_2)
FN:1,(anonymous_3)
FN:1,(anonymous_4)
FN:1,(anonymous_5)
FN:1,(anonymous_6)
FN:1,(anonymous_7)
FN:1,M
FN:1,(anonymous_9)
FN:1,(anonymous_10)
FN:1,(anonymous_11)
FN:1,(anonymous_12)
FN:1,(anonymous_13)
FN:1,(anonymous_14)
FN:1,(anonymous_15)
FN:1,(anonymous_16)
FN:1,(anonymous_17)
FN:1,(anonymous_18)
FN:1,(anonymous_19)
FN:1,(anonymous_20)
FN:1,(anonymous_21)
FN:1,(anonymous_22)
FN:1,(anonymous_23)
FN:1,(anonymous_24)
FN:1,(anonymous_25)
FN:1,(anonymous_26)
FN:1,(anonymous_27)
FN:1,(anonymous_28)
FNF:29
FNH:0
FNDA:0,(anonymous_0)
FNDA:0,(anonymous_1)
FNDA:0,(anonymous_2)
FNDA:0,(anonymous_3)
FNDA:0,(anonymous_4)
FNDA:0,(anonymous_5)
FNDA:0,(anonymous_6)
FNDA:0,(anonymous_7)
FNDA:0,M
FNDA:0,(anonymous_9)
FNDA:0,(anonymous_10)
FNDA:0,(anonymous_11)
FNDA:0,(anonymous_12)
FNDA:0,(anonymous_13)
FNDA:0,(anonymous_14)
FNDA:0,(anonymous_15)
FNDA:0,(anonymous_16)
FNDA:0,(anonymous_17)
FNDA:0,(anonymous_18)
FNDA:0,(anonymous_19)
FNDA:0,(anonymous_20)
FNDA:0,(anonymous_21)
FNDA:0,(anonymous_22)
FNDA:0,(anonymous_23)
FNDA:0,(anonymous_24)
FNDA:0,(anonymous_25)
FNDA:0,(anonymous_26)
FNDA:0,(anonymous_27)
FNDA:0,(anonymous_28)
DA:1,0
LF:1
LH:0
BRDA:1,0,0,0
BRDA:1,0,1,0
BRDA:1,1,0,0
BRDA:1,1,1,0
BRDA:1,2,0,0
BRDA:1,2,1,0
BRDA:1,3,0,0
BRDA:1,3,1,0
BRDA:1,4,0,0
BRDA:1,4,1,0
BRDA:1,5,0,0
BRDA:1,5,1,0
BRDA:1,6,0,0
BRDA:1,6,1,0
BRDA:1,7,0,0
BRDA:1,7,1,0
BRDA:1,8,0,0
BRDA:1,8,1,0
BRDA:1,9,0,0
BRDA:1,9,1,0
BRF:20
BRH:0
end_of_record
TN:
SF:.nuxt/dist/client/_nuxt/index.dea1bc64.js
FN:1,(anonymous_0)
FN:1,(anonymous_1)
FN:1,N
FN:1,R
FN:1,(anonymous_4)
FN:1,(anonymous_5)
FN:1,(anonymous_6)
FN:1,(anonymous_7)
FN:1,(anonymous_8)
FN:1,(anonymous_9)
FN:1,(anonymous_10)
FN:1,(anonymous_11)
FN:1,(anonymous_12)
FN:1,(anonymous_13)
FN:1,(anonymous_14)
FN:1,(anonymous_15)
FN:1,(anonymous_16)
FN:1,(anonymous_17)
FN:1,(anonymous_18)
FN:1,(anonymous_19)
FN:1,(anonymous_20)
FN:1,(anonymous_21)
FN:1,(anonymous_22)
FN:1,(anonymous_23)
FN:1,(anonymous_24)
FNF:25
FNH:0
FNDA:0,(anonymous_0)
FNDA:0,(anonymous_1)
FNDA:0,N
FNDA:0,R
FNDA:0,(anonymous_4)
FNDA:0,(anonymous_5)
FNDA:0,(anonymous_6)
FNDA:0,(anonymous_7)
FNDA:0,(anonymous_8)
FNDA:0,(anonymous_9)
FNDA:0,(anonymous_10)
FNDA:0,(anonymous_11)
FNDA:0,(anonymous_12)
FNDA:0,(anonymous_13)
FNDA:0,(anonymous_14)
FNDA:0,(anonymous_15)
FNDA:0,(anonymous_16)
FNDA:0,(anonymous_17)
FNDA:0,(anonymous_18)
FNDA:0,(anonymous_19)
FNDA:0,(anonymous_20)
FNDA:0,(anonymous_21)
FNDA:0,(anonymous_22)
FNDA:0,(anonymous_23)
FNDA:0,(anonymous_24)
DA:1,0
LF:1
LH:0
BRDA:1,0,0,0
BRDA:1,0,1,0
BRDA:1,1,0,0
BRDA:1,1,1,0
BRDA:1,2,0,0
BRDA:1,2,1,0
BRDA:1,3,0,0
BRDA:1,3,1,0
BRDA:1,4,0,0
BRDA:1,4,1,0
BRDA:1,5,0,0
BRDA:1,5,1,0
BRDA:1,6,0,0
BRDA:1,6,1,0
BRDA:1,7,0,0
BRDA:1,7,1,0
BRDA:1,8,0,0
BRDA:1,8,1,0
BRDA:1,9,0,0
BRDA:1,9,1,0
BRDA:1,10,0,0
BRDA:1,10,1,0
BRDA:1,11,0,0
BRDA:1,11,1,0
BRDA:1,12,0,0
BRDA:1,12,1,0
BRDA:1,13,0,0
BRDA:1,13,1,0
BRDA:1,14,0,0
BRDA:1,14,1,0
BRDA:1,15,0,0
BRDA:1,15,1,0
BRDA:1,16,0,0
BRDA:1,16,1,0
BRDA:1,17,0,0
BRDA:1,17,1,0
BRDA:1,18,0,0
BRDA:1,18,1,0
BRDA:1,19,0,0
BRDA:1,19,1,0
BRDA:1,20,0,0
BRDA:1,20,1,0
BRDA:1,21,0,0
BRDA:1,21,1,0
BRF:44
BRH:0
end_of_record
TN:
SF:.nuxt/dist/client/_nuxt/index.e5b17962.js
FN:1,d
FN:1,(anonymous_1)
FN:1,(anonymous_2)
FNF:3
FNH:0
FNDA:0,d
FNDA:0,(anonymous_1)
FNDA:0,(anonymous_2)
DA:1,0
LF:1
LH:0
BRF:0
BRH:0
end_of_record
TN:
SF:.nuxt/dist/client/_nuxt/industrySearch.5a3a1e89.js
FNF:0
FNH:0
LF:0
LH:0
BRF:0
BRH:0
end_of_record
TN:
SF:.nuxt/dist/client/_nuxt/industrySearch.vue_vue_type_script_setup_true_lang.2d49650d.js
FN:1,B
FN:1,(anonymous_1)
FN:1,(anonymous_2)
FN:1,(anonymous_3)
FN:1,(anonymous_4)
FN:1,(anonymous_5)
FN:1,g
FN:1,f
FN:1,(anonymous_8)
FN:1,(anonymous_9)
FN:1,(anonymous_10)
FN:1,(anonymous_11)
FN:1,(anonymous_12)
FN:1,(anonymous_13)
FNF:14
FNH:0
FNDA:0,B
FNDA:0,(anonymous_1)
FNDA:0,(anonymous_2)
FNDA:0,(anonymous_3)
FNDA:0,(anonymous_4)
FNDA:0,(anonymous_5)
FNDA:0,g
FNDA:0,f
FNDA:0,(anonymous_8)
FNDA:0,(anonymous_9)
FNDA:0,(anonymous_10)
FNDA:0,(anonymous_11)
FNDA:0,(anonymous_12)
FNDA:0,(anonymous_13)
DA:1,0
LF:1
LH:0
BRDA:1,0,0,0
BRDA:1,0,1,0
BRDA:1,1,0,0
BRDA:1,1,1,0
BRDA:1,2,0,0
BRDA:1,2,1,0
BRDA:1,3,0,0
BRDA:1,3,1,0
BRDA:1,4,0,0
BRDA:1,4,1,0
BRF:10
BRH:0
end_of_record
TN:
SF:.nuxt/dist/client/_nuxt/input.b5ef4e9b.js
FN:1,(anonymous_0)
FN:1,(anonymous_1)
FN:1,(anonymous_2)
FN:1,(anonymous_3)
FN:1,(anonymous_4)
FN:1,(anonymous_5)
FN:1,(anonymous_6)
FN:1,(anonymous_7)
FN:1,(anonymous_8)
FN:1,(anonymous_9)
FN:1,(anonymous_10)
FN:1,(anonymous_11)
FN:1,(anonymous_12)
FN:1,(anonymous_13)
FN:1,(anonymous_14)
FN:1,(anonymous_15)
FN:1,(anonymous_16)
FN:1,(anonymous_17)
FN:1,(anonymous_18)
FN:1,(anonymous_19)
FN:1,(anonymous_20)
FN:1,(anonymous_21)
FN:1,(anonymous_22)
FN:1,(anonymous_23)
FNF:24
FNH:0
FNDA:0,(anonymous_0)
FNDA:0,(anonymous_1)
FNDA:0,(anonymous_2)
FNDA:0,(anonymous_3)
FNDA:0,(anonymous_4)
FNDA:0,(anonymous_5)
FNDA:0,(anonymous_6)
FNDA:0,(anonymous_7)
FNDA:0,(anonymous_8)
FNDA:0,(anonymous_9)
FNDA:0,(anonymous_10)
FNDA:0,(anonymous_11)
FNDA:0,(anonymous_12)
FNDA:0,(anonymous_13)
FNDA:0,(anonymous_14)
FNDA:0,(anonymous_15)
FNDA:0,(anonymous_16)
FNDA:0,(anonymous_17)
FNDA:0,(anonymous_18)
FNDA:0,(anonymous_19)
FNDA:0,(anonymous_20)
FNDA:0,(anonymous_21)
FNDA:0,(anonymous_22)
FNDA:0,(anonymous_23)
DA:1,0
LF:1
LH:0
BRDA:1,0,0,0
BRDA:1,0,1,0
BRDA:1,0,2,0
BRDA:1,1,0,0
BRDA:1,1,1,0
BRDA:1,1,2,0
BRDA:1,2,0,0
BRDA:1,2,1,0
BRDA:1,2,2,0
BRDA:1,3,0,0
BRDA:1,3,1,0
BRDA:1,4,0,0
BRDA:1,4,1,0
BRDA:1,5,0,0
BRDA:1,5,1,0
BRDA:1,6,0,0
BRDA:1,6,1,0
BRDA:1,7,0,0
BRDA:1,7,1,0
BRDA:1,8,0,0
BRDA:1,8,1,0
BRDA:1,9,0,0
BRDA:1,9,1,0
BRDA:1,10,0,0
BRDA:1,10,1,0
BRDA:1,11,0,0
BRDA:1,11,1,0
BRDA:1,12,0,0
BRDA:1,12,1,0
BRDA:1,13,0,0
BRDA:1,13,1,0
BRDA:1,14,0,0
BRDA:1,14,1,0
BRF:33
BRH:0
end_of_record
TN:
SF:.nuxt/dist/client/_nuxt/input.cd2a8343.js
FNF:0
FNH:0
LF:0
LH:0
BRF:0
BRH:0
end_of_record
TN:
SF:.nuxt/dist/client/_nuxt/input.vue_vue_type_script_setup_true_lang.e01123a5.js
FN:1,(anonymous_0)
FN:1,(anonymous_1)
FN:1,(anonymous_2)
FN:1,(anonymous_3)
FN:1,(anonymous_4)
FN:1,(anonymous_5)
FNF:6
FNH:0
FNDA:0,(anonymous_0)
FNDA:0,(anonymous_1)
FNDA:0,(anonymous_2)
FNDA:0,(anonymous_3)
FNDA:0,(anonymous_4)
FNDA:0,(anonymous_5)
DA:1,0
LF:1
LH:0
BRDA:1,0,0,0
BRDA:1,0,1,0
BRDA:1,1,0,0
BRDA:1,1,1,0
BRDA:1,2,0,0
BRDA:1,2,1,0
BRDA:1,3,0,0
BRDA:1,3,1,0
BRDA:1,4,0,0
BRDA:1,4,1,0
BRDA:1,5,0,0
BRDA:1,5,1,0
BRF:12
BRH:0
end_of_record
TN:
SF:.nuxt/dist/client/_nuxt/instrumentCard.798e501e.js
FN:1,(anonymous_0)
FN:1,a
FN:1,(anonymous_2)
FN:1,(anonymous_3)
FN:1,(anonymous_4)
FN:1,(anonymous_5)
FN:1,(anonymous_6)
FN:1,(anonymous_7)
FNF:8
FNH:0
FNDA:0,(anonymous_0)
FNDA:0,a
FNDA:0,(anonymous_2)
FNDA:0,(anonymous_3)
FNDA:0,(anonymous_4)
FNDA:0,(anonymous_5)
FNDA:0,(anonymous_6)
FNDA:0,(anonymous_7)
DA:1,0
LF:1
LH:0
BRDA:1,0,0,0
BRDA:1,0,1,0
BRDA:1,0,2,0
BRDA:1,1,0,0
BRDA:1,1,1,0
BRDA:1,2,0,0
BRDA:1,2,1,0
BRDA:1,3,0,0
BRDA:1,3,1,0
BRDA:1,4,0,0
BRDA:1,4,1,0
BRF:11
BRH:0
end_of_record
TN:
SF:.nuxt/dist/client/_nuxt/instrumentCardCompact.dc97c972.js
FN:1,(anonymous_0)
FN:1,(anonymous_1)
FN:1,(anonymous_2)
FN:1,(anonymous_3)
FN:1,(anonymous_4)
FN:1,(anonymous_5)
FN:1,(anonymous_6)
FN:1,(anonymous_7)
FNF:8
FNH:0
FNDA:0,(anonymous_0)
FNDA:0,(anonymous_1)
FNDA:0,(anonymous_2)
FNDA:0,(anonymous_3)
FNDA:0,(anonymous_4)
FNDA:0,(anonymous_5)
FNDA:0,(anonymous_6)
FNDA:0,(anonymous_7)
DA:1,0
LF:1
LH:0
BRDA:1,0,0,0
BRDA:1,0,1,0
BRDA:1,1,0,0
BRDA:1,1,1,0
BRDA:1,2,0,0
BRDA:1,2,1,0
BRF:6
BRH:0
end_of_record
TN:
SF:.nuxt/dist/client/_nuxt/instrumentFlag.90cfaa53.js
FN:1,s
FNF:1
FNH:0
FNDA:0,s
DA:1,0
LF:1
LH:0
BRF:0
BRH:0
end_of_record
TN:
[...]
FN:47,(anonymous_91)
FN:49,(anonymous_92)
FN:49,(anonymous_93)
FN:49,(anonymous_94)
FN:51,(anonymous_95)
FN:51,(anonymous_97)
FN:53,(anonymous_98)
FN:53,(anonymous_99)
FN:53,(anonymous_100)
FN:55,(anonymous_101)
FN:55,(anonymous_102)
FN:55,(anonymous_103)
FN:57,(anonymous_104)
FN:57,(anonymous_105)
FN:57,(anonymous_106)
FN:57,(anonymous_107)
FN:59,(anonymous_108)
FN:59,(anonymous_110)
FN:61,(anonymous_111)
FN:61,(anonymous_112)
FN:61,(anonymous_113)
FN:63,(anonymous_114)
FN:63,(anonymous_115)
FN:63,(anonymous_116)
FN:65,(anonymous_117)
FN:65,(anonymous_118)
FN:65,(anonymous_119)
FN:67,(anonymous_120)
FN:67,(anonymous_121)
FN:67,(anonymous_122)
FN:69,(anonymous_123)
FN:69,(anonymous_124)
FN:69,(anonymous_125)
FN:71,(anonymous_126)
FN:71,(anonymous_127)
FN:71,(anonymous_128)
FN:73,(anonymous_129)
FN:73,(anonymous_131)
FN:75,(anonymous_132)
FN:75,(anonymous_133)
FN:75,(anonymous_134)
FN:77,(anonymous_135)
FN:77,(anonymous_136)
FN:77,(anonymous_137)
FN:79,(anonymous_138)
FN:79,(anonymous_139)
FN:79,(anonymous_140)
FN:81,(anonymous_141)
FN:81,(anonymous_142)
FN:81,(anonymous_143)
FN:83,(anonymous_144)
FN:83,(anonymous_145)
FN:83,(anonymous_146)
FN:85,(anonymous_147)
FN:85,(anonymous_148)
FN:85,(anonymous_149)
FN:87,(anonymous_150)
FN:87,(anonymous_152)
FN:89,(anonymous_153)
FN:89,(anonymous_154)
FN:89,(anonymous_155)
FN:91,(anonymous_156)
FN:91,(anonymous_157)
FN:91,(anonymous_158)
FN:93,(anonymous_159)
FN:93,(anonymous_160)
FN:93,(anonymous_161)
FN:95,(anonymous_162)
FN:95,(anonymous_163)
FN:95,(anonymous_164)
FN:97,(anonymous_165)
FN:97,(anonymous_166)
FN:97,(anonymous_167)
FN:99,(anonymous_168)
FN:99,(anonymous_169)
FN:99,(anonymous_170)
FN:101,(anonymous_171)
FN:101,(anonymous_173)
FN:103,(anonymous_174)
FN:103,(anonymous_175)
FN:103,(anonymous_176)
FN:105,(anonymous_177)
FN:105,(anonymous_178)
FN:105,(anonymous_179)
FN:107,(anonymous_180)
FN:107,(anonymous_181)
FN:107,(anonymous_182)
FN:109,(anonymous_183)
FN:109,(anonymous_184)
FN:109,(anonymous_185)
FN:111,(anonymous_186)
FN:111,(anonymous_187)
FN:111,(anonymous_188)
FN:113,(anonymous_189)
FN:113,(anonymous_190)
FN:113,(anonymous_191)
FN:115,(anonymous_192)
FN:115,(anonymous_193)
FN:115,(anonymous_194)
FN:117,(anonymous_195)
FN:117,(anonymous_196)
FN:117,(anonymous_197)
FN:119,(anonymous_198)
FN:119,(anonymous_199)
FN:119,(anonymous_200)
FN:121,(anonymous_201)
FN:121,(anonymous_202)
FN:121,(anonymous_203)
FN:123,(anonymous_204)
FN:123,(anonymous_205)
FN:123,(anonymous_206)
FN:125,(anonymous_207)
FN:125,(anonymous_208)
FN:125,(anonymous_209)
FN:127,(anonymous_210)
FN:127,(anonymous_212)
FN:129,(anonymous_213)
FN:129,(anonymous_214)
FN:129,(anonymous_215)
FN:131,(anonymous_216)
FN:131,(anonymous_217)
FN:131,(anonymous_218)
FN:133,(anonymous_219)
FN:133,(anonymous_221)
FN:135,(anonymous_222)
FN:135,(anonymous_223)
FN:135,(anonymous_224)
FN:135,(anonymous_225)
FN:137,(anonymous_226)
FN:137,(anonymous_227)
FN:137,(anonymous_228)
FN:139,(anonymous_229)
FN:139,(anonymous_230)
FN:139,(anonymous_231)
FN:141,(anonymous_232)
FN:141,(anonymous_233)
FN:141,(anonymous_234)
FN:143,(anonymous_235)
FN:143,(anonymous_236)
FN:143,(anonymous_237)
FN:145,(anonymous_238)
FN:145,(anonymous_239)
FN:145,(anonymous_240)
FN:147,(anonymous_241)
FN:147,(anonymous_242)
FN:147,(anonymous_243)
FN:149,(anonymous_244)
FN:149,(anonymous_245)
FN:149,(anonymous_246)
FN:151,(anonymous_247)
FN:151,(anonymous_248)
FN:151,(anonymous_249)
FN:153,(anonymous_250)
FN:153,(anonymous_251)
FN:153,(anonymous_252)
FN:155,(anonymous_253)
FN:155,(anonymous_254)
FN:155,(anonymous_255)
FN:155,(anonymous_256)
FN:157,(anonymous_257)
FN:157,(anonymous_258)
FN:157,(anonymous_259)
FN:159,(anonymous_260)
FN:159,(anonymous_261)
FN:159,(anonymous_262)
FN:161,(anonymous_263)
FN:161,(anonymous_264)
FN:161,(anonymous_265)
FN:163,(anonymous_266)
FN:163,(anonymous_267)
FN:163,(anonymous_268)
FN:165,(anonymous_269)
FN:165,(anonymous_270)
FN:165,(anonymous_271)
FN:165,(anonymous_272)
FN:167,(anonymous_273)
FN:167,(anonymous_274)
FN:167,(anonymous_275)
FN:169,(anonymous_276)
FN:169,(anonymous_277)
FN:169,(anonymous_279)
FN:171,(anonymous_280)
FN:171,(anonymous_281)
FN:171,(anonymous_282)
FN:171,(anonymous_283)
FN:173,(anonymous_284)
FN:173,(anonymous_285)
FN:173,(anonymous_286)
FN:173,(anonymous_287)
FN:175,(anonymous_288)
FN:175,(anonymous_289)
FN:175,(anonymous_290)
FN:175,(anonymous_291)
FN:177,(anonymous_292)
FN:177,(anonymous_293)
FN:177,(anonymous_294)
FN:179,(anonymous_295)
FN:179,(anonymous_296)
FN:179,(anonymous_297)
FN:181,(anonymous_298)
FN:181,(anonymous_299)
FN:181,(anonymous_300)
FN:183,(anonymous_301)
FN:183,(anonymous_302)
FN:183,(anonymous_303)
FN:185,(anonymous_304)
FN:185,(anonymous_305)
FN:185,(anonymous_306)
FN:187,(anonymous_307)
FN:187,(anonymous_308)
FN:187,(anonymous_309)
FN:189,(anonymous_310)
FN:189,(anonymous_311)
FN:189,(anonymous_312)
FN:191,(anonymous_313)
FN:191,(anonymous_314)
FN:191,(anonymous_315)
FN:193,(anonymous_316)
FN:193,(anonymous_317)
FN:193,(anonymous_318)
FN:195,(anonymous_319)
FN:195,(anonymous_320)
FN:195,(anonymous_321)
FN:197,(anonymous_322)
FN:197,(anonymous_323)
FN:197,(anonymous_324)
FN:199,(anonymous_325)
FN:199,(anonymous_326)
FN:199,(anonymous_327)
FN:201,(anonymous_328)
FN:201,(anonymous_329)
FN:201,(anonymous_330)
FN:203,(anonymous_331)
FN:203,(anonymous_332)
FN:203,(anonymous_333)
FN:205,(anonymous_334)
FN:205,(anonymous_335)
FN:205,(anonymous_336)
FN:207,(anonymous_337)
FN:207,(anonymous_338)
FN:207,(anonymous_339)
FN:209,(anonymous_340)
FN:209,(anonymous_341)
FN:209,(anonymous_342)
FN:211,(anonymous_343)
FN:211,(anonymous_344)
FN:211,(anonymous_345)
FN:213,(anonymous_346)
FN:213,(anonymous_347)
FN:213,(anonymous_348)
FN:215,(anonymous_349)
FN:215,(anonymous_350)
FN:215,(anonymous_351)
FN:217,(anonymous_352)
FN:217,(anonymous_353)
FN:217,(anonymous_354)
FN:219,(anonymous_355)
FN:219,(anonymous_356)
FN:219,(anonymous_357)
FN:221,(anonymous_358)
FN:221,(anonymous_359)
FN:221,(anonymous_360)
FN:223,(anonymous_361)
FN:223,(anonymous_362)
FN:223,(anonymous_363)
FN:225,(anonymous_364)
FN:225,(anonymous_365)
FN:225,(anonymous_366)
FN:227,(anonymous_367)
FN:227,(anonymous_368)
FN:227,(anonymous_369)
FN:229,(anonymous_370)
FN:229,(anonymous_371)
FN:229,(anonymous_372)
FN:231,(anonymous_373)
FN:231,(anonymous_374)
FN:231,(anonymous_375)
FN:233,(anonymous_376)
FN:233,(anonymous_377)
FN:233,(anonymous_378)
FN:235,(anonymous_379)
FN:235,(anonymous_380)
FN:235,(anonymous_381)
FN:235,(anonymous_382)
FN:237,(anonymous_383)
FN:237,(anonymous_385)
FN:237,(anonymous_386)
FN:239,(anonymous_387)
FN:239,(anonymous_388)
FN:239,(anonymous_389)
FN:239,(anonymous_390)
FN:241,(anonymous_391)
FN:241,(anonymous_393)
FN:241,(anonymous_394)
FN:243,(anonymous_395)
FN:243,(anonymous_396)
FN:243,(anonymous_397)
FN:243,(anonymous_398)
FN:245,(anonymous_399)
FN:245,(anonymous_401)
FN:245,(anonymous_402)
FNF:361
FNH:0
FNDA:0,(anonymous_23)
FNDA:0,(anonymous_24)
FNDA:0,(anonymous_25)
FNDA:0,(anonymous_26)
FNDA:0,(anonymous_27)
FNDA:0,(anonymous_28)
FNDA:0,(anonymous_29)
FNDA:0,(anonymous_31)
FNDA:0,(anonymous_32)
FNDA:0,(anonymous_33)
FNDA:0,(anonymous_34)
FNDA:0,(anonymous_35)
FNDA:0,(anonymous_37)
FNDA:0,(anonymous_38)
FNDA:0,(anonymous_39)
FNDA:0,(anonymous_40)
FNDA:0,(anonymous_41)
FNDA:0,(anonymous_42)
FNDA:0,(anonymous_43)
FNDA:0,(anonymous_44)
FNDA:0,(anonymous_45)
FNDA:0,(anonymous_46)
FNDA:0,(anonymous_47)
FNDA:0,(anonymous_49)
FNDA:0,(anonymous_50)
FNDA:0,(anonymous_51)
FNDA:0,(anonymous_52)
FNDA:0,(anonymous_53)
FNDA:0,(anonymous_54)
FNDA:0,(anonymous_55)
FNDA:0,(anonymous_56)
FNDA:0,(anonymous_58)
FNDA:0,(anonymous_59)
FNDA:0,(anonymous_60)
FNDA:0,(anonymous_61)
FNDA:0,(anonymous_62)
FNDA:0,(anonymous_63)
FNDA:0,(anonymous_64)
FNDA:0,(anonymous_65)
FNDA:0,(anonymous_66)
FNDA:0,(anonymous_67)
FNDA:0,(anonymous_68)
FNDA:0,(anonymous_70)
FNDA:0,(anonymous_71)
FNDA:0,(anonymous_72)
FNDA:0,(anonymous_73)
FNDA:0,(anonymous_74)
FNDA:0,(anonymous_76)
FNDA:0,(anonymous_77)
FNDA:0,(anonymous_78)
FNDA:0,(anonymous_79)
FNDA:0,(anonymous_80)
FNDA:0,(anonymous_81)
FNDA:0,(anonymous_82)
FNDA:0,(anonymous_83)
FNDA:0,(anonymous_85)
FNDA:0,(anonymous_86)
FNDA:0,(anonymous_88)
FNDA:0,(anonymous_89)
FNDA:0,(anonymous_90)
FNDA:0,(anonymous_91)
FNDA:0,(anonymous_92)
FNDA:0,(anonymous_93)
FNDA:0,(anonymous_94)
FNDA:0,(anonymous_95)
FNDA:0,(anonymous_97)
FNDA:0,(anonymous_98)
FNDA:0,(anonymous_99)
FNDA:0,(anonymous_100)
FNDA:0,(anonymous_101)
FNDA:0,(anonymous_102)
FNDA:0,(anonymous_103)
FNDA:0,(anonymous_104)
FNDA:0,(anonymous_105)
FNDA:0,(anonymous_106)
FNDA:0,(anonymous_107)
FNDA:0,(anonymous_108)
FNDA:0,(anonymous_110)
FNDA:0,(anonymous_111)
FNDA:0,(anonymous_112)
FNDA:0,(anonymous_113)
FNDA:0,(anonymous_114)
FNDA:0,(anonymous_115)
FNDA:0,(anonymous_116)
FNDA:0,(anonymous_117)
FNDA:0,(anonymous_118)
FNDA:0,(anonymous_119)
FNDA:0,(anonymous_120)
FNDA:0,(anonymous_121)
FNDA:0,(anonymous_122)
FNDA:0,(anonymous_123)
FNDA:0,(anonymous_124)
FNDA:0,(anonymous_125)
FNDA:0,(anonymous_126)
FNDA:0,(anonymous_127)
FNDA:0,(anonymous_128)
FNDA:0,(anonymous_129)
FNDA:0,(anonymous_131)
FNDA:0,(anonymous_132)
FNDA:0,(anonymous_133)
FNDA:0,(anonymous_134)
FNDA:0,(anonymous_135)
FNDA:0,(anonymous_136)
FNDA:0,(anonymous_137)
FNDA:0,(anonymous_138)
FNDA:0,(anonymous_139)
FNDA:0,(anonymous_140)
FNDA:0,(anonymous_141)
FNDA:0,(anonymous_142)
FNDA:0,(anonymous_143)
FNDA:0,(anonymous_144)
FNDA:0,(anonymous_145)
FNDA:0,(anonymous_146)
FNDA:0,(anonymous_147)
FNDA:0,(anonymous_148)
FNDA:0,(anonymous_149)
FNDA:0,(anonymous_150)
FNDA:0,(anonymous_152)
FNDA:0,(anonymous_153)
FNDA:0,(anonymous_154)
FNDA:0,(anonymous_155)
FNDA:0,(anonymous_156)
FNDA:0,(anonymous_157)
FNDA:0,(anonymous_158)
FNDA:0,(anonymous_159)
FNDA:0,(anonymous_160)
FNDA:0,(anonymous_161)
FNDA:0,(anonymous_162)
FNDA:0,(anonymous_163)
FNDA:0,(anonymous_164)
FNDA:0,(anonymous_165)
FNDA:0,(anonymous_166)
FNDA:0,(anonymous_167)
FNDA:0,(anonymous_168)
FNDA:0,(anonymous_169)
FNDA:0,(anonymous_170)
FNDA:0,(anonymous_171)
FNDA:0,(anonymous_173)
FNDA:0,(anonymous_174)
FNDA:0,(anonymous_175)
FNDA:0,(anonymous_176)
FNDA:0,(anonymous_177)
FNDA:0,(anonymous_178)
FNDA:0,(anonymous_179)
FNDA:0,(anonymous_180)
FNDA:0,(anonymous_181)
FNDA:0,(anonymous_182)
FNDA:0,(anonymous_183)
FNDA:0,(anonymous_184)
FNDA:0,(anonymous_185)
FNDA:0,(anonymous_186)
FNDA:0,(anonymous_187)
FNDA:0,(anonymous_188)
FNDA:0,(anonymous_189)
FNDA:0,(anonymous_190)
FNDA:0,(anonymous_191)
FNDA:0,(anonymous_192)
FNDA:0,(anonymous_193)
FNDA:0,(anonymous_194)
FNDA:0,(anonymous_195)
FNDA:0,(anonymous_196)
FNDA:0,(anonymous_197)
FNDA:0,(anonymous_198)
FNDA:0,(anonymous_199)
FNDA:0,(anonymous_200)
FNDA:0,(anonymous_201)
FNDA:0,(anonymous_202)
FNDA:0,(anonymous_203)
FNDA:0,(anonymous_204)
FNDA:0,(anonymous_205)
FNDA:0,(anonymous_206)
FNDA:0,(anonymous_207)
FNDA:0,(anonymous_208)
FNDA:0,(anonymous_209)
FNDA:0,(anonymous_210)
FNDA:0,(anonymous_212)
FNDA:0,(anonymous_213)
FNDA:0,(anonymous_214)
FNDA:0,(anonymous_215)
FNDA:0,(anonymous_216)
FNDA:0,(anonymous_217)
FNDA:0,(anonymous_218)
FNDA:0,(anonymous_219)
FNDA:0,(anonymous_221)
FNDA:0,(anonymous_222)
FNDA:0,(anonymous_223)
FNDA:0,(anonymous_224)
FNDA:0,(anonymous_225)
FNDA:0,(anonymous_226)
FNDA:0,(anonymous_227)
FNDA:0,(anonymous_228)
FNDA:0,(anonymous_229)
FNDA:0,(anonymous_230)
FNDA:0,(anonymous_231)
FNDA:0,(anonymous_232)
FNDA:0,(anonymous_233)
FNDA:0,(anonymous_234)
FNDA:0,(anonymous_235)
FNDA:0,(anonymous_236)
FNDA:0,(anonymous_237)
FNDA:0,(anonymous_238)
FNDA:0,(anonymous_239)
FNDA:0,(anonymous_240)
FNDA:0,(anonymous_241)
FNDA:0,(anonymous_242)
FNDA:0,(anonymous_243)
FNDA:0,(anonymous_244)
FNDA:0,(anonymous_245)
FNDA:0,(anonymous_246)
FNDA:0,(anonymous_247)
FNDA:0,(anonymous_248)
FNDA:0,(anonymous_249)
FNDA:0,(anonymous_250)
FNDA:0,(anonymous_251)
FNDA:0,(anonymous_252)
FNDA:0,(anonymous_253)
FNDA:0,(anonymous_254)
FNDA:0,(anonymous_255)
FNDA:0,(anonymous_256)
FNDA:0,(anonymous_257)
FNDA:0,(anonymous_258)
FNDA:0,(anonymous_259)
FNDA:0,(anonymous_260)
FNDA:0,(anonymous_261)
FNDA:0,(anonymous_262)
FNDA:0,(anonymous_263)
FNDA:0,(anonymous_264)
FNDA:0,(anonymous_265)
FNDA:0,(anonymous_266)
FNDA:0,(anonymous_267)
FNDA:0,(anonymous_268)
FNDA:0,(anonymous_269)
FNDA:0,(anonymous_270)
FNDA:0,(anonymous_271)
FNDA:0,(anonymous_272)
FNDA:0,(anonymous_273)
FNDA:0,(anonymous_274)
FNDA:0,(anonymous_275)
FNDA:0,(anonymous_276)
FNDA:0,(anonymous_277)
FNDA:0,(anonymous_279)
FNDA:0,(anonymous_280)
FNDA:0,(anonymous_281)
FNDA:0,(anonymous_282)
FNDA:0,(anonymous_283)
FNDA:0,(anonymous_284)
FNDA:0,(anonymous_285)
FNDA:0,(anonymous_286)
FNDA:0,(anonymous_287)
FNDA:0,(anonymous_288)
FNDA:0,(anonymous_289)
FNDA:0,(anonymous_290)
FNDA:0,(anonymous_291)
FNDA:0,(anonymous_292)
FNDA:0,(anonymous_293)
FNDA:0,(anonymous_294)
FNDA:0,(anonymous_295)
FNDA:0,(anonymous_296)
FNDA:0,(anonymous_297)
FNDA:0,(anonymous_298)
FNDA:0,(anonymous_299)
FNDA:0,(anonymous_300)
FNDA:0,(anonymous_301)
FNDA:0,(anonymous_302)
FNDA:0,(anonymous_303)
FNDA:0,(anonymous_304)
FNDA:0,(anonymous_305)
FNDA:0,(anonymous_306)
FNDA:0,(anonymous_307)
FNDA:0,(anonymous_308)
FNDA:0,(anonymous_309)
FNDA:0,(anonymous_310)
FNDA:0,(anonymous_311)
FNDA:0,(anonymous_312)
FNDA:0,(anonymous_313)
FNDA:0,(anonymous_314)
FNDA:0,(anonymous_315)
FNDA:0,(anonymous_316)
FNDA:0,(anonymous_317)
FNDA:0,(anonymous_318)
FNDA:0,(anonymous_319)
FNDA:0,(anonymous_320)
FNDA:0,(anonymous_321)
FNDA:0,(anonymous_322)
FNDA:0,(anonymous_323)
FNDA:0,(anonymous_324)
FNDA:0,(anonymous_325)
FNDA:0,(anonymous_326)
FNDA:0,(anonymous_327)
FNDA:0,(anonymous_328)
FNDA:0,(anonymous_329)
FNDA:0,(anonymous_330)
FNDA:0,(anonymous_331)
FNDA:0,(anonymous_332)
FNDA:0,(anonymous_333)
FNDA:0,(anonymous_334)
FNDA:0,(anonymous_335)
FNDA:0,(anonymous_336)
FNDA:0,(anonymous_337)
FNDA:0,(anonymous_338)
FNDA:0,(anonymous_339)
FNDA:0,(anonymous_340)
FNDA:0,(anonymous_341)
FNDA:0,(anonymous_342)
FNDA:0,(anonymous_343)
FNDA:0,(anonymous_344)
FNDA:0,(anonymous_345)
FNDA:0,(anonymous_346)
FNDA:0,(anonymous_347)
FNDA:0,(anonymous_348)
FNDA:0,(anonymous_349)
FNDA:0,(anonymous_350)
FNDA:0,(anonymous_351)
FNDA:0,(anonymous_352)
FNDA:0,(anonymous_353)
FNDA:0,(anonymous_354)
FNDA:0,(anonymous_355)
FNDA:0,(anonymous_356)
FNDA:0,(anonymous_357)
FNDA:0,(anonymous_358)
FNDA:0,(anonymous_359)
FNDA:0,(anonymous_360)
FNDA:0,(anonymous_361)
FNDA:0,(anonymous_362)
FNDA:0,(anonymous_363)
FNDA:0,(anonymous_364)
FNDA:0,(anonymous_365)
FNDA:0,(anonymous_366)
FNDA:0,(anonymous_367)
FNDA:0,(anonymous_368)
FNDA:0,(anonymous_369)
FNDA:0,(anonymous_370)
FNDA:0,(anonymous_371)
FNDA:0,(anonymous_372)
FNDA:0,(anonymous_373)
FNDA:0,(anonymous_374)
FNDA:0,(anonymous_375)
FNDA:0,(anonymous_376)
FNDA:0,(anonymous_377)
FNDA:0,(anonymous_378)
FNDA:0,(anonymous_379)
FNDA:0,(anonymous_380)
FNDA:0,(anonymous_381)
FNDA:0,(anonymous_382)
FNDA:0,(anonymous_383)
FNDA:0,(anonymous_385)
FNDA:0,(anonymous_386)
FNDA:0,(anonymous_387)
FNDA:0,(anonymous_388)
FNDA:0,(anonymous_389)
FNDA:0,(anonymous_390)
FNDA:0,(anonymous_391)
FNDA:0,(anonymous_393)
FNDA:0,(anonymous_394)
FNDA:0,(anonymous_395)
FNDA:0,(anonymous_396)
FNDA:0,(anonymous_397)
FNDA:0,(anonymous_398)
FNDA:0,(anonymous_399)
FNDA:0,(anonymous_401)
FNDA:0,(anonymous_402)
DA:3,0
DA:5,0
DA:7,0
DA:9,0
DA:11,0
DA:13,0
DA:15,0
DA:17,0
DA:19,0
DA:21,0
DA:23,0
DA:25,0
DA:27,0
DA:29,0
DA:31,0
DA:33,0
DA:35,0
DA:37,0
DA:39,0
DA:41,0
DA:43,0
DA:45,0
DA:47,0
DA:49,0
DA:51,0
DA:53,0
DA:55,0
DA:57,0
DA:59,0
DA:61,0
DA:63,0
DA:65,0
DA:67,0
DA:69,0
DA:71,0
DA:73,0
DA:75,0
DA:77,0
DA:79,0
DA:81,0
DA:83,0
DA:85,0
DA:87,0
DA:89,0
DA:91,0
DA:93,0
DA:95,0
DA:97,0
DA:99,0
DA:101,0
DA:103,0
DA:105,0
DA:107,0
DA:109,0
DA:111,0
DA:113,0
DA:115,0
DA:117,0
DA:119,0
DA:121,0
DA:123,0
DA:125,0
DA:127,0
DA:129,0
DA:131,0
DA:133,0
DA:135,0
DA:137,0
DA:139,0
DA:141,0
DA:143,0
DA:145,0
DA:147,0
DA:149,0
DA:151,0
DA:153,0
DA:155,0
DA:157,0
DA:159,0
DA:161,0
DA:163,0
DA:165,0
DA:167,0
DA:169,0
DA:171,0
DA:173,0
DA:175,0
DA:177,0
DA:179,0
DA:181,0
DA:183,0
DA:185,0
DA:187,0
DA:189,0
DA:191,0
DA:193,0
DA:195,0
DA:197,0
DA:199,0
DA:201,0
DA:203,0
DA:205,0
DA:207,0
DA:209,0
DA:211,0
DA:213,0
DA:215,0
DA:217,0
DA:219,0
DA:221,0
DA:223,0
DA:225,0
DA:227,0
DA:229,0
DA:231,0
DA:233,0
DA:235,0
DA:237,0
DA:239,0
DA:241,0
DA:243,0
DA:245,0
LF:122
LH:0
BRDA:3,0,0,0
BRDA:3,0,1,0
BRDA:5,1,0,0
BRDA:5,1,1,0
BRDA:7,2,0,0
BRDA:7,2,1,0
BRDA:9,3,0,0
BRDA:9,3,1,0
BRDA:11,4,0,0
BRDA:11,4,1,0
BRDA:13,5,0,0
BRDA:13,5,1,0
BRDA:15,6,0,0
BRDA:15,6,1,0
BRDA:17,7,0,0
BRDA:17,7,1,0
BRDA:19,8,0,0
BRDA:19,8,1,0
BRDA:21,9,0,0
BRDA:21,9,1,0
BRDA:23,10,0,0
BRDA:23,10,1,0
BRDA:25,11,0,0
BRDA:25,11,1,0
BRDA:27,12,0,0
BRDA:27,12,1,0
BRDA:29,13,0,0
BRDA:29,13,1,0
BRDA:31,14,0,0
BRDA:31,14,1,0
BRDA:33,15,0,0
BRDA:33,15,1,0
BRDA:35,16,0,0
BRDA:35,16,1,0
BRDA:37,17,0,0
BRDA:37,17,1,0
BRDA:39,18,0,0
BRDA:39,18,1,0
BRDA:41,19,0,0
BRDA:41,19,1,0
BRDA:43,20,0,0
BRDA:43,20,1,0
BRDA:45,21,0,0
BRDA:45,21,1,0
BRDA:47,22,0,0
BRDA:47,22,1,0
BRDA:49,23,0,0
BRDA:49,23,1,0
BRDA:51,24,0,0
BRDA:51,24,1,0
BRDA:53,25,0,0
BRDA:53,25,1,0
BRDA:55,26,0,0
BRDA:55,26,1,0
BRDA:57,27,0,0
BRDA:57,27,1,0
BRDA:59,28,0,0
BRDA:59,28,1,0
BRDA:61,29,0,0
BRDA:61,29,1,0
BRDA:63,30,0,0
BRDA:63,30,1,0
BRDA:65,31,0,0
BRDA:65,31,1,0
BRDA:67,32,0,0
BRDA:67,32,1,0
BRDA:69,33,0,0
BRDA:69,33,1,0
BRDA:71,34,0,0
BRDA:71,34,1,0
BRDA:73,35,0,0
BRDA:73,35,1,0
BRDA:75,36,0,0
BRDA:75,36,1,0
BRDA:77,37,0,0
BRDA:77,37,1,0
BRDA:79,38,0,0
BRDA:79,38,1,0
BRDA:81,39,0,0
BRDA:81,39,1,0
BRDA:83,40,0,0
BRDA:83,40,1,0
BRDA:85,41,0,0
BRDA:85,41,1,0
BRDA:87,42,0,0
BRDA:87,42,1,0
BRDA:89,43,0,0
BRDA:89,43,1,0
BRDA:91,44,0,0
BRDA:91,44,1,0
BRDA:93,45,0,0
BRDA:93,45,1,0
BRDA:95,46,0,0
BRDA:95,46,1,0
BRDA:97,47,0,0
BRDA:97,47,1,0
BRDA:99,48,0,0
BRDA:99,48,1,0
BRDA:101,49,0,0
BRDA:101,49,1,0
BRDA:103,50,0,0
BRDA:103,50,1,0
BRDA:105,51,0,0
BRDA:105,51,1,0
BRDA:107,52,0,0
BRDA:107,52,1,0
BRDA:109,53,0,0
BRDA:109,53,1,0
BRDA:111,54,0,0
BRDA:111,54,1,0
BRDA:113,55,0,0
BRDA:113,55,1,0
BRDA:115,56,0,0
BRDA:115,56,1,0
BRDA:117,57,0,0
BRDA:117,57,1,0
BRDA:119,58,0,0
BRDA:119,58,1,0
BRDA:121,59,0,0
BRDA:121,59,1,0
BRDA:123,60,0,0
BRDA:123,60,1,0
BRDA:125,61,0,0
BRDA:125,61,1,0
BRDA:127,62,0,0
BRDA:127,62,1,0
BRDA:129,63,0,0
BRDA:129,63,1,0
BRDA:131,64,0,0
BRDA:131,64,1,0
BRDA:133,65,0,0
BRDA:133,65,1,0
BRDA:135,66,0,0
BRDA:135,66,1,0
BRDA:137,67,0,0
BRDA:137,67,1,0
BRDA:139,68,0,0
BRDA:139,68,1,0
BRDA:141,69,0,0
BRDA:141,69,1,0
BRDA:143,70,0,0
BRDA:143,70,1,0
BRDA:145,71,0,0
BRDA:145,71,1,0
BRDA:147,72,0,0
BRDA:147,72,1,0
BRDA:149,73,0,0
BRDA:149,73,1,0
BRDA:151,74,0,0
BRDA:151,74,1,0
BRDA:153,75,0,0
BRDA:153,75,1,0
BRDA:155,76,0,0
BRDA:155,76,1,0
BRDA:157,77,0,0
BRDA:157,77,1,0
BRDA:159,78,0,0
BRDA:159,78,1,0
BRDA:161,79,0,0
BRDA:161,79,1,0
BRDA:163,80,0,0
BRDA:163,80,1,0
BRDA:165,81,0,0
BRDA:165,81,1,0
BRDA:167,82,0,0
BRDA:167,82,1,0
BRDA:169,83,0,0
BRDA:169,83,1,0
BRDA:171,84,0,0
BRDA:171,84,1,0
BRDA:173,85,0,0
BRDA:173,85,1,0
BRDA:175,86,0,0
BRDA:175,86,1,0
BRDA:177,87,0,0
BRDA:177,87,1,0
BRDA:179,88,0,0
BRDA:179,88,1,0
BRDA:181,89,0,0
BRDA:181,89,1,0
BRDA:183,90,0,0
BRDA:183,90,1,0
BRDA:185,91,0,0
BRDA:185,91,1,0
BRDA:187,92,0,0
BRDA:187,92,1,0
BRDA:189,93,0,0
BRDA:189,93,1,0
BRDA:191,94,0,0
BRDA:191,94,1,0
BRDA:193,95,0,0
BRDA:193,95,1,0
BRDA:195,96,0,0
BRDA:195,96,1,0
BRDA:197,97,0,0
BRDA:197,97,1,0
BRDA:199,98,0,0
BRDA:199,98,1,0
BRDA:201,99,0,0
BRDA:201,99,1,0
BRDA:203,100,0,0
BRDA:203,100,1,0
BRDA:205,101,0,0
BRDA:205,101,1,0
BRDA:207,102,0,0
BRDA:207,102,1,0
BRDA:209,103,0,0
BRDA:209,103,1,0
BRDA:211,104,0,0
BRDA:211,104,1,0
BRDA:213,105,0,0
BRDA:213,105,1,0
BRDA:215,106,0,0
BRDA:215,106,1,0
BRDA:217,107,0,0
BRDA:217,107,1,0
BRDA:219,108,0,0
BRDA:219,108,1,0
BRDA:221,109,0,0
BRDA:221,109,1,0
BRDA:223,110,0,0
BRDA:223,110,1,0
BRDA:225,111,0,0
BRDA:225,111,1,0
BRDA:227,112,0,0
BRDA:227,112,1,0
BRDA:229,113,0,0
BRDA:229,113,1,0
BRDA:231,114,0,0
BRDA:231,114,1,0
BRDA:233,115,0,0
BRDA:233,115,1,0
BRDA:235,116,0,0
BRDA:235,116,1,0
BRDA:237,117,0,0
BRDA:237,117,1,0
BRDA:239,118,0,0
BRDA:239,118,1,0
BRDA:241,119,0,0
BRDA:241,119,1,0
BRDA:243,120,0,0
BRDA:243,120,1,0
BRDA:245,121,0,0
BRDA:245,121,1,0
BRF:244
BRH:0
end_of_record
